#
# A fatal error has been detected by the Java Runtime Environment:
#
#  SIGSEGV (0xb) at pc=0x0000000108b37380, pid=73898, tid=34055
#
# JRE version: OpenJDK Runtime Environment (17.0.2+8) (build 17.0.2+8-86)
# Java VM: OpenJDK 64-Bit Server VM (17.0.2+8-86, mixed mode, sharing, tiered, compressed oops, compressed class ptrs, g1 gc, bsd-amd64)
# Problematic frame:
# V  [libjvm.dylib+0x9b1380]  _ZN16SystemDictionary30resolve_instance_class_or_nullEP6Symbol6HandleS2_P10JavaThread+0x170
#
# No core dump will be written. Core dumps have been disabled. To enable core dumping, try "ulimit -c unlimited" before starting Java again
#
# If you would like to submit a bug report, please visit:
#   https://bugreport.java.com/bugreport/crash.jsp
#

---------------  S U M M A R Y ------------

Command Line: -javaagent:/Users/nichapat/Library/Application Support/JetBrains/Toolbox/apps/IDEA-U/ch-0/213.5744.223/IntelliJ IDEA.app/Contents/lib/idea_rt.jar=53798:/Users/nichapat/Library/Application Support/JetBrains/Toolbox/apps/IDEA-U/ch-0/213.5744.223/IntelliJ IDEA.app/Contents/bin -Dfile.encoding=UTF-8 --module-path=/Users/nichapat/.m2/repository/org/openjfx/javafx-base/17.0.1/javafx-base-17.0.1-mac.jar:/Users/nichapat/.m2/repository/org/openjfx/javafx-fxml/17.0.1/javafx-fxml-17.0.1-mac.jar:/Users/nichapat/IdeaProjects/demo-covid-19/target/classes:/Users/nichapat/.m2/repository/org/openjfx/javafx-graphics/17.0.1/javafx-graphics-17.0.1-mac.jar:/Users/nichapat/.m2/repository/org/openjfx/javafx-controls/17.0.1/javafx-controls-17.0.1-mac.jar -Djdk.module.main=com.demo.covid19 com.demo.covid19/com.demo.covid19.Main

Host: "MacBookPro14,2" x86_64 3100 MHz, 4 cores, 16G, Darwin 21.3.0, macOS 12.2.1 (21D62)
Time: Fri Apr 15 01:42:50 2022 +07 elapsed time: 61.557675 seconds (0d 0h 1m 1s)

---------------  T H R E A D  ---------------

Current thread (0x00007f821b217000):  JavaThread "Glass/Prism Shutdown Hook" [_thread_in_vm, id=34055, stack(0x0000700005977000,0x0000700005a77000)]

Stack: [0x0000700005977000,0x0000700005a77000],  sp=0x0000700005a76720,  free space=1021k
Native frames: (J=compiled Java code, j=interpreted, Vv=VM code, C=native code)
V  [libjvm.dylib+0x9b1380]  _ZN16SystemDictionary30resolve_instance_class_or_nullEP6Symbol6HandleS2_P10JavaThread+0x170
V  [libjvm.dylib+0x9b0ce4]  _ZN16SystemDictionary15resolve_or_failEP6Symbol6HandleS2_bP10JavaThread+0x64
V  [libjvm.dylib+0x3405d7]  _ZN12ConstantPool13klass_at_implERK18constantPoolHandleiP10JavaThread+0x1a7
V  [libjvm.dylib+0x3411a9]  _ZN12ConstantPool12klass_ref_atEiP10JavaThread+0xa9
V  [libjvm.dylib+0x7139fc]  _ZN8LinkInfoC2ERK18constantPoolHandleiP10JavaThread+0x3c
V  [libjvm.dylib+0x718c3b]  _ZN12LinkResolver21resolve_invokevirtualER8CallInfo6HandleRK18constantPoolHandleiP10JavaThread+0x2b
V  [libjvm.dylib+0x4ff9c9]  _ZN18InterpreterRuntime14resolve_invokeEP10JavaThreadN9Bytecodes4CodeE+0x339
V  [libjvm.dylib+0x500069]  _ZN18InterpreterRuntime18resolve_from_cacheEP10JavaThreadN9Bytecodes4CodeE+0x59
j  com.sun.javafx.tk.quantum.QuantumToolkit$1.run()V+4 javafx.graphics
v  ~StubRoutines::call_stub
V  [libjvm.dylib+0x506501]  _ZN9JavaCalls11call_helperEP9JavaValueRK12methodHandleP17JavaCallArgumentsP10JavaThread+0x2a1
V  [libjvm.dylib+0x505577]  _ZN9JavaCalls12call_virtualEP9JavaValueP5KlassP6SymbolS5_P17JavaCallArgumentsP10JavaThread+0x147
V  [libjvm.dylib+0x505643]  _ZN9JavaCalls12call_virtualEP9JavaValue6HandleP5KlassP6SymbolS6_P10JavaThread+0x63
V  [libjvm.dylib+0x5aefb4]  _ZL12thread_entryP10JavaThreadS0_+0xb4
V  [libjvm.dylib+0x9f4547]  _ZN10JavaThread17thread_main_innerEv+0x147
V  [libjvm.dylib+0x9f295a]  _ZN6Thread8call_runEv+0x11a
V  [libjvm.dylib+0x886758]  _ZL19thread_native_entryP6Thread+0x148
C  [libsystem_pthread.dylib+0x64f4]  _pthread_start+0x7d
C  [libsystem_pthread.dylib+0x200f]  thread_start+0xf

Java frames: (J=compiled Java code, j=interpreted, Vv=VM code)
j  com.sun.javafx.tk.quantum.QuantumToolkit$1.run()V+4 javafx.graphics
v  ~StubRoutines::call_stub

siginfo: si_signo: 11 (SIGSEGV), si_code: 1 (SEGV_MAPERR), si_addr: 0x0000000000000056

Register to memory mapping:

RAX=0xfffffffffffffffe is an unknown value
RBX=0x0000600000e05280 points into unknown readable memory: 0x0000000000000002 | 02 00 00 00 00 00 00 00
RCX=0x0000000108de5906: _ZN16LogTagSetMappingILN6LogTag4typeE81ELS1_0ELS1_0ELS1_0ELS1_0ELS1_0EE7_tagsetE+0x2e in /Users/nichapat/Library/Java/JavaVirtualMachines/openjdk-17.0.2/Contents/Home/lib/server/libjvm.dylib at 0x0000000108186000
RDX=0x0000000800000000 is pointing into metadata
RSP=0x0000700005a76720 is pointing into the stack for thread: 0x00007f821b217000
RBP=0x0000700005a76820 is pointing into the stack for thread: 0x00007f821b217000
RSI=0x00000008000840d8 is a pointer to class: 
jdk.internal.loader.ClassLoaders$AppClassLoader {0x00000008000840d8}
 - instance size:     13
 - klass size:        104
 - access:            synchronized 
 - state:             fully_initialized
 - name:              'jdk/internal/loader/ClassLoaders$AppClassLoader'
 - super:             'jdk/internal/loader/BuiltinClassLoader'
 - sub:               
 - arrays:            NULL
 - methods:           Array<T>(0x000000080066a588)
 - method ordering:   Array<T>(0x000000080066a6d8)
 - default_methods:   Array<T>(0x0000000000000000)
 - local interfaces:  Array<T>(0x00000008005d7608)
 - trans. interfaces: Array<T>(0x00000008005d7608)
 - constants:         constant pool [119] {0x0000000800667d88} for 'jdk/internal/loader/ClassLoaders$AppClassLoader' cache=0x00000008000844f0
 - class loader data:  loader data: 0x0000600002a54500 of 'bootstrap'
 - source file:       'ClassLoaders.java'
 - class annotations:       Array<T>(0x0000000000000000)
 - class type annotations:  Array<T>(0x0000000000000000)
 - field annotations:       Array<T>(0x0000000000000000)
 - field type annotations:  Array<T>(0x0000000000000000)
 - inner classes:     Array<T>(0x000000080066a570)
 - nest members:     Array<T>(0x00000008005d7598)
 - permitted subclasses:     Array<T>(0x00000008005d7598)
 - java mirror:       a 'java/lang/Class'{0x00000007ffd03d90} = 'jdk/internal/loader/ClassLoaders$AppClassLoader'
 - vtable length      43  (start addr: 0x00000008000842a8)
 - itable length      2 (start addr: 0x0000000800084400)
 - ---- static fields (0 words):
 - ---- non-static fields (23 words):
 - private 'defaultAssertionStatus' 'Z' @12 
 - private final 'parent' 'Ljava/lang/ClassLoader;' @24 
 - private final 'name' 'Ljava/lang/String;' @28 
 - private final 'unnamedModule' 'Ljava/lang/Module;' @32 
 - private final 'nameAndId' 'Ljava/lang/String;' @36 
 - private final 'parallelLockMap' 'Ljava/util/concurrent/ConcurrentHashMap;' @40 
 - private final 'package2certs' 'Ljava/util/concurrent/ConcurrentHashMap;' @44 
 - private final 'classes' 'Ljava/util/ArrayList;' @48 
 - private final 'defaultDomain' 'Ljava/security/ProtectionDomain;' @52 
 - private final 'packages' 'Ljava/util/concurrent/ConcurrentHashMap;' @56 
 - private final 'libraries' 'Ljdk/internal/loader/NativeLibraries;' @60 
 - final 'assertionLock' 'Ljava/lang/Object;' @64 
 - private 'packageAssertionStatus' 'Ljava/util/Map;' @68 
 - 'classAssertionStatus' 'Ljava/util/Map;' @72 
 - private volatile 'classLoaderValueMap' 'Ljava/util/concurrent/ConcurrentHashMap;' @76 
 - private final 'pdcache' 'Ljava/util/Map;' @80 
 - private final 'parent' 'Ljdk/internal/loader/BuiltinClassLoader;' @84 
 - private synchronized 'ucp' 'Ljdk/internal/loader/URLClassPath;' @88 
 - private final 'nameToModule' 'Ljava/util/Map;' @92 
 - private final 'moduleToReader' 'Ljava/util/Map;' @96 
 - private volatile 'resourceCache' 'Ljava/lang/ref/SoftReference;' @100 
 - non-static oop maps: 24-100 
RDI=0x00000180000554e7 is an unknown value
R8 =0x0000000700000000 points into unknown readable memory: 0x0000000000000000 | 00 00 00 00 00 00 00 00
R9 =0x00007f821b217000 is a thread
R10=0x0000000108e45f90: _ZN19TemplateInterpreter13_active_tableE+0x4800 in /Users/nichapat/Library/Java/JavaVirtualMachines/openjdk-17.0.2/Contents/Home/lib/server/libjvm.dylib at 0x0000000108186000
R11=0x0 is NULL
R12=0x000060000245d3e0 points into unknown readable memory: 0x000000070fe19918 | 18 99 e1 0f 07 00 00 00
R13=0x000060000245d3d8 points into unknown readable memory: 0x000000070fdfc2c0 | c0 c2 df 0f 07 00 00 00
R14=0x000000070fe19918 is an oop: jdk.internal.loader.ClassLoaders$AppClassLoader 
{0x000000070fe19918} - klass: 'jdk/internal/loader/ClassLoaders$AppClassLoader'
 - ---- fields (total size 13 words):
 - private 'defaultAssertionStatus' 'Z' @12  true (a)
 - private final 'parent' 'Ljava/lang/ClassLoader;' @24  a 'java/lang/Class'{0x000000070f6fa118} = 'com/sun/glass/ui/Screen' (e1edf423)
 - private final 'name' 'Ljava/lang/String;' @28  "app"{0x00000007ffe0bb40} (fffc1768)
 - private final 'unnamedModule' 'Ljava/lang/Module;' @32  a 'java/lang/Module'{0x000000070fe19aa8} (e1fc3355)
 - private final 'nameAndId' 'Ljava/lang/String;' @36  a 'java/lang/invoke/ResolvedMethodName'{0x000000070f40b838} (e1e81707)
 - private final 'parallelLockMap' 'Ljava/util/concurrent/ConcurrentHashMap;' @40  a 'java/util/concurrent/ConcurrentHashMap'{0x000000070fe19ae0} (e1fc335c)
 - private final 'package2certs' 'Ljava/util/concurrent/ConcurrentHashMap;' @44  a 'java/util/concurrent/ConcurrentHashMap'{0x000000070fe19b30} (e1fc3366)
 - private final 'classes' 'Ljava/util/ArrayList;' @48  a 'java/util/ArrayList'{0x000000070fe19980} (e1fc3330)
 - private final 'defaultDomain' 'Ljava/security/ProtectionDomain;' @52  a 'java/security/ProtectionDomain'{0x000000070fe19998} (e1fc3333)
 - private final 'packages' 'Ljava/util/concurrent/ConcurrentHashMap;' @56  a 'java/util/concurrent/ConcurrentHashMap'{0x000000070fe19a08} (e1fc3341)
 - private final 'libraries' 'Ljdk/internal/loader/NativeLibraries;' @60  a 'jdk/internal/loader/NativeLibraries'{0x000000070fe19a48} (e1fc3349)
 - final 'assertionLock' 'Ljava/lang/Object;' @64  a 'java/lang/Object'{0x000000070fe19b20} (e1fc3364)
 - private 'packageAssertionStatus' 'Ljava/util/Map;' @68  NULL (0)
 - 'classAssertionStatus' 'Ljava/util/Map;' @72  NULL (0)
 - private volatile 'classLoaderValueMap' 'Ljava/util/concurrent/ConcurrentHashMap;' @76  a 'java/util/concurrent/ConcurrentHashMap'{0x000000070fe19f18} (e1fc33e3)
 - private final 'pdcache' 'Ljava/util/Map;' @80  a 'java/util/concurrent/ConcurrentHashMap'{0x000000070fe19bd8} (e1fc337b)
 - private final 'parent' 'Ljdk/internal/loader/BuiltinClassLoader;' @84  a 'jdk/internal/loader/ClassLoaders$PlatformClassLoader'{0x000000070fe18568} (e1fc30ad)
 - private synchronized 'ucp' 'Ljdk/internal/loader/URLClassPath;' @88  a 'jdk/internal/loader/URLClassPath'{0x000000070fe18bc0} (e1fc3178)
 - private final 'nameToModule' 'Ljava/util/Map;' @92  a 'java/util/concurrent/ConcurrentHashMap'{0x000000070fe19c18} (e1fc3383)
 - private final 'moduleToReader' 'Ljava/util/Map;' @96  a 'java/util/concurrent/ConcurrentHashMap'{0x000000070fe19c58} (e1fc338b)
 - private volatile 'resourceCache' 'Ljava/lang/ref/SoftReference;' @100  NULL (0)
R15=0x00006000015539f0 points into unknown readable memory: 0x6f630028ff0d0016 | 16 00 0d ff 28 00 63 6f


Registers:
RAX=0xfffffffffffffffe, RBX=0x0000600000e05280, RCX=0x0000000108de5906, RDX=0x0000000800000000
RSP=0x0000700005a76720, RBP=0x0000700005a76820, RSI=0x00000008000840d8, RDI=0x00000180000554e7
R8 =0x0000000700000000, R9 =0x00007f821b217000, R10=0x0000000108e45f90, R11=0x0000000000000000
R12=0x000060000245d3e0, R13=0x000060000245d3d8, R14=0x000000070fe19918, R15=0x00006000015539f0
RIP=0x0000000108b37380, EFLAGS=0x0000000000010207, ERR=0x0000000000000004
  TRAPNO=0x000000000000000e

Top of Stack: (sp=0x0000700005a76720)
0x0000700005a76720:   0000000000000000 00007f821b217000
0x0000700005a76730:   0000600000e05280 000060000245d3b0
0x0000700005a76740:   000060000245d3e0 000060000245d498
0x0000700005a76750:   00000000000000d8 0000700005a76bf0
0x0000700005a76760:   0000000000000000 00007ff80075ad00
0x0000700005a76770:   0000000000000000 0000000000000000
0x0000700005a76780:   0000000000000000 0000000000000000
0x0000700005a76790:   0000000000000000 0000000000000000
0x0000700005a767a0:   0000000000000019 000000000000001f
0x0000700005a767b0:   000060000245d3d8 0000700005a76b68
0x0000700005a767c0:   0000700005a767d0 0000000000000000
0x0000700005a767d0:   0000000108cbde83 00007f821b217000
0x0000700005a767e0:   00007f8200000000 000060000245d3e0
0x0000700005a767f0:   0000000000000000 000060000245d3d0
0x0000700005a76800:   00006000015539f0 000060000245d3d8
0x0000700005a76810:   0000000000000001 00007f821b217000
0x0000700005a76820:   0000700005a76860 0000000108b36ce4
0x0000700005a76830:   0000000108e2801f 000000000000000e
0x0000700005a76840:   0000700005a768d0 000060000245d3d8
0x0000700005a76850:   00007f821b217000 000000070fdfc2c0
0x0000700005a76860:   0000700005a768c0 00000001084c65d7
0x0000700005a76870:   00006000015539f0 0000000000000002
0x0000700005a76880:   000000000000000e 000060000245d3d0
0x0000700005a76890:   0000000e00000000 0000600001b0a4c0
0x0000700005a768a0:   000000000000000e 0000000000000000
0x0000700005a768b0:   00007f821b217000 0000700005a768d0
0x0000700005a768c0:   0000700005a76900 00000001084c71a9
0x0000700005a768d0:   000000012a03feb8 00007f821b217000
0x0000700005a768e0:   0000700005a76958 00007f821b217000
0x0000700005a768f0:   0000700005a76a98 0000000000000002
0x0000700005a76900:   0000700005a76940 00000001088999fc
0x0000700005a76910:   0000000800454068 0000700005a769a8 

Instructions: (pc=0x0000000108b37380)
0x0000000108b37280:   9c 13 b6 ff 48 85 c0 4c 89 65 b8 75 19 e9 c7 00
0x0000000108b37290:   00 00 31 ff e8 87 13 b6 ff 48 85 c0 4c 89 65 b8
0x0000000108b372a0:   0f 84 b3 00 00 00 49 89 c6 49 8b 9c 24 38 02 00
0x0000000108b372b0:   00 4c 8b 63 18 49 83 fc f8 72 18 48 8d 15 eb 20
0x0000000108b372c0:   13 00 be 08 00 00 00 48 89 df e8 81 97 7a ff 4c
0x0000000108b372d0:   8b 63 18 49 8d 44 24 08 48 3b 43 20 76 6e be 08
0x0000000108b372e0:   00 00 00 48 89 df 31 d2 e8 93 97 7a ff 49 89 c4
0x0000000108b372f0:   4d 89 34 24 4d 85 e4 74 60 4c 89 f7 31 f6 e8 cd
0x0000000108b37300:   55 ec ff 84 c0 75 26 48 8d 3d 67 29 19 00 48 8d
0x0000000108b37310:   15 a1 29 19 00 48 8d 0d da 29 19 00 be 23 00 00
0x0000000108b37320:   00 31 c0 e8 48 ed 99 ff e8 63 50 ed ff 49 8b 3c
0x0000000108b37330:   24 e8 7a 0f b6 ff 48 85 c0 4c 89 65 c8 0f 84 ef
0x0000000108b37340:   01 00 00 c7 45 c0 00 00 00 00 eb 22 48 89 43 18
0x0000000108b37350:   4d 89 34 24 4d 85 e4 75 a0 48 8d 05 90 55 2e 00
0x0000000108b37360:   48 8b 00 b1 01 89 4d c0 31 c9 48 89 4d c8 48 8d
0x0000000108b37370:   0d e7 e5 2a 00 8a 09 80 c1 03 4c 89 ff 48 d3 ef
0x0000000108b37380:   4c 8b 68 58 41 8b 0f 49 89 c4 41 8b 57 04 c1 e2
0x0000000108b37390:   08 41 0f b6 77 06 c1 e6 08 45 0f b6 77 07 41 09
0x0000000108b373a0:   f6 41 31 d6 41 31 fe 41 0f a4 ce 10 4c 89 ef 44
0x0000000108b373b0:   89 f6 4c 89 fa 48 8b 4d 90 e8 02 d9 a0 ff 48 89
0x0000000108b373c0:   c3 48 85 c0 0f 85 88 03 00 00 4c 89 6d a8 4c 89
0x0000000108b373d0:   65 b0 80 7d c0 00 74 04 31 f6 eb 20 48 8d 05 73
0x0000000108b373e0:   de 2e 00 80 38 00 4c 8b 65 c8 75 0d 49 8b 3c 24
0x0000000108b373f0:   e8 3b 11 b6 ff 84 c0 75 df 4c 89 e6 48 8b 5d b8
0x0000000108b37400:   4d 89 fc 48 8d bd 40 ff ff ff 48 89 b5 58 ff ff
0x0000000108b37410:   ff 48 89 da e8 a7 ca ff ff 48 8d 05 b0 ff 2f 00
0x0000000108b37420:   4c 8b 28 4d 85 ed 74 0b 4c 89 ef 48 89 de e8 3d
0x0000000108b37430:   3b ea ff 48 8b 7d a8 44 89 f6 4c 89 e2 e8 3e d9
0x0000000108b37440:   a0 ff 48 85 c0 48 89 45 c0 0f 84 f9 00 00 00 48
0x0000000108b37450:   89 c2 31 f6 45 31 ff 4d 85 ed 74 12 4c 89 ef 48
0x0000000108b37460:   89 f3 e8 99 3c ea ff 48 89 de 48 8b 55 c0 45 84
0x0000000108b37470:   ff 4c 8b 6d b8 4d 89 e7 74 28 4c 89 ff 48 8b 55 


Stack slot to memory mapping:
stack at sp + 0 slots: 0x0 is NULL
stack at sp + 1 slots: 0x00007f821b217000 is a thread
stack at sp + 2 slots: 0x0000600000e05280 points into unknown readable memory: 0x0000000000000002 | 02 00 00 00 00 00 00 00
stack at sp + 3 slots: 0x000060000245d3b0 points into unknown readable memory: 0x0000000000000000 | 00 00 00 00 00 00 00 00
stack at sp + 4 slots: 0x000060000245d3e0 points into unknown readable memory: 0x000000070fe19918 | 18 99 e1 0f 07 00 00 00
stack at sp + 5 slots: 0x000060000245d498 points into unknown readable memory: 0x0000000000000000 | 00 00 00 00 00 00 00 00
stack at sp + 6 slots: 0x00000000000000d8 is an unknown value
stack at sp + 7 slots: 0x0000700005a76bf0 is pointing into the stack for thread: 0x00007f821b217000


---------------  P R O C E S S  ---------------

Threads class SMR info:
_java_thread_list=0x0000600001b0a900, length=18, elements={
0x00007f821b008800, 0x00007f821b808800, 0x00007f821b819800, 0x00007f821a841000,
0x00007f821985a800, 0x00007f821a841600, 0x00007f821b070000, 0x00007f821985bc00,
0x00007f821a841c00, 0x00007f821985c200, 0x00007f821b81e600, 0x00007f8219811800,
0x00007f821b8d7000, 0x00007f821b215a00, 0x00007f821a95e400, 0x00007f8219965400,
0x00007f821b25c800, 0x00007f821b217000
}

Java Threads: ( => current thread )
  0x00007f821b008800 JavaThread "main" [_thread_blocked, id=10243, stack(0x000070000422c000,0x000070000432c000)]
  0x00007f821b808800 JavaThread "Reference Handler" daemon [_thread_blocked, id=18179, stack(0x0000700004941000,0x0000700004a41000)]
  0x00007f821b819800 JavaThread "Finalizer" daemon [_thread_blocked, id=17667, stack(0x0000700004a44000,0x0000700004b44000)]
  0x00007f821a841000 JavaThread "Signal Dispatcher" daemon [_thread_blocked, id=23043, stack(0x0000700004c4d000,0x0000700004d4d000)]
  0x00007f821985a800 JavaThread "Service Thread" daemon [_thread_blocked, id=42499, stack(0x0000700004d50000,0x0000700004e50000)]
  0x00007f821a841600 JavaThread "Monitor Deflation Thread" daemon [_thread_blocked, id=41987, stack(0x0000700004e53000,0x0000700004f53000)]
  0x00007f821b070000 JavaThread "C2 CompilerThread0" daemon [_thread_blocked, id=23555, stack(0x0000700004f56000,0x0000700005056000)]
  0x00007f821985bc00 JavaThread "C1 CompilerThread0" daemon [_thread_blocked, id=23811, stack(0x0000700005059000,0x0000700005159000)]
  0x00007f821a841c00 JavaThread "Sweeper thread" daemon [_thread_blocked, id=24323, stack(0x000070000515c000,0x000070000525c000)]
  0x00007f821985c200 JavaThread "Common-Cleaner" daemon [_thread_blocked, id=24835, stack(0x000070000525f000,0x000070000535f000)]
  0x00007f821b81e600 JavaThread "Monitor Ctrl-Break" daemon [_thread_in_native, id=40707, stack(0x0000700005465000,0x0000700005565000)]
  0x00007f8219811800 JavaThread "Notification Thread" daemon [_thread_blocked, id=40451, stack(0x0000700005568000,0x0000700005668000)]
  0x00007f821b8d7000 JavaThread "QuantumRenderer-0" daemon [_thread_blocked, id=26115, stack(0x000070000576e000,0x000070000586e000)]
  0x00007f821b215a00 JavaThread "InvokeLaterDispatcher" daemon [_thread_blocked, id=41231, stack(0x0000700005362000,0x0000700005462000)]
  0x00007f821a95e400 JavaThread "Thread-1" [_thread_in_native, id=259, stack(0x00007ff7b93bd000,0x00007ff7b9bbd000)]
  0x00007f8219965400 JavaThread "Attach Listener" daemon [_thread_blocked, id=60175, stack(0x0000700005c03000,0x0000700005d03000)]
  0x00007f821b25c800 JavaThread "SIGINT handler" daemon [_thread_blocked, id=22535, stack(0x0000700004b47000,0x0000700004c47000)]
=>0x00007f821b217000 JavaThread "Glass/Prism Shutdown Hook" [_thread_in_vm, id=34055, stack(0x0000700005977000,0x0000700005a77000)]

Other Threads:
  0x00007f821a007010 VMThread "VM Thread" [stack: 0x000070000483e000,0x000070000493e000] [id=16643]
  0x00007f821a114e50 WatcherThread [stack: 0x000070000566b000,0x000070000576b000] [id=40195]
  0x00007f821a107120 GCTaskThread "GC Thread#0" [stack: 0x000070000432f000,0x000070000442f000] [id=12803]
  0x00007f821a304f80 ConcurrentGCThread "G1 Main Marker" [stack: 0x0000700004432000,0x0000700004532000] [id=13059]
  0x00007f821a004d00 ConcurrentGCThread "G1 Conc#0" [stack: 0x0000700004535000,0x0000700004635000] [id=19971]
  0x00007f821a006560 ConcurrentGCThread "G1 Refine#0" [stack: 0x0000700004638000,0x0000700004738000] [id=14595]
  0x00007f821a305800 ConcurrentGCThread "G1 Service" [stack: 0x000070000473b000,0x000070000483b000] [id=15107]

Threads with active compile tasks:

VM state: not at safepoint (normal execution)

VM Mutex/Monitor currently owned by a thread: None

Heap address: 0x0000000700000000, size: 4096 MB, Compressed Oops mode: Zero based, Oop shift amount: 3

CDS archive(s) mapped at: [0x0000000800000000-0x0000000800bd4000-0x0000000800bd4000), size 12402688, SharedBaseAddress: 0x0000000800000000, ArchiveRelocationMode: 0.
Compressed class space mapped at: 0x0000000800c00000-0x0000000840c00000, reserved size: 1073741824
Narrow klass base: 0x0000000800000000, Narrow klass shift: 0, Narrow klass range: 0x100000000

GC Precious Log:
 CPUs: 4 total, 4 available
 Memory: 16384M
 Large Page Support: Disabled
 NUMA Support: Disabled
 Compressed Oops: Enabled (Zero based)
 Heap Region Size: 2M
 Heap Min Capacity: 8M
 Heap Initial Capacity: 256M
 Heap Max Capacity: 4G
 Pre-touch: Disabled
 Parallel Workers: 4
 Concurrent Workers: 1
 Concurrent Refinement Workers: 4
 Periodic GC: Disabled

Heap:
 garbage-first heap   total 266240K, used 12244K [0x0000000700000000, 0x0000000800000000)
  region size 2048K, 6 young (12288K), 0 survivors (0K)
 Metaspace       used 3509K, committed 3776K, reserved 1056768K
  class space    used 383K, committed 512K, reserved 1048576K

Heap Regions: E=young(eden), S=young(survivor), O=old, HS=humongous(starts), HC=humongous(continues), CS=collection set, F=free, OA=open archive, CA=closed archive, TAMS=top-at-mark-start (previous, next)
|   0|0x0000000700000000, 0x0000000700000000, 0x0000000700200000|  0%| F|  |TAMS 0x0000000700000000, 0x0000000700000000| Untracked 
|   1|0x0000000700200000, 0x0000000700200000, 0x0000000700400000|  0%| F|  |TAMS 0x0000000700200000, 0x0000000700200000| Untracked 
|   2|0x0000000700400000, 0x0000000700400000, 0x0000000700600000|  0%| F|  |TAMS 0x0000000700400000, 0x0000000700400000| Untracked 
|   3|0x0000000700600000, 0x0000000700600000, 0x0000000700800000|  0%| F|  |TAMS 0x0000000700600000, 0x0000000700600000| Untracked 
|   4|0x0000000700800000, 0x0000000700800000, 0x0000000700a00000|  0%| F|  |TAMS 0x0000000700800000, 0x0000000700800000| Untracked 
|   5|0x0000000700a00000, 0x0000000700a00000, 0x0000000700c00000|  0%| F|  |TAMS 0x0000000700a00000, 0x0000000700a00000| Untracked 
|   6|0x0000000700c00000, 0x0000000700c00000, 0x0000000700e00000|  0%| F|  |TAMS 0x0000000700c00000, 0x0000000700c00000| Untracked 
|   7|0x0000000700e00000, 0x0000000700e00000, 0x0000000701000000|  0%| F|  |TAMS 0x0000000700e00000, 0x0000000700e00000| Untracked 
|   8|0x0000000701000000, 0x0000000701000000, 0x0000000701200000|  0%| F|  |TAMS 0x0000000701000000, 0x0000000701000000| Untracked 
|   9|0x0000000701200000, 0x0000000701200000, 0x0000000701400000|  0%| F|  |TAMS 0x0000000701200000, 0x0000000701200000| Untracked 
|  10|0x0000000701400000, 0x0000000701400000, 0x0000000701600000|  0%| F|  |TAMS 0x0000000701400000, 0x0000000701400000| Untracked 
|  11|0x0000000701600000, 0x0000000701600000, 0x0000000701800000|  0%| F|  |TAMS 0x0000000701600000, 0x0000000701600000| Untracked 
|  12|0x0000000701800000, 0x0000000701800000, 0x0000000701a00000|  0%| F|  |TAMS 0x0000000701800000, 0x0000000701800000| Untracked 
|  13|0x0000000701a00000, 0x0000000701a00000, 0x0000000701c00000|  0%| F|  |TAMS 0x0000000701a00000, 0x0000000701a00000| Untracked 
|  14|0x0000000701c00000, 0x0000000701c00000, 0x0000000701e00000|  0%| F|  |TAMS 0x0000000701c00000, 0x0000000701c00000| Untracked 
|  15|0x0000000701e00000, 0x0000000701e00000, 0x0000000702000000|  0%| F|  |TAMS 0x0000000701e00000, 0x0000000701e00000| Untracked 
|  16|0x0000000702000000, 0x0000000702000000, 0x0000000702200000|  0%| F|  |TAMS 0x0000000702000000, 0x0000000702000000| Untracked 
|  17|0x0000000702200000, 0x0000000702200000, 0x0000000702400000|  0%| F|  |TAMS 0x0000000702200000, 0x0000000702200000| Untracked 
|  18|0x0000000702400000, 0x0000000702400000, 0x0000000702600000|  0%| F|  |TAMS 0x0000000702400000, 0x0000000702400000| Untracked 
|  19|0x0000000702600000, 0x0000000702600000, 0x0000000702800000|  0%| F|  |TAMS 0x0000000702600000, 0x0000000702600000| Untracked 
|  20|0x0000000702800000, 0x0000000702800000, 0x0000000702a00000|  0%| F|  |TAMS 0x0000000702800000, 0x0000000702800000| Untracked 
|  21|0x0000000702a00000, 0x0000000702a00000, 0x0000000702c00000|  0%| F|  |TAMS 0x0000000702a00000, 0x0000000702a00000| Untracked 
|  22|0x0000000702c00000, 0x0000000702c00000, 0x0000000702e00000|  0%| F|  |TAMS 0x0000000702c00000, 0x0000000702c00000| Untracked 
|  23|0x0000000702e00000, 0x0000000702e00000, 0x0000000703000000|  0%| F|  |TAMS 0x0000000702e00000, 0x0000000702e00000| Untracked 
|  24|0x0000000703000000, 0x0000000703000000, 0x0000000703200000|  0%| F|  |TAMS 0x0000000703000000, 0x0000000703000000| Untracked 
|  25|0x0000000703200000, 0x0000000703200000, 0x0000000703400000|  0%| F|  |TAMS 0x0000000703200000, 0x0000000703200000| Untracked 
|  26|0x0000000703400000, 0x0000000703400000, 0x0000000703600000|  0%| F|  |TAMS 0x0000000703400000, 0x0000000703400000| Untracked 
|  27|0x0000000703600000, 0x0000000703600000, 0x0000000703800000|  0%| F|  |TAMS 0x0000000703600000, 0x0000000703600000| Untracked 
|  28|0x0000000703800000, 0x0000000703800000, 0x0000000703a00000|  0%| F|  |TAMS 0x0000000703800000, 0x0000000703800000| Untracked 
|  29|0x0000000703a00000, 0x0000000703a00000, 0x0000000703c00000|  0%| F|  |TAMS 0x0000000703a00000, 0x0000000703a00000| Untracked 
|  30|0x0000000703c00000, 0x0000000703c00000, 0x0000000703e00000|  0%| F|  |TAMS 0x0000000703c00000, 0x0000000703c00000| Untracked 
|  31|0x0000000703e00000, 0x0000000703e00000, 0x0000000704000000|  0%| F|  |TAMS 0x0000000703e00000, 0x0000000703e00000| Untracked 
|  32|0x0000000704000000, 0x0000000704000000, 0x0000000704200000|  0%| F|  |TAMS 0x0000000704000000, 0x0000000704000000| Untracked 
|  33|0x0000000704200000, 0x0000000704200000, 0x0000000704400000|  0%| F|  |TAMS 0x0000000704200000, 0x0000000704200000| Untracked 
|  34|0x0000000704400000, 0x0000000704400000, 0x0000000704600000|  0%| F|  |TAMS 0x0000000704400000, 0x0000000704400000| Untracked 
|  35|0x0000000704600000, 0x0000000704600000, 0x0000000704800000|  0%| F|  |TAMS 0x0000000704600000, 0x0000000704600000| Untracked 
|  36|0x0000000704800000, 0x0000000704800000, 0x0000000704a00000|  0%| F|  |TAMS 0x0000000704800000, 0x0000000704800000| Untracked 
|  37|0x0000000704a00000, 0x0000000704a00000, 0x0000000704c00000|  0%| F|  |TAMS 0x0000000704a00000, 0x0000000704a00000| Untracked 
|  38|0x0000000704c00000, 0x0000000704c00000, 0x0000000704e00000|  0%| F|  |TAMS 0x0000000704c00000, 0x0000000704c00000| Untracked 
|  39|0x0000000704e00000, 0x0000000704e00000, 0x0000000705000000|  0%| F|  |TAMS 0x0000000704e00000, 0x0000000704e00000| Untracked 
|  40|0x0000000705000000, 0x0000000705000000, 0x0000000705200000|  0%| F|  |TAMS 0x0000000705000000, 0x0000000705000000| Untracked 
|  41|0x0000000705200000, 0x0000000705200000, 0x0000000705400000|  0%| F|  |TAMS 0x0000000705200000, 0x0000000705200000| Untracked 
|  42|0x0000000705400000, 0x0000000705400000, 0x0000000705600000|  0%| F|  |TAMS 0x0000000705400000, 0x0000000705400000| Untracked 
|  43|0x0000000705600000, 0x0000000705600000, 0x0000000705800000|  0%| F|  |TAMS 0x0000000705600000, 0x0000000705600000| Untracked 
|  44|0x0000000705800000, 0x0000000705800000, 0x0000000705a00000|  0%| F|  |TAMS 0x0000000705800000, 0x0000000705800000| Untracked 
|  45|0x0000000705a00000, 0x0000000705a00000, 0x0000000705c00000|  0%| F|  |TAMS 0x0000000705a00000, 0x0000000705a00000| Untracked 
|  46|0x0000000705c00000, 0x0000000705c00000, 0x0000000705e00000|  0%| F|  |TAMS 0x0000000705c00000, 0x0000000705c00000| Untracked 
|  47|0x0000000705e00000, 0x0000000705e00000, 0x0000000706000000|  0%| F|  |TAMS 0x0000000705e00000, 0x0000000705e00000| Untracked 
|  48|0x0000000706000000, 0x0000000706000000, 0x0000000706200000|  0%| F|  |TAMS 0x0000000706000000, 0x0000000706000000| Untracked 
|  49|0x0000000706200000, 0x0000000706200000, 0x0000000706400000|  0%| F|  |TAMS 0x0000000706200000, 0x0000000706200000| Untracked 
|  50|0x0000000706400000, 0x0000000706400000, 0x0000000706600000|  0%| F|  |TAMS 0x0000000706400000, 0x0000000706400000| Untracked 
|  51|0x0000000706600000, 0x0000000706600000, 0x0000000706800000|  0%| F|  |TAMS 0x0000000706600000, 0x0000000706600000| Untracked 
|  52|0x0000000706800000, 0x0000000706800000, 0x0000000706a00000|  0%| F|  |TAMS 0x0000000706800000, 0x0000000706800000| Untracked 
|  53|0x0000000706a00000, 0x0000000706a00000, 0x0000000706c00000|  0%| F|  |TAMS 0x0000000706a00000, 0x0000000706a00000| Untracked 
|  54|0x0000000706c00000, 0x0000000706c00000, 0x0000000706e00000|  0%| F|  |TAMS 0x0000000706c00000, 0x0000000706c00000| Untracked 
|  55|0x0000000706e00000, 0x0000000706e00000, 0x0000000707000000|  0%| F|  |TAMS 0x0000000706e00000, 0x0000000706e00000| Untracked 
|  56|0x0000000707000000, 0x0000000707000000, 0x0000000707200000|  0%| F|  |TAMS 0x0000000707000000, 0x0000000707000000| Untracked 
|  57|0x0000000707200000, 0x0000000707200000, 0x0000000707400000|  0%| F|  |TAMS 0x0000000707200000, 0x0000000707200000| Untracked 
|  58|0x0000000707400000, 0x0000000707400000, 0x0000000707600000|  0%| F|  |TAMS 0x0000000707400000, 0x0000000707400000| Untracked 
|  59|0x0000000707600000, 0x0000000707600000, 0x0000000707800000|  0%| F|  |TAMS 0x0000000707600000, 0x0000000707600000| Untracked 
|  60|0x0000000707800000, 0x0000000707800000, 0x0000000707a00000|  0%| F|  |TAMS 0x0000000707800000, 0x0000000707800000| Untracked 
|  61|0x0000000707a00000, 0x0000000707a00000, 0x0000000707c00000|  0%| F|  |TAMS 0x0000000707a00000, 0x0000000707a00000| Untracked 
|  62|0x0000000707c00000, 0x0000000707c00000, 0x0000000707e00000|  0%| F|  |TAMS 0x0000000707c00000, 0x0000000707c00000| Untracked 
|  63|0x0000000707e00000, 0x0000000707e00000, 0x0000000708000000|  0%| F|  |TAMS 0x0000000707e00000, 0x0000000707e00000| Untracked 
|  64|0x0000000708000000, 0x0000000708000000, 0x0000000708200000|  0%| F|  |TAMS 0x0000000708000000, 0x0000000708000000| Untracked 
|  65|0x0000000708200000, 0x0000000708200000, 0x0000000708400000|  0%| F|  |TAMS 0x0000000708200000, 0x0000000708200000| Untracked 
|  66|0x0000000708400000, 0x0000000708400000, 0x0000000708600000|  0%| F|  |TAMS 0x0000000708400000, 0x0000000708400000| Untracked 
|  67|0x0000000708600000, 0x0000000708600000, 0x0000000708800000|  0%| F|  |TAMS 0x0000000708600000, 0x0000000708600000| Untracked 
|  68|0x0000000708800000, 0x0000000708800000, 0x0000000708a00000|  0%| F|  |TAMS 0x0000000708800000, 0x0000000708800000| Untracked 
|  69|0x0000000708a00000, 0x0000000708a00000, 0x0000000708c00000|  0%| F|  |TAMS 0x0000000708a00000, 0x0000000708a00000| Untracked 
|  70|0x0000000708c00000, 0x0000000708c00000, 0x0000000708e00000|  0%| F|  |TAMS 0x0000000708c00000, 0x0000000708c00000| Untracked 
|  71|0x0000000708e00000, 0x0000000708e00000, 0x0000000709000000|  0%| F|  |TAMS 0x0000000708e00000, 0x0000000708e00000| Untracked 
|  72|0x0000000709000000, 0x0000000709000000, 0x0000000709200000|  0%| F|  |TAMS 0x0000000709000000, 0x0000000709000000| Untracked 
|  73|0x0000000709200000, 0x0000000709200000, 0x0000000709400000|  0%| F|  |TAMS 0x0000000709200000, 0x0000000709200000| Untracked 
|  74|0x0000000709400000, 0x0000000709400000, 0x0000000709600000|  0%| F|  |TAMS 0x0000000709400000, 0x0000000709400000| Untracked 
|  75|0x0000000709600000, 0x0000000709600000, 0x0000000709800000|  0%| F|  |TAMS 0x0000000709600000, 0x0000000709600000| Untracked 
|  76|0x0000000709800000, 0x0000000709800000, 0x0000000709a00000|  0%| F|  |TAMS 0x0000000709800000, 0x0000000709800000| Untracked 
|  77|0x0000000709a00000, 0x0000000709a00000, 0x0000000709c00000|  0%| F|  |TAMS 0x0000000709a00000, 0x0000000709a00000| Untracked 
|  78|0x0000000709c00000, 0x0000000709c00000, 0x0000000709e00000|  0%| F|  |TAMS 0x0000000709c00000, 0x0000000709c00000| Untracked 
|  79|0x0000000709e00000, 0x0000000709e00000, 0x000000070a000000|  0%| F|  |TAMS 0x0000000709e00000, 0x0000000709e00000| Untracked 
|  80|0x000000070a000000, 0x000000070a000000, 0x000000070a200000|  0%| F|  |TAMS 0x000000070a000000, 0x000000070a000000| Untracked 
|  81|0x000000070a200000, 0x000000070a200000, 0x000000070a400000|  0%| F|  |TAMS 0x000000070a200000, 0x000000070a200000| Untracked 
|  82|0x000000070a400000, 0x000000070a400000, 0x000000070a600000|  0%| F|  |TAMS 0x000000070a400000, 0x000000070a400000| Untracked 
|  83|0x000000070a600000, 0x000000070a600000, 0x000000070a800000|  0%| F|  |TAMS 0x000000070a600000, 0x000000070a600000| Untracked 
|  84|0x000000070a800000, 0x000000070a800000, 0x000000070aa00000|  0%| F|  |TAMS 0x000000070a800000, 0x000000070a800000| Untracked 
|  85|0x000000070aa00000, 0x000000070aa00000, 0x000000070ac00000|  0%| F|  |TAMS 0x000000070aa00000, 0x000000070aa00000| Untracked 
|  86|0x000000070ac00000, 0x000000070ac00000, 0x000000070ae00000|  0%| F|  |TAMS 0x000000070ac00000, 0x000000070ac00000| Untracked 
|  87|0x000000070ae00000, 0x000000070ae00000, 0x000000070b000000|  0%| F|  |TAMS 0x000000070ae00000, 0x000000070ae00000| Untracked 
|  88|0x000000070b000000, 0x000000070b000000, 0x000000070b200000|  0%| F|  |TAMS 0x000000070b000000, 0x000000070b000000| Untracked 
|  89|0x000000070b200000, 0x000000070b200000, 0x000000070b400000|  0%| F|  |TAMS 0x000000070b200000, 0x000000070b200000| Untracked 
|  90|0x000000070b400000, 0x000000070b400000, 0x000000070b600000|  0%| F|  |TAMS 0x000000070b400000, 0x000000070b400000| Untracked 
|  91|0x000000070b600000, 0x000000070b600000, 0x000000070b800000|  0%| F|  |TAMS 0x000000070b600000, 0x000000070b600000| Untracked 
|  92|0x000000070b800000, 0x000000070b800000, 0x000000070ba00000|  0%| F|  |TAMS 0x000000070b800000, 0x000000070b800000| Untracked 
|  93|0x000000070ba00000, 0x000000070ba00000, 0x000000070bc00000|  0%| F|  |TAMS 0x000000070ba00000, 0x000000070ba00000| Untracked 
|  94|0x000000070bc00000, 0x000000070bc00000, 0x000000070be00000|  0%| F|  |TAMS 0x000000070bc00000, 0x000000070bc00000| Untracked 
|  95|0x000000070be00000, 0x000000070be00000, 0x000000070c000000|  0%| F|  |TAMS 0x000000070be00000, 0x000000070be00000| Untracked 
|  96|0x000000070c000000, 0x000000070c000000, 0x000000070c200000|  0%| F|  |TAMS 0x000000070c000000, 0x000000070c000000| Untracked 
|  97|0x000000070c200000, 0x000000070c200000, 0x000000070c400000|  0%| F|  |TAMS 0x000000070c200000, 0x000000070c200000| Untracked 
|  98|0x000000070c400000, 0x000000070c400000, 0x000000070c600000|  0%| F|  |TAMS 0x000000070c400000, 0x000000070c400000| Untracked 
|  99|0x000000070c600000, 0x000000070c600000, 0x000000070c800000|  0%| F|  |TAMS 0x000000070c600000, 0x000000070c600000| Untracked 
| 100|0x000000070c800000, 0x000000070c800000, 0x000000070ca00000|  0%| F|  |TAMS 0x000000070c800000, 0x000000070c800000| Untracked 
| 101|0x000000070ca00000, 0x000000070ca00000, 0x000000070cc00000|  0%| F|  |TAMS 0x000000070ca00000, 0x000000070ca00000| Untracked 
| 102|0x000000070cc00000, 0x000000070cc00000, 0x000000070ce00000|  0%| F|  |TAMS 0x000000070cc00000, 0x000000070cc00000| Untracked 
| 103|0x000000070ce00000, 0x000000070ce00000, 0x000000070d000000|  0%| F|  |TAMS 0x000000070ce00000, 0x000000070ce00000| Untracked 
| 104|0x000000070d000000, 0x000000070d000000, 0x000000070d200000|  0%| F|  |TAMS 0x000000070d000000, 0x000000070d000000| Untracked 
| 105|0x000000070d200000, 0x000000070d200000, 0x000000070d400000|  0%| F|  |TAMS 0x000000070d200000, 0x000000070d200000| Untracked 
| 106|0x000000070d400000, 0x000000070d400000, 0x000000070d600000|  0%| F|  |TAMS 0x000000070d400000, 0x000000070d400000| Untracked 
| 107|0x000000070d600000, 0x000000070d600000, 0x000000070d800000|  0%| F|  |TAMS 0x000000070d600000, 0x000000070d600000| Untracked 
| 108|0x000000070d800000, 0x000000070d800000, 0x000000070da00000|  0%| F|  |TAMS 0x000000070d800000, 0x000000070d800000| Untracked 
| 109|0x000000070da00000, 0x000000070da00000, 0x000000070dc00000|  0%| F|  |TAMS 0x000000070da00000, 0x000000070da00000| Untracked 
| 110|0x000000070dc00000, 0x000000070dc00000, 0x000000070de00000|  0%| F|  |TAMS 0x000000070dc00000, 0x000000070dc00000| Untracked 
| 111|0x000000070de00000, 0x000000070de00000, 0x000000070e000000|  0%| F|  |TAMS 0x000000070de00000, 0x000000070de00000| Untracked 
| 112|0x000000070e000000, 0x000000070e000000, 0x000000070e200000|  0%| F|  |TAMS 0x000000070e000000, 0x000000070e000000| Untracked 
| 113|0x000000070e200000, 0x000000070e200000, 0x000000070e400000|  0%| F|  |TAMS 0x000000070e200000, 0x000000070e200000| Untracked 
| 114|0x000000070e400000, 0x000000070e400000, 0x000000070e600000|  0%| F|  |TAMS 0x000000070e400000, 0x000000070e400000| Untracked 
| 115|0x000000070e600000, 0x000000070e600000, 0x000000070e800000|  0%| F|  |TAMS 0x000000070e600000, 0x000000070e600000| Untracked 
| 116|0x000000070e800000, 0x000000070e800000, 0x000000070ea00000|  0%| F|  |TAMS 0x000000070e800000, 0x000000070e800000| Untracked 
| 117|0x000000070ea00000, 0x000000070ea00000, 0x000000070ec00000|  0%| F|  |TAMS 0x000000070ea00000, 0x000000070ea00000| Untracked 
| 118|0x000000070ec00000, 0x000000070ec00000, 0x000000070ee00000|  0%| F|  |TAMS 0x000000070ec00000, 0x000000070ec00000| Untracked 
| 119|0x000000070ee00000, 0x000000070ee00000, 0x000000070f000000|  0%| F|  |TAMS 0x000000070ee00000, 0x000000070ee00000| Untracked 
| 120|0x000000070f000000, 0x000000070f000000, 0x000000070f200000|  0%| F|  |TAMS 0x000000070f000000, 0x000000070f000000| Untracked 
| 121|0x000000070f200000, 0x000000070f200000, 0x000000070f400000|  0%| F|  |TAMS 0x000000070f200000, 0x000000070f200000| Untracked 
| 122|0x000000070f400000, 0x000000070f5ec708, 0x000000070f600000| 96%| E|  |TAMS 0x000000070f400000, 0x000000070f400000| Complete 
| 123|0x000000070f600000, 0x000000070f800000, 0x000000070f800000|100%| E|CS|TAMS 0x000000070f600000, 0x000000070f600000| Complete 
| 124|0x000000070f800000, 0x000000070fa00000, 0x000000070fa00000|100%| E|CS|TAMS 0x000000070f800000, 0x000000070f800000| Complete 
| 125|0x000000070fa00000, 0x000000070fc00000, 0x000000070fc00000|100%| E|CS|TAMS 0x000000070fa00000, 0x000000070fa00000| Complete 
| 126|0x000000070fc00000, 0x000000070fe00000, 0x000000070fe00000|100%| E|CS|TAMS 0x000000070fc00000, 0x000000070fc00000| Complete 
| 127|0x000000070fe00000, 0x0000000710000000, 0x0000000710000000|100%| E|CS|TAMS 0x000000070fe00000, 0x000000070fe00000| Complete 
|2046|0x00000007ffc00000, 0x00000007ffd76000, 0x00000007ffe00000| 73%|OA|  |TAMS 0x00000007ffc00000, 0x00000007ffc00000| Untracked 
|2047|0x00000007ffe00000, 0x00000007ffe7f000, 0x0000000800000000| 24%|CA|  |TAMS 0x00000007ffe00000, 0x00000007ffe00000| Untracked 

Card table byte_map: [0x0000000106f46000,0x0000000107746000] _byte_map_base: 0x0000000103746000

Marking Bits (Prev, Next): (CMBitMap*) 0x00007f8219812010, (CMBitMap*) 0x00007f8219812050
 Prev Bits: [0x000000011f969000, 0x0000000123969000)
 Next Bits: [0x0000000123969000, 0x0000000127969000)

Polling page: 0x000000010646a000

Metaspace:

Usage:
  Non-class:      3.05 MB used.
      Class:    383.01 KB used.
       Both:      3.43 MB used.

Virtual space:
  Non-class space:        8.00 MB reserved,       3.19 MB ( 40%) committed,  1 nodes.
      Class space:        1.00 GB reserved,     512.00 KB ( <1%) committed,  1 nodes.
             Both:        1.01 GB reserved,       3.69 MB ( <1%) committed. 

Chunk freelists:
   Non-Class:  2.87 MB
       Class:  3.54 MB
        Both:  6.41 MB

MaxMetaspaceSize: unlimited
CompressedClassSpaceSize: 1.00 GB
Initial GC threshold: 21.00 MB
Current GC threshold: 21.00 MB
CDS: on
MetaspaceReclaimPolicy: balanced
 - commit_granule_bytes: 65536.
 - commit_granule_words: 8192.
 - virtual_space_node_default_size: 1048576.
 - enlarge_chunks_in_place: 1.
 - new_chunks_are_fully_committed: 0.
 - uncommit_free_chunks: 1.
 - use_allocation_guard: 0.
 - handle_deallocations: 1.


Internal statistics:

num_allocs_failed_limit: 0.
num_arena_births: 76.
num_arena_deaths: 0.
num_vsnodes_births: 2.
num_vsnodes_deaths: 0.
num_space_committed: 59.
num_space_uncommitted: 0.
num_chunks_returned_to_freelist: 0.
num_chunks_taken_from_freelist: 153.
num_chunk_merges: 0.
num_chunk_splits: 98.
num_chunks_enlarged: 66.
num_purges: 0.
num_inconsistent_stats: 0.

CodeHeap 'non-profiled nmethods': size=120032Kb used=235Kb max_used=235Kb free=119796Kb
 bounds [0x0000000118431000, 0x00000001186a1000, 0x000000011f969000]
CodeHeap 'profiled nmethods': size=120028Kb used=1009Kb max_used=1009Kb free=119018Kb
 bounds [0x0000000110efa000, 0x000000011116a000, 0x0000000118431000]
CodeHeap 'non-nmethods': size=5700Kb used=1179Kb max_used=1196Kb free=4520Kb
 bounds [0x0000000110969000, 0x0000000110bd9000, 0x0000000110efa000]
 total_blobs=1177 nmethods=694 adapters=397
 compilation: enabled
              stopped_count=0, restarted_count=0
 full_count=0

Compilation events (20 events):
Event: 1.308 Thread 0x00007f821985bc00  685       3       java.util.HashMap::<init> (8 bytes)
Event: 1.308 Thread 0x00007f821985bc00 nmethod 685 0x0000000110ff2c90 code [0x0000000110ff2e60, 0x0000000110ff2fa0]
Event: 1.310 Thread 0x00007f821985bc00  686       3       java.util.Properties::getProperty (50 bytes)
Event: 1.311 Thread 0x00007f821985bc00 nmethod 686 0x0000000110ff3090 code [0x0000000110ff3260, 0x0000000110ff3770]
Event: 1.311 Thread 0x00007f821985bc00  687       3       java.lang.Integer::stringSize (47 bytes)
Event: 1.311 Thread 0x00007f821985bc00 nmethod 687 0x0000000110ff3890 code [0x0000000110ff3a40, 0x0000000110ff3c90]
Event: 1.311 Thread 0x00007f821985bc00  688       3       java.lang.Integer::getChars (131 bytes)
Event: 1.312 Thread 0x00007f821985bc00 nmethod 688 0x0000000110ff3d90 code [0x0000000110ff3f60, 0x0000000110ff4390]
Event: 1.312 Thread 0x00007f821985bc00  689       3       java.lang.StringBuilder::<init> (6 bytes)
Event: 1.312 Thread 0x00007f821985bc00 nmethod 689 0x0000000110ff4610 code [0x0000000110ff47c0, 0x0000000110ff4900]
Event: 1.312 Thread 0x00007f821985bc00  690       3       java.lang.StringLatin1::inflate (34 bytes)
Event: 1.313 Thread 0x00007f821985bc00 nmethod 690 0x0000000110ff4990 code [0x0000000110ff4b40, 0x0000000110ff4d30]
Event: 1.313 Thread 0x00007f821985bc00  691       3       java.util.concurrent.ConcurrentHashMap$Traverser::advance (188 bytes)
Event: 1.314 Thread 0x00007f821b070000  692       4       java.lang.StringBuilder::append (8 bytes)
Event: 1.316 Thread 0x00007f821985bc00 nmethod 691 0x0000000110ff4e90 code [0x0000000110ff50e0, 0x0000000110ff5ce0]
Event: 1.316 Thread 0x00007f821985bc00  694       3       java.nio.ByteBuffer::arrayOffset (35 bytes)
Event: 1.316 Thread 0x00007f821985bc00 nmethod 694 0x0000000110ff5f90 code [0x0000000110ff6160, 0x0000000110ff6430]
Event: 1.320 Thread 0x00007f821b070000 nmethod 692 0x000000011846a910 code [0x000000011846aaa0, 0x000000011846b038]
Event: 1.320 Thread 0x00007f821b070000  693       4       java.lang.AbstractStringBuilder::append (77 bytes)
Event: 1.324 Thread 0x00007f821b070000 nmethod 693 0x000000011846b310 code [0x000000011846b4a0, 0x000000011846ba38]

GC Heap History (0 events):
No events

Deoptimization events (20 events):
Event: 0.247 Thread 0x00007f821b008800 Uncommon trap: trap_request=0xfffffff4 fr.pc=0x0000000118442550 relative=0x00000000000001b0
Event: 0.247 Thread 0x00007f821b008800 Uncommon trap: reason=null_check action=make_not_entrant pc=0x0000000118442550 method=java.lang.String.equals(Ljava/lang/Object;)Z @ 8 c2
Event: 0.247 Thread 0x00007f821b008800 DEOPT PACKING pc=0x0000000118442550 sp=0x000070000432a670
Event: 0.247 Thread 0x00007f821b008800 DEOPT UNPACKING pc=0x00000001109bb099 sp=0x000070000432a638 mode 2
Event: 0.248 Thread 0x00007f821b008800 Uncommon trap: trap_request=0xffffff45 fr.pc=0x000000011843f538 relative=0x00000000000005f8
Event: 0.248 Thread 0x00007f821b008800 Uncommon trap: reason=unstable_if action=reinterpret pc=0x000000011843f538 method=java.util.zip.ZipFile$Source.checkAndAddEntry(II)I @ 50 c2
Event: 0.248 Thread 0x00007f821b008800 DEOPT PACKING pc=0x000000011843f538 sp=0x000070000432a790
Event: 0.248 Thread 0x00007f821b008800 DEOPT UNPACKING pc=0x00000001109bb099 sp=0x000070000432a728 mode 2
Event: 0.300 Thread 0x00007f821b008800 DEOPT PACKING pc=0x0000000110f70ada sp=0x0000700004326c80
Event: 0.300 Thread 0x00007f821b008800 DEOPT UNPACKING pc=0x00000001109bb82f sp=0x00007000043260c0 mode 0
Event: 0.346 Thread 0x00007f821b008800 DEOPT PACKING pc=0x0000000110f23d55 sp=0x00007000043269a0
Event: 0.346 Thread 0x00007f821b008800 DEOPT UNPACKING pc=0x00000001109bb82f sp=0x0000700004325e48 mode 0
Event: 0.396 Thread 0x00007f821b8d7000 Uncommon trap: trap_request=0xffffff45 fr.pc=0x0000000118440e84 relative=0x00000000000006c4
Event: 0.396 Thread 0x00007f821b8d7000 Uncommon trap: reason=unstable_if action=reinterpret pc=0x0000000118440e84 method=jdk.internal.module.Checks.isJavaIdentifier(Ljava/lang/String;)Z @ 4 c2
Event: 0.396 Thread 0x00007f821b8d7000 DEOPT PACKING pc=0x0000000118440e84 sp=0x000070000586cd90
Event: 0.396 Thread 0x00007f821b8d7000 DEOPT UNPACKING pc=0x00000001109bb099 sp=0x000070000586cd50 mode 2
Event: 1.305 Thread 0x00007f8219965400 Uncommon trap: trap_request=0xffffff45 fr.pc=0x000000011843fea0 relative=0x0000000000000100
Event: 1.305 Thread 0x00007f8219965400 Uncommon trap: reason=unstable_if action=reinterpret pc=0x000000011843fea0 method=java.lang.StringLatin1.lastIndexOf([BI[BII)I @ 86 c2
Event: 1.305 Thread 0x00007f8219965400 DEOPT PACKING pc=0x000000011843fea0 sp=0x0000700005d01ac0
Event: 1.305 Thread 0x00007f8219965400 DEOPT UNPACKING pc=0x00000001109bb099 sp=0x0000700005d01a38 mode 2

Classes unloaded (0 events):
No events

Classes redefined (0 events):
No events

Internal exceptions (11 events):
Event: 0.152 Thread 0x00007f821b008800 Exception <a 'java/lang/NoSuchMethodError'{0x000000070ff7c588}: 'void java.lang.invoke.DirectMethodHandle$Holder.invokeVirtual(java.lang.Object, java.lang.Object)'> (0x000000070ff7c588) 
thrown [open/src/hotspot/share/interpreter/linkResolver.cpp, line 766]
Event: 0.247 Thread 0x00007f821b008800 Implicit null exception at 0x00000001184423d5 to 0x0000000118442540
Event: 0.263 Thread 0x00007f821b81e600 Exception <a 'java/lang/NoSuchMethodError'{0x000000070fa030d8}: 'java.lang.Object java.lang.invoke.DirectMethodHandle$Holder.invokeStaticInit(java.lang.Object)'> (0x000000070fa030d8) 
thrown [open/src/hotspot/share/interpreter/linkResolver.cpp, line 766]
Event: 0.266 Thread 0x00007f821b81e600 Exception <a 'java/lang/ClassNotFoundException'{0x000000070fa0e088}: jdk/net/ExtendedSocketOptions> (0x000000070fa0e088) 
thrown [open/src/hotspot/share/classfile/systemDictionary.cpp, line 256]
Event: 0.271 Thread 0x00007f821b81e600 Exception <a 'java/lang/NoSuchMethodError'{0x000000070fa0f8e0}: 'void java.lang.invoke.DirectMethodHandle$Holder.invokeStatic(java.lang.Object, java.lang.Object)'> (0x000000070fa0f8e0) 
thrown [open/src/hotspot/share/interpreter/linkResolver.cpp, line 766]
Event: 0.346 Thread 0x00007f821b008800 Exception <a 'java/lang/NoSuchMethodError'{0x000000070f947c20}: 'void java.lang.invoke.DirectMethodHandle$Holder.invokeSpecial(java.lang.Object, java.lang.Object, java.lang.Object)'> (0x000000070f947c20) 
thrown [open/src/hotspot/share/interpreter/linkResolver.cpp, line 766]
Event: 0.359 Thread 0x00007f821b008800 Exception <a 'java/lang/NoSuchMethodError'{0x000000070f984010}: 'void java.lang.invoke.DirectMethodHandle$Holder.invokeStatic(java.lang.Object, java.lang.Object, java.lang.Object)'> (0x000000070f984010) 
thrown [open/src/hotspot/share/interpreter/linkResolver.cpp, line 766]
Event: 0.605 Thread 0x00007f821b008800 Exception <a 'java/lang/NoSuchMethodError'{0x000000070f9a0aa8}: 'int java.lang.invoke.DirectMethodHandle$Holder.invokeStaticInit(java.lang.Object, java.lang.Object, java.lang.Object)'> (0x000000070f9a0aa8) 
thrown [open/src/hotspot/share/interpreter/linkResolver.cpp, line 766]
Event: 0.816 Thread 0x00007f821a95e400 Exception <a 'java/lang/ClassCastException'{0x000000070f40b9d8}> (0x000000070f40b9d8) 
thrown [open/src/hotspot/share/runtime/sharedRuntime.cpp, line 628]
Event: 0.816 Thread 0x00007f821a95e400 Exception <a 'java/lang/BootstrapMethodError'{0x000000070f40bca8}> (0x000000070f40bca8) 
thrown [open/src/hotspot/share/utilities/exceptions.cpp, line 452]
Event: 0.816 Thread 0x00007f821a95e400 Exception <a 'java/lang/BootstrapMethodError'{0x000000070f40bca8}> (0x000000070f40bca8) 
thrown [open/src/hotspot/share/oops/instanceKlass.cpp, line 1163]

VM Operations (10 events):
Event: 0.213 Executing VM operation: HandshakeAllThreads
Event: 0.213 Executing VM operation: HandshakeAllThreads done
Event: 0.213 Executing VM operation: HandshakeAllThreads
Event: 0.213 Executing VM operation: HandshakeAllThreads done
Event: 0.261 Executing VM operation: HandshakeAllThreads
Event: 0.261 Executing VM operation: HandshakeAllThreads done
Event: 1.184 Executing VM operation: Cleanup
Event: 1.195 Executing VM operation: Cleanup done
Event: 2.196 Executing VM operation: Cleanup
Event: 2.196 Executing VM operation: Cleanup done

Events (20 events):
Event: 1.304 loading class sun/util/resources/cldr/TimeZoneNames
Event: 1.304 loading class sun/util/resources/TimeZoneNamesBundle
Event: 1.304 loading class sun/util/resources/OpenListResourceBundle
Event: 1.304 loading class sun/util/resources/OpenListResourceBundle done
Event: 1.304 loading class sun/util/resources/TimeZoneNamesBundle done
Event: 1.304 loading class sun/util/resources/cldr/TimeZoneNames done
Event: 1.304 loading class sun/util/resources/cldr/TimeZoneNames_en
Event: 1.305 loading class sun/util/resources/cldr/TimeZoneNames_en done
Event: 1.305 loading class sun/util/resources/cldr/TimeZoneNames_en_US
Event: 1.305 loading class sun/util/resources/cldr/TimeZoneNames_en_US done
Event: 1.307 loading class sun/util/resources/TimeZoneNames
Event: 1.307 loading class sun/util/resources/TimeZoneNames done
Event: 1.308 loading class sun/util/resources/TimeZoneNames_en
Event: 1.308 loading class sun/util/resources/TimeZoneNames_en done
Event: 61.540 loading class jdk/internal/misc/Signal$1
Event: 61.540 loading class jdk/internal/misc/Signal$1 done
Event: 61.541 Thread 0x00007f821b25c800 Thread added: 0x00007f821b25c800
Event: 61.541 Protecting memory [0x0000700004b47000,0x0000700004b4b000] with protection modes 0
Event: 61.541 Thread 0x00007f821b217000 Thread added: 0x00007f821b217000
Event: 61.541 Protecting memory [0x0000700005977000,0x000070000597b000] with protection modes 0


Dynamic libraries:
0x000000010646c000 	/Users/nichapat/Library/Java/JavaVirtualMachines/openjdk-17.0.2/Contents/Home/lib/libjli.dylib
0x00007ff80b4a6000 	/usr/lib/libz.1.dylib
0x00007ff80b586000 	/usr/lib/libSystem.B.dylib
0x00007ff80b581000 	/usr/lib/system/libcache.dylib
0x00007ff80b53d000 	/usr/lib/system/libcommonCrypto.dylib
0x00007ff80b566000 	/usr/lib/system/libcompiler_rt.dylib
0x00007ff80b55c000 	/usr/lib/system/libcopyfile.dylib
0x00007ff800594000 	/usr/lib/system/libcorecrypto.dylib
0x00007ff800653000 	/usr/lib/system/libdispatch.dylib
0x00007ff800812000 	/usr/lib/system/libdyld.dylib
0x00007ff80b578000 	/usr/lib/system/libkeymgr.dylib
0x00007ff80b51b000 	/usr/lib/system/libmacho.dylib
0x00007ff80aba7000 	/usr/lib/system/libquarantine.dylib
0x00007ff80b576000 	/usr/lib/system/libremovefile.dylib
0x00007ff805779000 	/usr/lib/system/libsystem_asl.dylib
0x00007ff800542000 	/usr/lib/system/libsystem_blocks.dylib
0x00007ff8006d7000 	/usr/lib/system/libsystem_c.dylib
0x00007ff80b56e000 	/usr/lib/system/libsystem_collections.dylib
0x00007ff809e4f000 	/usr/lib/system/libsystem_configuration.dylib
0x00007ff80910c000 	/usr/lib/system/libsystem_containermanager.dylib
0x00007ff80b258000 	/usr/lib/system/libsystem_coreservices.dylib
0x00007ff802e3c000 	/usr/lib/system/libsystem_darwin.dylib
0x00007ff80b579000 	/usr/lib/system/libsystem_dnssd.dylib
0x00007ff8006d4000 	/usr/lib/system/libsystem_featureflags.dylib
0x00007ff800828000 	/usr/lib/system/libsystem_info.dylib
0x00007ff80b4b9000 	/usr/lib/system/libsystem_m.dylib
0x00007ff800627000 	/usr/lib/system/libsystem_malloc.dylib
0x00007ff805716000 	/usr/lib/system/libsystem_networkextension.dylib
0x00007ff803264000 	/usr/lib/system/libsystem_notify.dylib
0x00007ff8116f6000 	/usr/lib/system/libsystem_product_info_filter.dylib
0x00007ff809e53000 	/usr/lib/system/libsystem_sandbox.dylib
0x00007ff80b573000 	/usr/lib/system/libsystem_secinit.dylib
0x00007ff8007cf000 	/usr/lib/system/libsystem_kernel.dylib
0x00007ff80081e000 	/usr/lib/system/libsystem_platform.dylib
0x00007ff800806000 	/usr/lib/system/libsystem_pthread.dylib
0x00007ff806fd1000 	/usr/lib/system/libsystem_symptoms.dylib
0x00007ff80057b000 	/usr/lib/system/libsystem_trace.dylib
0x00007ff80b549000 	/usr/lib/system/libunwind.dylib
0x00007ff800544000 	/usr/lib/system/libxpc.dylib
0x00007ff8007b9000 	/usr/lib/libc++abi.dylib
0x00007ff80069a000 	/usr/lib/libobjc.A.dylib
0x00007ff80b554000 	/usr/lib/liboah.dylib
0x00007ff800760000 	/usr/lib/libc++.1.dylib
0x00007ff817451000 	/System/Library/Frameworks/Cocoa.framework/Versions/A/Cocoa
0x00007ff8032c2000 	/System/Library/Frameworks/AppKit.framework/Versions/C/AppKit
0x00007ff8067be000 	/System/Library/Frameworks/CoreData.framework/Versions/A/CoreData
0x00007ff8016d9000 	/System/Library/Frameworks/Foundation.framework/Versions/C/Foundation
0x00007ff804154000 	/System/Library/PrivateFrameworks/UIFoundation.framework/Versions/A/UIFoundation
0x00007ff8113fd000 	/System/Library/PrivateFrameworks/RemoteViewServices.framework/Versions/A/RemoteViewServices
0x00007ff8097e8000 	/System/Library/PrivateFrameworks/XCTTargetBootstrap.framework/Versions/A/XCTTargetBootstrap
0x00007ff80d396000 	/System/Library/PrivateFrameworks/InternationalSupport.framework/Versions/A/InternationalSupport
0x00007ff80d420000 	/System/Library/PrivateFrameworks/UserActivity.framework/Versions/A/UserActivity
0x00007ff80c776000 	/usr/lib/libspindump.dylib
0x00007ff8043e2000 	/System/Library/Frameworks/UniformTypeIdentifiers.framework/Versions/A/UniformTypeIdentifiers
0x00007ff807f21000 	/usr/lib/libapp_launch_measurement.dylib
0x00007ff80718a000 	/System/Library/PrivateFrameworks/CoreAnalytics.framework/Versions/A/CoreAnalytics
0x00007ff807f24000 	/System/Library/PrivateFrameworks/CoreAutoLayout.framework/Versions/A/CoreAutoLayout
0x00007ff809144000 	/System/Library/Frameworks/Metal.framework/Versions/A/Metal
0x00007ff809e5e000 	/usr/lib/liblangid.dylib
0x00007ff8097ec000 	/System/Library/PrivateFrameworks/CoreSVG.framework/Versions/A/CoreSVG
0x00007ff8057a9000 	/System/Library/PrivateFrameworks/SkyLight.framework/Versions/A/SkyLight
0x00007ff805b3f000 	/System/Library/Frameworks/CoreGraphics.framework/Versions/A/CoreGraphics
0x00007ff811a6c000 	/System/Library/Frameworks/Accelerate.framework/Versions/A/Accelerate
0x00007ff80c1f1000 	/System/Library/PrivateFrameworks/IconServices.framework/Versions/A/IconServices
0x00007ff809129000 	/System/Library/Frameworks/IOSurface.framework/Versions/A/IOSurface
0x00007ff8071b8000 	/usr/lib/libDiagnosticMessagesClient.dylib
0x00007ff8150dd000 	/System/Library/Frameworks/ApplicationServices.framework/Versions/A/ApplicationServices
0x00007ff8097d4000 	/System/Library/PrivateFrameworks/DFRFoundation.framework/Versions/A/DFRFoundation
0x00007ff802bb3000 	/usr/lib/libicucore.A.dylib
0x00007ff80e0bb000 	/System/Library/Frameworks/AudioToolbox.framework/Versions/A/AudioToolbox
0x00007ff80d3a2000 	/System/Library/PrivateFrameworks/DataDetectorsCore.framework/Versions/A/DataDetectorsCore
0x00007ff908cfa000 	/System/Library/PrivateFrameworks/TextInput.framework/Versions/A/TextInput
0x00007ff80572d000 	/usr/lib/libMobileGestalt.dylib
0x00007ff8094dc000 	/System/Library/Frameworks/Carbon.framework/Versions/A/Frameworks/HIToolbox.framework/Versions/A/HIToolbox
0x00007ff80794e000 	/System/Library/Frameworks/QuartzCore.framework/Versions/A/QuartzCore
0x00007ff802853000 	/System/Library/Frameworks/Security.framework/Versions/A/Security
0x00007ff811435000 	/System/Library/Frameworks/Carbon.framework/Versions/A/Frameworks/SpeechRecognition.framework/Versions/A/SpeechRecognition
0x00007ff807c81000 	/System/Library/PrivateFrameworks/CoreUI.framework/Versions/A/CoreUI
0x00007ff80212b000 	/System/Library/Frameworks/CoreAudio.framework/Versions/A/CoreAudio
0x00007ff8072a6000 	/System/Library/Frameworks/DiskArbitration.framework/Versions/A/DiskArbitration
0x00007ff80cb5d000 	/System/Library/PrivateFrameworks/MultitouchSupport.framework/Versions/A/MultitouchSupport
0x00007ff80572c000 	/usr/lib/libenergytrace.dylib
0x00007ff8031ae000 	/System/Library/Frameworks/IOKit.framework/Versions/A/IOKit
0x00007ff811821000 	/System/Library/Frameworks/CoreServices.framework/Versions/A/CoreServices
0x00007ff807ebb000 	/System/Library/PrivateFrameworks/PerformanceAnalysis.framework/Versions/A/PerformanceAnalysis
0x00007ffa184ca000 	/System/Library/Frameworks/OpenGL.framework/Versions/A/OpenGL
0x00007ff80aad3000 	/System/Library/PrivateFrameworks/MobileKeyBag.framework/Versions/A/MobileKeyBag
0x00007ff80620b000 	/System/Library/Frameworks/ColorSync.framework/Versions/A/ColorSync
0x00007ff800853000 	/System/Library/Frameworks/CoreFoundation.framework/Versions/A/CoreFoundation
0x00007ff809a65000 	/System/Library/Frameworks/CoreImage.framework/Versions/A/CoreImage
0x00007ff801f41000 	/System/Library/Frameworks/CoreText.framework/Versions/A/CoreText
0x00007ff80981b000 	/System/Library/Frameworks/ImageIO.framework/Versions/A/ImageIO
0x00007ff80b58c000 	/System/Library/PrivateFrameworks/SoftLinking.framework/Versions/A/SoftLinking
0x00007ff807f6c000 	/usr/lib/libxml2.2.dylib
0x00007ff80b810000 	/usr/lib/libcompression.dylib
0x00007ff80d2cc000 	/System/Library/PrivateFrameworks/TextureIO.framework/Versions/A/TextureIO
0x00007ff80bf03000 	/usr/lib/libate.dylib
0x00007ff80bce1000 	/usr/lib/liblzma.5.dylib
0x00007ff8013ea000 	/System/Library/Frameworks/SystemConfiguration.framework/Versions/A/SystemConfiguration
0x00007ff80b588000 	/usr/lib/libfakelink.dylib
0x00007ff80527f000 	/System/Library/Frameworks/CFNetwork.framework/Versions/A/CFNetwork
0x00007ff80b6c7000 	/usr/lib/libarchive.2.dylib
0x00007ff809e5a000 	/System/Library/PrivateFrameworks/AppleSystemInfo.framework/Versions/A/AppleSystemInfo
0x00007ff80abce000 	/usr/lib/libbsm.0.dylib
0x00007ff8048b5000 	/usr/lib/libnetwork.dylib
0x00007ff80b521000 	/usr/lib/system/libkxld.dylib
0x00007ff80a7fc000 	/System/Library/PrivateFrameworks/IOMobileFramebuffer.framework/Versions/A/IOMobileFramebuffer
0x00007ffb162ef000 	/usr/lib/libCoreEntitlements.dylib
0x00007ff80b23a000 	/System/Library/PrivateFrameworks/AppleFSCompression.framework/Versions/A/AppleFSCompression
0x00007ff80abb6000 	/usr/lib/libcoretls.dylib
0x00007ff80bcfb000 	/usr/lib/libcoretls_cfhelpers.dylib
0x00007ff80b80b000 	/usr/lib/libpam.2.dylib
0x00007ff806bf3000 	/usr/lib/libsqlite3.dylib
0x00007ff80bd6a000 	/usr/lib/libxar.1.dylib
0x00007ff80b24a000 	/usr/lib/libbz2.1.0.dylib
0x00007ff80b58d000 	/usr/lib/libpcap.A.dylib
0x00007ff806fc8000 	/usr/lib/libdns_services.dylib
0x00007ff80b7da000 	/usr/lib/libapple_nghttp2.dylib
0x00007ff80b5c4000 	/usr/lib/libiconv.2.dylib
0x00007ff80b51a000 	/usr/lib/libcharset.1.dylib
0x00007ff807eef000 	/System/Library/Frameworks/CoreServices.framework/Versions/A/Frameworks/FSEvents.framework/Versions/A/FSEvents
0x00007ff802e46000 	/System/Library/Frameworks/CoreServices.framework/Versions/A/Frameworks/CarbonCore.framework/Versions/A/CarbonCore
0x00007ff80720b000 	/System/Library/Frameworks/CoreServices.framework/Versions/A/Frameworks/Metadata.framework/Versions/A/Metadata
0x00007ff80b25d000 	/System/Library/Frameworks/CoreServices.framework/Versions/A/Frameworks/OSServices.framework/Versions/A/OSServices
0x00007ff80b74e000 	/System/Library/Frameworks/CoreServices.framework/Versions/A/Frameworks/SearchKit.framework/Versions/A/SearchKit
0x00007ff806f5a000 	/System/Library/Frameworks/CoreServices.framework/Versions/A/Frameworks/AE.framework/Versions/A/AE
0x00007ff800d56000 	/System/Library/Frameworks/CoreServices.framework/Versions/A/Frameworks/LaunchServices.framework/Versions/A/LaunchServices
0x00007ff80bc92000 	/System/Library/Frameworks/CoreServices.framework/Versions/A/Frameworks/DictionaryServices.framework/Versions/A/DictionaryServices
0x00007ff807efc000 	/System/Library/Frameworks/CoreServices.framework/Versions/A/Frameworks/SharedFileList.framework/Versions/A/SharedFileList
0x00007ff80abaa000 	/usr/lib/libCheckFix.dylib
0x00007ff805790000 	/System/Library/PrivateFrameworks/TCC.framework/Versions/A/TCC
0x00007ff809e60000 	/System/Library/PrivateFrameworks/CoreNLP.framework/Versions/A/CoreNLP
0x00007ff8071bb000 	/System/Library/PrivateFrameworks/MetadataUtilities.framework/Versions/A/MetadataUtilities
0x00007ff80149a000 	/usr/lib/libmecabra.dylib
0x00007ff80abde000 	/usr/lib/libmecab.dylib
0x00007ff801465000 	/usr/lib/libCRFSuite.dylib
0x00007ff80ac3b000 	/usr/lib/libgermantok.dylib
0x00007ff80b7b5000 	/usr/lib/libThaiTokenizer.dylib
0x00007ff8072ad000 	/System/Library/Frameworks/Accelerate.framework/Versions/A/Frameworks/vImage.framework/Versions/A/vImage
0x00007ff8117f8000 	/System/Library/Frameworks/Accelerate.framework/Versions/A/Frameworks/vecLib.framework/Versions/A/vecLib
0x00007ff80bdab000 	/System/Library/Frameworks/Accelerate.framework/Versions/A/Frameworks/vecLib.framework/Versions/A/libvMisc.dylib
0x00007ff80a61a000 	/System/Library/Frameworks/Accelerate.framework/Versions/A/Frameworks/vecLib.framework/Versions/A/libvDSP.dylib
0x00007ff8010ce000 	/System/Library/Frameworks/Accelerate.framework/Versions/A/Frameworks/vecLib.framework/Versions/A/libBLAS.dylib
0x00007ff80b8ec000 	/System/Library/Frameworks/Accelerate.framework/Versions/A/Frameworks/vecLib.framework/Versions/A/libLAPACK.dylib
0x00007ff80ac3e000 	/System/Library/Frameworks/Accelerate.framework/Versions/A/Frameworks/vecLib.framework/Versions/A/libLinearAlgebra.dylib
0x00007ff80b7f3000 	/System/Library/Frameworks/Accelerate.framework/Versions/A/Frameworks/vecLib.framework/Versions/A/libSparseBLAS.dylib
0x00007ff80b8e6000 	/System/Library/Frameworks/Accelerate.framework/Versions/A/Frameworks/vecLib.framework/Versions/A/libQuadrature.dylib
0x00007ff809f4a000 	/System/Library/Frameworks/Accelerate.framework/Versions/A/Frameworks/vecLib.framework/Versions/A/libBNNS.dylib
0x00007ff80137b000 	/System/Library/Frameworks/Accelerate.framework/Versions/A/Frameworks/vecLib.framework/Versions/A/libSparse.dylib
0x00007ff809f43000 	/System/Library/PrivateFrameworks/LinguisticData.framework/Versions/A/LinguisticData
0x00007ff801330000 	/System/Library/PrivateFrameworks/Lexicon.framework/Versions/A/Lexicon
0x00007ff80bda4000 	/usr/lib/libChineseTokenizer.dylib
0x00007ff801a94000 	/System/Library/PrivateFrameworks/LanguageModeling.framework/Versions/A/LanguageModeling
0x00007ff80b7b7000 	/System/Library/PrivateFrameworks/AppleSauce.framework/Versions/A/AppleSauce
0x00007ff80a7ea000 	/System/Library/PrivateFrameworks/CoreEmoji.framework/Versions/A/CoreEmoji
0x00007ff80b6b6000 	/usr/lib/libcmph.dylib
0x00007ff807ed3000 	/System/Library/Frameworks/OpenDirectory.framework/Versions/A/Frameworks/CFOpenDirectory.framework/Versions/A/CFOpenDirectory
0x00007ff807ec7000 	/System/Library/Frameworks/OpenDirectory.framework/Versions/A/OpenDirectory
0x00007ff80bcfd000 	/System/Library/PrivateFrameworks/APFS.framework/Versions/A/APFS
0x00007ff80ab0b000 	/System/Library/Frameworks/SecurityFoundation.framework/Versions/A/SecurityFoundation
0x00007ff80bd78000 	/usr/lib/libutil.dylib
0x00007ff803171000 	/System/Library/PrivateFrameworks/CoreServicesStore.framework/Versions/A/CoreServicesStore
0x00007ff80bd7c000 	/usr/lib/libxslt.1.dylib
0x00007ff80ab98000 	/System/Library/PrivateFrameworks/BackgroundTaskManagement.framework/Versions/A/BackgroundTaskManagement
0x00007ff80d1ec000 	/System/Library/Frameworks/ImageIO.framework/Versions/A/Resources/libRadiance.dylib
0x00007ff80d1f5000 	/System/Library/Frameworks/ImageIO.framework/Versions/A/Resources/libJPEG.dylib
0x00007ff80d145000 	/System/Library/Frameworks/ImageIO.framework/Versions/A/Resources/libPng.dylib
0x00007ff80d166000 	/System/Library/Frameworks/ImageIO.framework/Versions/A/Resources/libTIFF.dylib
0x00007ff80d255000 	/System/Library/Frameworks/ImageIO.framework/Versions/A/Resources/libGIF.dylib
0x00007ff80ca76000 	/System/Library/Frameworks/ImageIO.framework/Versions/A/Resources/libJP2.dylib
0x00007ff80c1b8000 	/usr/lib/libexpat.1.dylib
0x00007ff80ca2b000 	/System/Library/PrivateFrameworks/AppleJPEG.framework/Versions/A/AppleJPEG
0x00007ff80939f000 	/System/Library/PrivateFrameworks/FontServices.framework/libFontParser.dylib
0x00007ff806f04000 	/System/Library/PrivateFrameworks/RunningBoardServices.framework/Versions/A/RunningBoardServices
0x00007ff8179cd000 	/System/Library/PrivateFrameworks/IOSurfaceAccelerator.framework/Versions/A/IOSurfaceAccelerator
0x00007ff80cb59000 	/System/Library/PrivateFrameworks/WatchdogClient.framework/Versions/A/WatchdogClient
0x00007ff801b83000 	/System/Library/Frameworks/CoreDisplay.framework/Versions/A/CoreDisplay
0x00007ff80929e000 	/System/Library/Frameworks/CoreMedia.framework/Versions/A/CoreMedia
0x00007ff80913b000 	/System/Library/PrivateFrameworks/IOAccelerator.framework/Versions/A/IOAccelerator
0x00007ff80804f000 	/System/Library/Frameworks/CoreVideo.framework/Versions/A/CoreVideo
0x00007ff80b809000 	/System/Library/Frameworks/MetalPerformanceShaders.framework/Versions/A/MetalPerformanceShaders
0x00007ff80cb94000 	/System/Library/Frameworks/VideoToolbox.framework/Versions/A/VideoToolbox
0x00007ff806e4c000 	/System/Library/PrivateFrameworks/BaseBoard.framework/Versions/A/BaseBoard
0x00007ff806bd9000 	/System/Library/PrivateFrameworks/ProtocolBuffer.framework/Versions/A/ProtocolBuffer
0x00007ff80d1e5000 	/System/Library/PrivateFrameworks/GPUWrangler.framework/Versions/A/GPUWrangler
0x00007ff80d1c8000 	/System/Library/PrivateFrameworks/IOPresentment.framework/Versions/A/IOPresentment
0x00007ff80d1ef000 	/System/Library/PrivateFrameworks/DSExternalDisplay.framework/Versions/A/DSExternalDisplay
0x00007ffa184be000 	/System/Library/Frameworks/OpenGL.framework/Versions/A/Libraries/libCoreFSCache.dylib
0x00007ffb0455f000 	/System/Library/PrivateFrameworks/GPUCompiler.framework/Versions/31001/Libraries/libGPUCompilerUtils.dylib
0x00007ff80d25a000 	/System/Library/PrivateFrameworks/CMCaptureCore.framework/Versions/A/CMCaptureCore
0x00007ff80c764000 	/System/Library/PrivateFrameworks/AppServerSupport.framework/Versions/A/AppServerSupport
0x00007ff80e941000 	/System/Library/PrivateFrameworks/perfdata.framework/Versions/A/perfdata
0x00007ff801caf000 	/System/Library/PrivateFrameworks/AudioToolboxCore.framework/Versions/A/AudioToolboxCore
0x00007ff80927b000 	/System/Library/PrivateFrameworks/caulk.framework/Versions/A/caulk
0x00007ff80e265000 	/usr/lib/libAudioStatistics.dylib
0x00007ff905588000 	/System/Library/PrivateFrameworks/SystemPolicy.framework/Versions/A/SystemPolicy
0x00007ff80e4ba000 	/usr/lib/libSMC.dylib
0x00007ff817304000 	/System/Library/Frameworks/CoreMIDI.framework/Versions/A/CoreMIDI
0x00007ff80d115000 	/usr/lib/libAudioToolboxUtility.dylib
0x00007ff90199a000 	/System/Library/PrivateFrameworks/OSAServicesClient.framework/Versions/A/OSAServicesClient
0x00007ff80e94e000 	/usr/lib/libperfcheck.dylib
0x00007ff90601a000 	/usr/lib/libmis.dylib
0x00007ffa1851a000 	/System/Library/Frameworks/OpenGL.framework/Versions/A/Libraries/libGLU.dylib
0x00007ffa184dd000 	/System/Library/Frameworks/OpenGL.framework/Versions/A/Libraries/libGFXShared.dylib
0x00007ffa186eb000 	/System/Library/Frameworks/OpenGL.framework/Versions/A/Libraries/libGL.dylib
0x00007ffa184e6000 	/System/Library/Frameworks/OpenGL.framework/Versions/A/Libraries/libGLImage.dylib
0x00007ffa184da000 	/System/Library/Frameworks/OpenGL.framework/Versions/A/Libraries/libCVMSPluginSupport.dylib
0x00007ffa184c5000 	/System/Library/Frameworks/OpenGL.framework/Versions/A/Libraries/libCoreVMClient.dylib
0x00007ff809dde000 	/System/Library/Frameworks/MetalPerformanceShaders.framework/Versions/A/Frameworks/MPSCore.framework/Versions/A/MPSCore
0x00007ff80b1a5000 	/System/Library/Frameworks/MetalPerformanceShaders.framework/Versions/A/Frameworks/MPSImage.framework/Versions/A/MPSImage
0x00007ff80ac54000 	/System/Library/Frameworks/MetalPerformanceShaders.framework/Versions/A/Frameworks/MPSNeuralNetwork.framework/Versions/A/MPSNeuralNetwork
0x00007ff80b0c9000 	/System/Library/Frameworks/MetalPerformanceShaders.framework/Versions/A/Frameworks/MPSMatrix.framework/Versions/A/MPSMatrix
0x00007ff80ae85000 	/System/Library/Frameworks/MetalPerformanceShaders.framework/Versions/A/Frameworks/MPSRayIntersector.framework/Versions/A/MPSRayIntersector
0x00007ff80b102000 	/System/Library/Frameworks/MetalPerformanceShaders.framework/Versions/A/Frameworks/MPSNDArray.framework/Versions/A/MPSNDArray
0x00007ffa1d0df000 	/System/Library/Frameworks/MetalPerformanceShaders.framework/Versions/A/Frameworks/MPSFunctions.framework/Versions/A/MPSFunctions
0x00007ff800fb1000 	/System/Library/PrivateFrameworks/MetalTools.framework/Versions/A/MetalTools
0x00007ff809e58000 	/System/Library/PrivateFrameworks/AggregateDictionary.framework/Versions/A/AggregateDictionary
0x00007ff80bf9a000 	/usr/lib/libIOReport.dylib
0x00007ffa19afa000 	/System/Library/Frameworks/OpenCL.framework/Versions/A/OpenCL
0x00007ff80c2fe000 	/System/Library/PrivateFrameworks/FaceCore.framework/Versions/A/FaceCore
0x00007ff80c2ef000 	/System/Library/PrivateFrameworks/GraphVisualizer.framework/Versions/A/GraphVisualizer
0x00007ffb0446a000 	/System/Library/PrivateFrameworks/FontServices.framework/Versions/A/FontServices
0x00007ff80c71b000 	/System/Library/PrivateFrameworks/OTSVG.framework/Versions/A/OTSVG
0x00007ff807c37000 	/System/Library/Frameworks/ApplicationServices.framework/Versions/A/Frameworks/ATS.framework/Versions/A/Resources/libFontRegistry.dylib
0x00007ff80c76c000 	/System/Library/PrivateFrameworks/FontServices.framework/libhvf.dylib
0x00007ffb0446b000 	/System/Library/PrivateFrameworks/FontServices.framework/libXTFontStaticRegistryData.dylib
0x00007ff80c168000 	/System/Library/PrivateFrameworks/AppleVA.framework/Versions/A/AppleVA
0x00007ff80e289000 	/System/Library/Frameworks/ApplicationServices.framework/Versions/A/Frameworks/ATS.framework/Versions/A/ATS
0x00007ff806307000 	/System/Library/Frameworks/ApplicationServices.framework/Versions/A/Frameworks/HIServices.framework/Versions/A/HIServices
0x00007ff80d264000 	/System/Library/Frameworks/ApplicationServices.framework/Versions/A/Frameworks/PrintCore.framework/Versions/A/PrintCore
0x00007ff80e60d000 	/System/Library/Frameworks/ApplicationServices.framework/Versions/A/Frameworks/QD.framework/Versions/A/QD
0x00007ff80e605000 	/System/Library/Frameworks/ApplicationServices.framework/Versions/A/Frameworks/ColorSyncLegacy.framework/Versions/A/ColorSyncLegacy
0x00007ff80e279000 	/System/Library/Frameworks/ApplicationServices.framework/Versions/A/Frameworks/SpeechSynthesis.framework/Versions/A/SpeechSynthesis
0x00007ff80d225000 	/System/Library/Frameworks/ApplicationServices.framework/Versions/A/Frameworks/ATSUI.framework/Versions/A/ATSUI
0x00007ff80e59a000 	/usr/lib/libcups.2.dylib
0x00007ff80e95d000 	/System/Library/Frameworks/Kerberos.framework/Versions/A/Kerberos
0x00007ff80e96c000 	/System/Library/Frameworks/GSS.framework/Versions/A/GSS
0x00007ff80e2f5000 	/usr/lib/libresolv.9.dylib
0x00007ff80c77b000 	/System/Library/PrivateFrameworks/Heimdal.framework/Versions/A/Heimdal
0x00007ff81545a000 	/System/Library/Frameworks/Kerberos.framework/Versions/A/Libraries/libHeimdalProxy.dylib
0x00007ff806fd9000 	/System/Library/Frameworks/Network.framework/Versions/A/Network
0x00007ff80c1d2000 	/usr/lib/libheimdal-asn1.dylib
0x00007ff80e9b8000 	/System/Library/PrivateFrameworks/CommonAuth.framework/Versions/A/CommonAuth
0x00007ff80e1f6000 	/System/Library/PrivateFrameworks/AudioSession.framework/Versions/A/AudioSession
0x00007ff80c262000 	/System/Library/PrivateFrameworks/MediaExperience.framework/Versions/A/MediaExperience
0x00007ff80e08a000 	/System/Library/PrivateFrameworks/AudioSession.framework/libSessionUtility.dylib
0x00007ff80e619000 	/System/Library/PrivateFrameworks/AudioResourceArbitration.framework/Versions/A/AudioResourceArbitration
0x00007ff81260b000 	/System/Library/PrivateFrameworks/PowerLog.framework/Versions/A/PowerLog
0x00007ff80c1db000 	/System/Library/PrivateFrameworks/IconFoundation.framework/Versions/A/IconFoundation
0x00007ff811425000 	/System/Library/PrivateFrameworks/SpeechRecognitionCore.framework/Versions/A/SpeechRecognitionCore
0x0000000108186000 	/Users/nichapat/Library/Java/JavaVirtualMachines/openjdk-17.0.2/Contents/Home/lib/server/libjvm.dylib
0x000000010649b000 	/Users/nichapat/Library/Java/JavaVirtualMachines/openjdk-17.0.2/Contents/Home/lib/libjimage.dylib
0x00000001064be000 	/Users/nichapat/Library/Java/JavaVirtualMachines/openjdk-17.0.2/Contents/Home/lib/libinstrument.dylib
0x0000000106500000 	/Users/nichapat/Library/Java/JavaVirtualMachines/openjdk-17.0.2/Contents/Home/lib/libjava.dylib
0x0000000107f8b000 	/Users/nichapat/Library/Java/JavaVirtualMachines/openjdk-17.0.2/Contents/Home/lib/libnio.dylib
0x0000000107fa7000 	/Users/nichapat/Library/Java/JavaVirtualMachines/openjdk-17.0.2/Contents/Home/lib/libnet.dylib
0x0000000107fc7000 	/Users/nichapat/Library/Java/JavaVirtualMachines/openjdk-17.0.2/Contents/Home/lib/libzip.dylib
0x0000000107fdb000 	/Users/nichapat/.openjfx/cache/17.0.1/libprism_es2.dylib
0x00007ff803132000 	/System/Library/PrivateFrameworks/CoreServicesInternal.framework/Versions/A/CoreServicesInternal
0x00007ffa186f6000 	/System/Library/Frameworks/OpenGL.framework/Versions/A/Resources/GLEngine.bundle/GLEngine
0x00007ffa18558000 	/System/Library/Frameworks/OpenGL.framework/Versions/A/Libraries/libGLProgrammability.dylib
0x00007ffa0c91e000 	/System/Library/Extensions/AppleIntelKBLGraphicsGLDriver.bundle/Contents/MacOS/AppleIntelKBLGraphicsGLDriver
0x00007ff90fefe000 	/System/Library/PrivateFrameworks/GPUSupport.framework/Versions/A/Libraries/libGPUSupportMercury.dylib
0x00007ffa18885000 	/System/Library/Frameworks/OpenGL.framework/Versions/A/Resources/GLRendererFloat.bundle/GLRendererFloat
0x000000012c8a8000 	/Users/nichapat/.openjfx/cache/17.0.1/libglass.dylib
0x00007ff812bfc000 	/System/Library/Frameworks/FileProvider.framework/Versions/A/FileProvider
0x00007ff806db8000 	/System/Library/Frameworks/Accounts.framework/Versions/A/Accounts
0x00007ff812d74000 	/System/Library/PrivateFrameworks/GenerationalStorage.framework/Versions/A/GenerationalStorage
0x00007ff813886000 	/System/Library/PrivateFrameworks/CoreSymbolication.framework/Versions/A/CoreSymbolication
0x00007ff812600000 	/System/Library/PrivateFrameworks/SymptomDiagnosticReporter.framework/Versions/A/SymptomDiagnosticReporter
0x00007ff8043f6000 	/System/Library/PrivateFrameworks/DesktopServicesPriv.framework/Versions/A/DesktopServicesPriv
0x00007ff803273000 	/usr/lib/libsandbox.1.dylib
0x00007ff8080ce000 	/System/Library/PrivateFrameworks/UserManagement.framework/Versions/A/UserManagement
0x00007ff81384b000 	/System/Library/PrivateFrameworks/DebugSymbols.framework/Versions/A/DebugSymbols
0x00007ff80e5fa000 	/System/Library/PrivateFrameworks/NetAuth.framework/Versions/A/NetAuth
0x00007ff80f4e9000 	/System/Library/PrivateFrameworks/Sharing.framework/Versions/A/Sharing
0x00007ff8080a1000 	/System/Library/PrivateFrameworks/login.framework/Versions/A/Frameworks/loginsupport.framework/Versions/A/loginsupport
0x00007ff81498c000 	/System/Library/PrivateFrameworks/Apple80211.framework/Versions/A/Apple80211
0x00007ff80b28a000 	/System/Library/PrivateFrameworks/AuthKit.framework/Versions/A/AuthKit
0x00007ff80a8e0000 	/System/Library/PrivateFrameworks/CoreUtils.framework/Versions/A/CoreUtils
0x00007ff80a807000 	/System/Library/Frameworks/CoreWLAN.framework/Versions/A/CoreWLAN
0x00007ff80f644000 	/System/Library/Frameworks/IOBluetooth.framework/Versions/A/IOBluetooth
0x00007ff8149f4000 	/System/Library/PrivateFrameworks/CoreWiFi.framework/Versions/A/CoreWiFi
0x00007ff813420000 	/System/Library/PrivateFrameworks/FrontBoardServices.framework/Versions/A/FrontBoardServices
0x00007ff8134b2000 	/System/Library/PrivateFrameworks/BoardServices.framework/Versions/A/BoardServices
0x00007ff80aafa000 	/System/Library/PrivateFrameworks/AssertionServices.framework/Versions/A/AssertionServices
0x00007ff814b78000 	/System/Library/PrivateFrameworks/BackBoardServices.framework/Versions/A/BackBoardServices
0x00007ff80ea47000 	/System/Library/PrivateFrameworks/CorePhoneNumbers.framework/Versions/A/CorePhoneNumbers
0x00007ff81271d000 	/System/Library/PrivateFrameworks/DiskManagement.framework/Versions/A/DiskManagement
0x00007ff812631000 	/System/Library/PrivateFrameworks/AppleIDAuthSupport.framework/Versions/A/AppleIDAuthSupport
0x00007ffa1f098000 	/System/Library/PrivateFrameworks/AAAFoundation.framework/Versions/A/AAAFoundation
0x00007ff80ea28000 	/System/Library/PrivateFrameworks/KeychainCircle.framework/Versions/A/KeychainCircle
0x00007ff8126e9000 	/System/Library/PrivateFrameworks/MediaKit.framework/Versions/A/MediaKit
0x00007ff81263d000 	/System/Library/Frameworks/DiscRecording.framework/Versions/A/DiscRecording
0x00007ff80c0e0000 	/usr/lib/libCoreStorage.dylib
0x00007ff814e67000 	/usr/lib/libcsfde.dylib
0x00007ff80f711000 	/System/Library/PrivateFrameworks/ProtectedCloudStorage.framework/Versions/A/ProtectedCloudStorage
0x00007ff814e63000 	/System/Library/PrivateFrameworks/EFILogin.framework/Versions/A/EFILogin
0x00007ff812d9a000 	/System/Library/PrivateFrameworks/OctagonTrust.framework/Versions/A/OctagonTrust
0x00007ffb0378c000 	/System/Library/PrivateFrameworks/CoreUtilsExtras.framework/Versions/A/CoreUtilsExtras
0x00007ff812573000 	/System/Library/Frameworks/CoreBluetooth.framework/Versions/A/CoreBluetooth
0x00007ff8154df000 	/System/Library/Frameworks/AudioUnit.framework/Versions/A/AudioUnit
0x00007ff80c0d8000 	/usr/lib/libMatch.1.dylib
0x00007ff90a47e000 	/System/Library/Frameworks/Accelerate.framework/Versions/A/Frameworks/vImage.framework/Versions/A/Libraries/libCGInterfaces.dylib
0x000000012dd54000 	/usr/lib/libobjc-trampolines.dylib
0x00007ff807dc7000 	/System/Library/PrivateFrameworks/ViewBridge.framework/Versions/A/ViewBridge
0x00007ffa1f752000 	/System/Library/PrivateFrameworks/AccessibilityBundles.framework/Versions/A/AccessibilityBundles
0x00007ff80c835000 	/System/Library/PrivateFrameworks/login.framework/Versions/A/login
0x00007ffb16401000 	/usr/lib/libRosetta.dylib


VM Arguments:
jvm_args: -javaagent:/Users/nichapat/Library/Application Support/JetBrains/Toolbox/apps/IDEA-U/ch-0/213.5744.223/IntelliJ IDEA.app/Contents/lib/idea_rt.jar=53798:/Users/nichapat/Library/Application Support/JetBrains/Toolbox/apps/IDEA-U/ch-0/213.5744.223/IntelliJ IDEA.app/Contents/bin -Dfile.encoding=UTF-8 --module-path=/Users/nichapat/.m2/repository/org/openjfx/javafx-base/17.0.1/javafx-base-17.0.1-mac.jar:/Users/nichapat/.m2/repository/org/openjfx/javafx-fxml/17.0.1/javafx-fxml-17.0.1-mac.jar:/Users/nichapat/IdeaProjects/demo-covid-19/target/classes:/Users/nichapat/.m2/repository/org/openjfx/javafx-graphics/17.0.1/javafx-graphics-17.0.1-mac.jar:/Users/nichapat/.m2/repository/org/openjfx/javafx-controls/17.0.1/javafx-controls-17.0.1-mac.jar -Djdk.module.main=com.demo.covid19 
java_command: com.demo.covid19/com.demo.covid19.Main
java_class_path (initial): /Users/nichapat/.m2/repository/org/openjfx/javafx-controls/17.0.1/javafx-controls-17.0.1.jar:/Users/nichapat/.m2/repository/org/openjfx/javafx-graphics/17.0.1/javafx-graphics-17.0.1.jar:/Users/nichapat/.m2/repository/org/openjfx/javafx-base/17.0.1/javafx-base-17.0.1.jar:/Users/nichapat/.m2/repository/org/openjfx/javafx-fxml/17.0.1/javafx-fxml-17.0.1.jar:/Users/nichapat/.m2/repository/mysql/mysql-connector-java/8.0.28/mysql-connector-java-8.0.28.jar:/Users/nichapat/.m2/repository/com/google/protobuf/protobuf-java/3.11.4/protobuf-java-3.11.4.jar
Launcher Type: SUN_STANDARD

[Global flags]
     intx CICompilerCount                          = 3                                         {product} {ergonomic}
     uint ConcGCThreads                            = 1                                         {product} {ergonomic}
     uint G1ConcRefinementThreads                  = 4                                         {product} {ergonomic}
   size_t G1HeapRegionSize                         = 2097152                                   {product} {ergonomic}
    uintx GCDrainStackTargetSize                   = 64                                        {product} {ergonomic}
   size_t InitialHeapSize                          = 268435456                                 {product} {ergonomic}
   size_t MarkStackSize                            = 4194304                                   {product} {ergonomic}
   size_t MaxHeapSize                              = 4294967296                                {product} {ergonomic}
   size_t MaxNewSize                               = 2575302656                                {product} {ergonomic}
   size_t MinHeapDeltaBytes                        = 2097152                                   {product} {ergonomic}
   size_t MinHeapSize                              = 8388608                                   {product} {ergonomic}
    uintx NonNMethodCodeHeapSize                   = 5832780                                {pd product} {ergonomic}
    uintx NonProfiledCodeHeapSize                  = 122912730                              {pd product} {ergonomic}
    uintx ProfiledCodeHeapSize                     = 122912730                              {pd product} {ergonomic}
    uintx ReservedCodeCacheSize                    = 251658240                              {pd product} {ergonomic}
     bool SegmentedCodeCache                       = true                                      {product} {ergonomic}
   size_t SoftMaxHeapSize                          = 4294967296                             {manageable} {ergonomic}
     bool UseCompressedClassPointers               = true                           {product lp64_product} {ergonomic}
     bool UseCompressedOops                        = true                           {product lp64_product} {ergonomic}
     bool UseG1GC                                  = true                                      {product} {ergonomic}
     bool UseNUMA                                  = false                                     {product} {ergonomic}
     bool UseNUMAInterleaving                      = false                                     {product} {ergonomic}

Logging:
Log output configuration:
 #0: stdout all=warning uptime,level,tags
 #1: stderr all=off uptime,level,tags

Environment Variables:
PATH=/usr/local/bin:/usr/bin:/bin:/usr/sbin:/sbin:/usr/local/go/bin:/usr/local/share/dotnet:/Library/Apple/usr/bin:/Library/Frameworks/Mono.framework/Versions/Current/Commands
SHELL=/bin/zsh
LC_CTYPE=en_US.UTF-8

Signal Handlers:
   SIGSEGV: _ZL13crash_handleriP9__siginfoPv in libjvm.dylib, mask=11100110000111110111111111111111, flags=SA_RESTART|SA_SIGINFO
    SIGBUS: _ZL13crash_handleriP9__siginfoPv in libjvm.dylib, mask=11100110000111110111111111111111, flags=SA_RESTART|SA_SIGINFO
    SIGFPE: _ZL13crash_handleriP9__siginfoPv in libjvm.dylib, mask=11100110000111110111111111111111, flags=SA_RESTART|SA_SIGINFO
   SIGPIPE: _ZL17javaSignalHandleriP9__siginfoPv in libjvm.dylib, mask=11100110000111110111111111111111, flags=SA_RESTART|SA_SIGINFO
   SIGXFSZ: _ZL17javaSignalHandleriP9__siginfoPv in libjvm.dylib, mask=11100110000111110111111111111111, flags=SA_RESTART|SA_SIGINFO
    SIGILL: _ZL13crash_handleriP9__siginfoPv in libjvm.dylib, mask=11100110000111110111111111111111, flags=SA_RESTART|SA_SIGINFO
   SIGUSR2: _ZL10SR_handleriP9__siginfoP17__darwin_ucontext in libjvm.dylib, mask=00100000000000000000000000000000, flags=SA_RESTART|SA_SIGINFO
    SIGHUP: _ZL11UserHandleriPvS_ in libjvm.dylib, mask=11100110000111110111111111111111, flags=SA_RESTART|SA_SIGINFO
    SIGINT: _ZL11UserHandleriPvS_ in libjvm.dylib, mask=11100110000111110111111111111111, flags=SA_RESTART|SA_SIGINFO
   SIGTERM: _ZL11UserHandleriPvS_ in libjvm.dylib, mask=11100110000111110111111111111111, flags=SA_RESTART|SA_SIGINFO
   SIGQUIT: _ZL11UserHandleriPvS_ in libjvm.dylib, mask=11100110000111110111111111111111, flags=SA_RESTART|SA_SIGINFO
   SIGTRAP: _ZL13crash_handleriP9__siginfoPv in libjvm.dylib, mask=11100110000111110111111111111111, flags=SA_RESTART|SA_SIGINFO


---------------  S Y S T E M  ---------------

OS:
uname: Darwin 21.3.0 Darwin Kernel Version 21.3.0: Wed Jan  5 21:37:58 PST 2022; root:xnu-8019.80.24~20/RELEASE_X86_64 x86_64
OS uptime: 13 days 2:33 hours
rlimit (soft/hard): STACK 8192k/65532k , CORE 0k/infinity , NPROC 2784/4176 , NOFILE 10240/infinity , AS infinity/infinity , CPU infinity/infinity , DATA infinity/infinity , FSIZE infinity/infinity , MEMLOCK infinity/infinity , RSS infinity/infinity
load average: 6.32 12.43 11.37

CPU: total 4 (initial active 4) (2 cores per cpu, 2 threads per core) family 6 model 142 stepping 9 microcode 0xec, cx8, cmov, fxsr, ht, mmx, 3dnowpref, sse, sse2, sse3, ssse3, sse4.1, sse4.2, popcnt, lzcnt, tsc, tscinvbit, avx, avx2, aes, erms, clmul, bmi1, bmi2, adx, fma, vzeroupper, clflush, clflushopt

Memory: 4k page, physical 16777216k(434736k free), swap 9437184k(1198336k free)

vm_info: OpenJDK 64-Bit Server VM (17.0.2+8-86) for bsd-amd64 JRE (17.0.2+8-86), built on Dec  7 2021 21:47:33 by "mach5one" with clang Apple LLVM 12.0.0 (clang-1200.0.32.29)

END.
