#
# A fatal error has been detected by the Java Runtime Environment:
#
#  SIGSEGV (0xb) at pc=0x000000010a19c916, pid=3781, tid=259
#
# JRE version: OpenJDK Runtime Environment (17.0.2+8) (build 17.0.2+8-86)
# Java VM: OpenJDK 64-Bit Server VM (17.0.2+8-86, mixed mode, sharing, tiered, compressed oops, compressed class ptrs, g1 gc, bsd-amd64)
# Problematic frame:
# V  [libjvm.dylib+0x2d9916]  _ZN15ClassFileParserC2EP15ClassFileStreamP6SymbolP15ClassLoaderDataPK13ClassLoadInfoNS_9PublicityEP10JavaThread+0x1e6
#
# No core dump will be written. Core dumps have been disabled. To enable core dumping, try "ulimit -c unlimited" before starting Java again
#
# If you would like to submit a bug report, please visit:
#   https://bugreport.java.com/bugreport/crash.jsp
# The crash happened outside the Java Virtual Machine in native code.
# See problematic frame for where to report the bug.
#

---------------  S U M M A R Y ------------

Command Line: -javaagent:/Users/nichapat/Library/Application Support/JetBrains/Toolbox/apps/IDEA-U/ch-0/213.5744.223/IntelliJ IDEA.app/Contents/lib/idea_rt.jar=51997:/Users/nichapat/Library/Application Support/JetBrains/Toolbox/apps/IDEA-U/ch-0/213.5744.223/IntelliJ IDEA.app/Contents/bin -Dfile.encoding=UTF-8 --module-path=/Users/nichapat/tests/demo-covid-19/target/classes:/Users/nichapat/.m2/repository/org/openjfx/javafx-base/17.0.1/javafx-base-17.0.1-mac.jar:/Users/nichapat/.m2/repository/org/mindrot/jbcrypt/0.4/jbcrypt-0.4.jar:/Users/nichapat/.m2/repository/org/openjfx/javafx-fxml/17.0.1/javafx-fxml-17.0.1-mac.jar:/Users/nichapat/.m2/repository/org/openjfx/javafx-controls/17.0.1/javafx-controls-17.0.1-mac.jar:/Users/nichapat/.m2/repository/org/openjfx/javafx-graphics/17.0.1/javafx-graphics-17.0.1-mac.jar -Djdk.module.main=com.demo.covid com.demo.covid/com.demo.covid19.Main

Host: "MacBookPro14,2" x86_64 3100 MHz, 4 cores, 16G, Darwin 21.4.0, macOS 12.3.1 (21E258)
Time: Thu May 26 12:36:51 2022 +07 elapsed time: 0.793327 seconds (0d 0h 0m 0s)

---------------  T H R E A D  ---------------

Current thread (0x00007fd2fa142c00):  JavaThread "Thread-1" [_thread_in_native, id=259, stack(0x00007ff7b6e10000,0x00007ff7b7610000)]

Stack: [0x00007ff7b6e10000,0x00007ff7b7610000],  sp=0x00007ff7b760a0b0,  free space=8168k
Native frames: (J=compiled Java code, j=interpreted, Vv=VM code, C=native code)
V  [libjvm.dylib+0x2d9916]  _ZN15ClassFileParserC2EP15ClassFileStreamP6SymbolP15ClassLoaderDataPK13ClassLoadInfoNS_9PublicityEP10JavaThread+0x1e6
V  [libjvm.dylib+0x6e66c1]  _ZN12KlassFactory18create_from_streamEP15ClassFileStreamP6SymbolP15ClassLoaderDataRK13ClassLoadInfoP10JavaThread+0xb1
V  [libjvm.dylib+0x9b25f4]  _ZN16SystemDictionary32resolve_hidden_class_from_streamEP15ClassFileStreamP6Symbol6HandleRK13ClassLoadInfoP10JavaThread+0x74
V  [libjvm.dylib+0x5a15b3]  JVM_LookupDefineClass+0x7d3
C  [libjava.dylib+0x31ab]  Java_java_lang_ClassLoader_defineClass0+0x14b
j  java.lang.ClassLoader.defineClass0(Ljava/lang/ClassLoader;Ljava/lang/Class;Ljava/lang/String;[BIILjava/security/ProtectionDomain;ZILjava/lang/Object;)Ljava/lang/Class;+0 java.base@17.0.2
j  java.lang.System$2.defineClass(Ljava/lang/ClassLoader;Ljava/lang/Class;Ljava/lang/String;[BLjava/security/ProtectionDomain;ZILjava/lang/Object;)Ljava/lang/Class;+17 java.base@17.0.2
j  java.lang.invoke.MethodHandles$Lookup$ClassDefiner.defineClass(ZLjava/lang/Object;)Ljava/lang/Class;+54 java.base@17.0.2
j  java.lang.invoke.MethodHandles$Lookup$ClassDefiner.defineClassAsLookup(Z)Ljava/lang/invoke/MethodHandles$Lookup;+3 java.base@17.0.2
j  java.lang.invoke.MethodHandles$Lookup.defineHiddenClass([BZ[Ljava/lang/invoke/MethodHandles$Lookup$ClassOption;)Ljava/lang/invoke/MethodHandles$Lookup;+65 java.base@17.0.2
j  java.lang.invoke.InnerClassLambdaMetafactory.generateInnerClass()Ljava/lang/Class;+580 java.base@17.0.2
j  java.lang.invoke.InnerClassLambdaMetafactory.spinInnerClass()Ljava/lang/Class;+107 java.base@17.0.2
j  java.lang.invoke.InnerClassLambdaMetafactory.buildCallSite()Ljava/lang/invoke/CallSite;+1 java.base@17.0.2
j  java.lang.invoke.LambdaMetafactory.metafactory(Ljava/lang/invoke/MethodHandles$Lookup;Ljava/lang/String;Ljava/lang/invoke/MethodType;Ljava/lang/invoke/MethodType;Ljava/lang/invoke/MethodHandle;Ljava/lang/invoke/MethodType;)Ljava/lang/invoke/CallSite;+67 java.base@17.0.2
j  java.lang.invoke.DirectMethodHandle$Holder.invokeStatic(Ljava/lang/Object;Ljava/lang/Object;Ljava/lang/Object;Ljava/lang/Object;Ljava/lang/Object;Ljava/lang/Object;Ljava/lang/Object;)Ljava/lang/Object;+20 java.base@17.0.2
j  java.lang.invoke.Invokers$Holder.invokeExact_MT(Ljava/lang/Object;Ljava/lang/Object;Ljava/lang/Object;Ljava/lang/Object;Ljava/lang/Object;Ljava/lang/Object;Ljava/lang/Object;Ljava/lang/Object;)Ljava/lang/Object;+28 java.base@17.0.2
j  java.lang.invoke.BootstrapMethodInvoker.invoke(Ljava/lang/Class;Ljava/lang/invoke/MethodHandle;Ljava/lang/String;Ljava/lang/Object;Ljava/lang/Object;Ljava/lang/Class;)Ljava/lang/Object;+319 java.base@17.0.2
j  java.lang.invoke.CallSite.makeSite(Ljava/lang/invoke/MethodHandle;Ljava/lang/String;Ljava/lang/invoke/MethodType;Ljava/lang/Object;Ljava/lang/Class;)Ljava/lang/invoke/CallSite;+8 java.base@17.0.2
j  java.lang.invoke.MethodHandleNatives.linkCallSiteImpl(Ljava/lang/Class;Ljava/lang/invoke/MethodHandle;Ljava/lang/String;Ljava/lang/invoke/MethodType;Ljava/lang/Object;[Ljava/lang/Object;)Ljava/lang/invoke/MemberName;+6 java.base@17.0.2
j  java.lang.invoke.MethodHandleNatives.linkCallSite(Ljava/lang/Object;ILjava/lang/Object;Ljava/lang/Object;Ljava/lang/Object;Ljava/lang/Object;[Ljava/lang/Object;)Ljava/lang/invoke/MemberName;+46 java.base@17.0.2
v  ~StubRoutines::call_stub
V  [libjvm.dylib+0x506501]  _ZN9JavaCalls11call_helperEP9JavaValueRK12methodHandleP17JavaCallArgumentsP10JavaThread+0x2a1
V  [libjvm.dylib+0x505bc1]  _ZN9JavaCalls11call_staticEP9JavaValueP5KlassP6SymbolS5_P17JavaCallArgumentsP10JavaThread+0x111
V  [libjvm.dylib+0x9b686c]  _ZN16SystemDictionary23invoke_bootstrap_methodER13BootstrapInfoP10JavaThread+0x2dc
V  [libjvm.dylib+0x71947e]  _ZN12LinkResolver20resolve_dynamic_callER8CallInfoR13BootstrapInfoP10JavaThread+0x1e
V  [libjvm.dylib+0x718e80]  _ZN12LinkResolver21resolve_invokedynamicER8CallInfoRK18constantPoolHandleiP10JavaThread+0x80
V  [libjvm.dylib+0x4fffa4]  _ZN18InterpreterRuntime21resolve_invokedynamicEP10JavaThread+0x174
V  [libjvm.dylib+0x500087]  _ZN18InterpreterRuntime18resolve_from_cacheEP10JavaThreadN9Bytecodes4CodeE+0x77
j  com.sun.glass.ui.Screen.<clinit>()V+4 javafx.graphics
v  ~StubRoutines::call_stub
V  [libjvm.dylib+0x506501]  _ZN9JavaCalls11call_helperEP9JavaValueRK12methodHandleP17JavaCallArgumentsP10JavaThread+0x2a1
V  [libjvm.dylib+0x4e47e4]  _ZN13InstanceKlass22call_class_initializerEP10JavaThread+0x254
V  [libjvm.dylib+0x4e3e87]  _ZN13InstanceKlass15initialize_implEP10JavaThread+0x597
V  [libjvm.dylib+0x7166c3]  _ZN12LinkResolver19resolve_static_callER8CallInfoRK8LinkInfobP10JavaThread+0x73
V  [libjvm.dylib+0x7189d0]  _ZN12LinkResolver14resolve_invokeER8CallInfo6HandleRK18constantPoolHandleiN9Bytecodes4CodeEP10JavaThread+0x80
V  [libjvm.dylib+0x4ff9c9]  _ZN18InterpreterRuntime14resolve_invokeEP10JavaThreadN9Bytecodes4CodeE+0x339
V  [libjvm.dylib+0x500069]  _ZN18InterpreterRuntime18resolve_from_cacheEP10JavaThreadN9Bytecodes4CodeE+0x59
j  com.sun.glass.ui.Application.lambda$run$1(Ljava/lang/Runnable;)V+0 javafx.graphics
j  com.sun.glass.ui.Application$$Lambda$97+0x0000000800c30b10.run()V+4 javafx.graphics
j  com.sun.glass.ui.mac.MacApplication.lambda$runLoop$3(Ljava/lang/Runnable;)V+12 javafx.graphics
j  com.sun.glass.ui.mac.MacApplication$$Lambda$98+0x0000000800c30d38.run()V+8 javafx.graphics
v  ~StubRoutines::call_stub
V  [libjvm.dylib+0x506501]  _ZN9JavaCalls11call_helperEP9JavaValueRK12methodHandleP17JavaCallArgumentsP10JavaThread+0x2a1
V  [libjvm.dylib+0x55fe96]  _ZL20jni_invoke_nonstaticP7JNIEnv_P9JavaValueP8_jobject11JNICallTypeP10_jmethodIDP18JNI_ArgumentPusherP10JavaThread+0x2d6
V  [libjvm.dylib+0x564376]  jni_CallVoidMethod+0x1a6
C  [libglass.dylib+0x8582]  -[GlassApplication applicationWillFinishLaunching:]+0x192
C  [CoreFoundation+0x7503c]  __CFNOTIFICATIONCENTER_IS_CALLING_OUT_TO_AN_OBSERVER__+0xc
C  [CoreFoundation+0x112592]  ___CFXRegistrationPost_block_invoke+0x31
C  [CoreFoundation+0x112510]  _CFXRegistrationPost+0x1f0
C  [CoreFoundation+0x46ca8]  _CFXNotificationPost+0x2df
C  [Foundation+0x990e]  -[NSNotificationCenter postNotificationName:object:userInfo:]+0x52
C  [AppKit+0x2f54f]  -[NSApplication finishLaunching]+0x147
C  [AppKit+0x2f159]  -[NSApplication run]+0xfa
C  [libglass.dylib+0xa2a5]  -[GlassApplication runLoop:]+0x795
C  [Foundation+0x81857]  __NSThreadPerformPerform+0xb3
C  [CoreFoundation+0x7faeb]  __CFRUNLOOP_IS_CALLING_OUT_TO_A_SOURCE0_PERFORM_FUNCTION__+0x11
C  [CoreFoundation+0x7fa53]  __CFRunLoopDoSource0+0xb4
C  [CoreFoundation+0x7f7cd]  __CFRunLoopDoSources0+0xf2
C  [CoreFoundation+0x7e1e8]  __CFRunLoopRun+0x37c
C  [CoreFoundation+0x7d7ac]  CFRunLoopRunSpecific+0x232
C  [libjli.dylib+0x70b2]  CreateExecutionEnvironment+0x182
C  [libjli.dylib+0x2c15]  JLI_Launch+0x585
C  [java+0x3c11]  main+0x191
C  0x0000000109e1051e

Java frames: (J=compiled Java code, j=interpreted, Vv=VM code)
j  java.lang.ClassLoader.defineClass0(Ljava/lang/ClassLoader;Ljava/lang/Class;Ljava/lang/String;[BIILjava/security/ProtectionDomain;ZILjava/lang/Object;)Ljava/lang/Class;+0 java.base@17.0.2
j  java.lang.System$2.defineClass(Ljava/lang/ClassLoader;Ljava/lang/Class;Ljava/lang/String;[BLjava/security/ProtectionDomain;ZILjava/lang/Object;)Ljava/lang/Class;+17 java.base@17.0.2
j  java.lang.invoke.MethodHandles$Lookup$ClassDefiner.defineClass(ZLjava/lang/Object;)Ljava/lang/Class;+54 java.base@17.0.2
j  java.lang.invoke.MethodHandles$Lookup$ClassDefiner.defineClassAsLookup(Z)Ljava/lang/invoke/MethodHandles$Lookup;+3 java.base@17.0.2
j  java.lang.invoke.MethodHandles$Lookup.defineHiddenClass([BZ[Ljava/lang/invoke/MethodHandles$Lookup$ClassOption;)Ljava/lang/invoke/MethodHandles$Lookup;+65 java.base@17.0.2
j  java.lang.invoke.InnerClassLambdaMetafactory.generateInnerClass()Ljava/lang/Class;+580 java.base@17.0.2
j  java.lang.invoke.InnerClassLambdaMetafactory.spinInnerClass()Ljava/lang/Class;+107 java.base@17.0.2
j  java.lang.invoke.InnerClassLambdaMetafactory.buildCallSite()Ljava/lang/invoke/CallSite;+1 java.base@17.0.2
j  java.lang.invoke.LambdaMetafactory.metafactory(Ljava/lang/invoke/MethodHandles$Lookup;Ljava/lang/String;Ljava/lang/invoke/MethodType;Ljava/lang/invoke/MethodType;Ljava/lang/invoke/MethodHandle;Ljava/lang/invoke/MethodType;)Ljava/lang/invoke/CallSite;+67 java.base@17.0.2
j  java.lang.invoke.DirectMethodHandle$Holder.invokeStatic(Ljava/lang/Object;Ljava/lang/Object;Ljava/lang/Object;Ljava/lang/Object;Ljava/lang/Object;Ljava/lang/Object;Ljava/lang/Object;)Ljava/lang/Object;+20 java.base@17.0.2
j  java.lang.invoke.Invokers$Holder.invokeExact_MT(Ljava/lang/Object;Ljava/lang/Object;Ljava/lang/Object;Ljava/lang/Object;Ljava/lang/Object;Ljava/lang/Object;Ljava/lang/Object;Ljava/lang/Object;)Ljava/lang/Object;+28 java.base@17.0.2
j  java.lang.invoke.BootstrapMethodInvoker.invoke(Ljava/lang/Class;Ljava/lang/invoke/MethodHandle;Ljava/lang/String;Ljava/lang/Object;Ljava/lang/Object;Ljava/lang/Class;)Ljava/lang/Object;+319 java.base@17.0.2
j  java.lang.invoke.CallSite.makeSite(Ljava/lang/invoke/MethodHandle;Ljava/lang/String;Ljava/lang/invoke/MethodType;Ljava/lang/Object;Ljava/lang/Class;)Ljava/lang/invoke/CallSite;+8 java.base@17.0.2
j  java.lang.invoke.MethodHandleNatives.linkCallSiteImpl(Ljava/lang/Class;Ljava/lang/invoke/MethodHandle;Ljava/lang/String;Ljava/lang/invoke/MethodType;Ljava/lang/Object;[Ljava/lang/Object;)Ljava/lang/invoke/MemberName;+6 java.base@17.0.2
j  java.lang.invoke.MethodHandleNatives.linkCallSite(Ljava/lang/Object;ILjava/lang/Object;Ljava/lang/Object;Ljava/lang/Object;Ljava/lang/Object;[Ljava/lang/Object;)Ljava/lang/invoke/MemberName;+46 java.base@17.0.2
v  ~StubRoutines::call_stub
j  com.sun.glass.ui.Screen.<clinit>()V+4 javafx.graphics
v  ~StubRoutines::call_stub
j  com.sun.glass.ui.Application.lambda$run$1(Ljava/lang/Runnable;)V+0 javafx.graphics
j  com.sun.glass.ui.Application$$Lambda$97+0x0000000800c30b10.run()V+4 javafx.graphics
j  com.sun.glass.ui.mac.MacApplication.lambda$runLoop$3(Ljava/lang/Runnable;)V+12 javafx.graphics
j  com.sun.glass.ui.mac.MacApplication$$Lambda$98+0x0000000800c30d38.run()V+8 javafx.graphics
v  ~StubRoutines::call_stub

siginfo: si_signo: 11 (SIGSEGV), si_code: 0 (unknown), si_addr: 0x0000000000000000

Register to memory mapping:

RAX=0xe1fc336ce1f4d903 is an unknown value
RBX=0x00007ff7b760a188 is pointing into the stack for thread: 0x00007fd2fa142c00
RCX=0x00000000db8a0001 is an unknown value
RDX=0x00000000db8a0002 is an unknown value
RSP=0x00007ff7b760a0b0 is pointing into the stack for thread: 0x00007fd2fa142c00
RBP=0x00007ff7b760a0e0 is pointing into the stack for thread: 0x00007fd2fa142c00
RSI=0x00007ff7b760a468 is pointing into the stack for thread: 0x00007fd2fa142c00
RDI=0x00006000006d1cb0 points into unknown readable memory: 0x6f630023db8a0002 | 02 00 8a db 23 00 63 6f
R8 =0x00007ff7b760a410 is pointing into the stack for thread: 0x00007fd2fa142c00
R9 =0x0000000000000001 is an unknown value
R10=0x0000000000000023 is an unknown value
R11=0xffffe008490c76e6 is an unknown value
R12=0xe1fc336ce1f4d903 is an unknown value
R13=0x00007ff7b760a468 is pointing into the stack for thread: 0x00007fd2fa142c00
R14=0x00007fd2fa142c00 is a thread
R15=0x00007ff7b760a468 is pointing into the stack for thread: 0x00007fd2fa142c00


Registers:
RAX=0xe1fc336ce1f4d903, RBX=0x00007ff7b760a188, RCX=0x00000000db8a0001, RDX=0x00000000db8a0002
RSP=0x00007ff7b760a0b0, RBP=0x00007ff7b760a0e0, RSI=0x00007ff7b760a468, RDI=0x00006000006d1cb0
R8 =0x00007ff7b760a410, R9 =0x0000000000000001, R10=0x0000000000000023, R11=0xffffe008490c76e6
R12=0xe1fc336ce1f4d903, R13=0x00007ff7b760a468, R14=0x00007fd2fa142c00, R15=0x00007ff7b760a468
RIP=0x000000010a19c916, EFLAGS=0x0000000000010246, ERR=0x0000000000000000
  TRAPNO=0x000000000000000d

Top of Stack: (sp=0x00007ff7b760a0b0)
0x00007ff7b760a0b0:   00007ff7b760b010 00007fd2fa142c00
0x00007ff7b760a0c0:   e1fc336ce1f4d903 00007ff7b760a468
0x00007ff7b760a0d0:   00007ff7b760a410 00006000006d1cb0
0x00007ff7b760a0e0:   00007ff7b760a360 000000010a5a96c1
0x00007ff7b760a0f0:   00007fd2fa142c00 00007fd2fa142c00
0x00007ff7b760a100:   0000600001dc7840 00007fd2fa8a0e00
0x00007ff7b760a110:   00007fd2fa8a0ef8 00007fd2fa8a8de8
0x00007ff7b760a120:   00000000000080b0 00007ff7b760b010
0x00007ff7b760a130:   00007fd2f90087e0 00007fd2f9008810
0x00007ff7b760a140:   0000000000000000 00007fd2f9008bc8
0x00007ff7b760a150:   00000000000003d8 0000000000000001
0x00007ff7b760a160:   0000000000000000 00006000006ebb10
0x00007ff7b760a170:   00007ff7b760a468 f6a8800840001001
0x00007ff7b760a180:   0000000108a3ffff 00007ff7b760a468
0x00007ff7b760a190:   00006000006d1cb0 e1fc336ce1f4d903
0x00007ff7b760a1a0:   0000000000000001 0000000000000000
0x00007ff7b760a1b0:   0000000000000000 0000000000000000
0x00007ff7b760a1c0:   0000000000000000 0000000000000000
0x00007ff7b760a1d0:   0000000000000000 0000000000000000
0x00007ff7b760a1e0:   0000000000000000 0000000000000000
0x00007ff7b760a1f0:   0000000000000000 0000000000000000
0x00007ff7b760a200:   0000000000000000 0000000000000000
0x00007ff7b760a210:   0000000000000000 0000000000000000
0x00007ff7b760a220:   0000000000000000 0000000000000000
0x00007ff7b760a230:   0000000000000000 0000000000000000
0x00007ff7b760a240:   0000000000000000 0000000000000000
0x00007ff7b760a250:   0000000000000000 0000000000000000
0x00007ff7b760a260:   00007ff7b760a2b0 000000010a015781
0x00007ff7b760a270:   0000000000000000 0000000000000000
0x00007ff7b760a280:   0000000000000000 0000000000000000
0x00007ff7b760a290:   00007ff7b760a2b0 000000010a882fde
0x00007ff7b760a2a0:   0000000000000000 00007ff7b760a368 

Instructions: (pc=0x000000010a19c916)
0x000000010a19c816:   00 00 00 00 00 00 00 48 c7 87 c0 00 00 00 00 00
0x000000010a19c826:   00 00 48 c7 87 c8 00 00 00 00 00 00 00 48 c7 87
0x000000010a19c836:   d0 00 00 00 00 00 00 00 48 c7 87 60 01 00 00 00
0x000000010a19c846:   00 00 00 48 c7 87 58 01 00 00 00 00 00 00 49 8b
0x000000010a19c856:   00 48 89 87 68 01 00 00 c7 87 70 01 00 00 00 00
0x000000010a19c866:   00 00 44 89 8f 74 01 00 00 66 c7 87 78 01 00 00
0x000000010a19c876:   00 00 c6 87 7a 01 00 00 00 48 c7 87 7c 01 00 00
0x000000010a19c886:   00 00 00 00 48 c7 87 84 01 00 00 00 00 00 00 48
0x000000010a19c896:   c7 87 8c 01 00 00 00 00 00 00 48 c7 87 94 01 00
0x000000010a19c8a6:   00 00 00 00 00 48 c7 87 99 01 00 00 00 00 00 00
0x000000010a19c8b6:   c7 87 a4 01 00 00 ff ff ff ff 48 85 d2 75 0e 48
0x000000010a19c8c6:   8d 05 24 ab 9d 00 48 8b 90 a0 1f 00 00 48 89 53
0x000000010a19c8d6:   08 48 89 d7 e8 61 e8 6c 00 48 8d 05 50 5a 9c 00
0x000000010a19c8e6:   80 38 00 74 27 48 8d 05 86 66 98 00 8a 00 24 01
0x000000010a19c8f6:   48 8d 0d 18 59 9c 00 8a 09 80 e1 01 41 80 7f 28
0x000000010a19c906:   00 0f b6 c9 0f b6 c0 0f 44 c1 eb 24 48 8b 43 10
0x000000010a19c916:   48 8b 78 08 48 85 ff 74 0b ff 15 eb 49 98 00 48
0x000000010a19c926:   89 c7 eb 02 31 ff 41 0f b6 77 28 e8 7a e1 76 00
0x000000010a19c936:   88 83 98 01 00 00 41 88 47 28 4c 8b 6b 10 48 8d
0x000000010a19c946:   05 a5 cf 9b 00 41 b4 01 4c 39 28 74 1f 49 8b 7d
0x000000010a19c956:   08 48 85 ff 74 16 ff 15 ae 49 98 00 48 85 c0 74
0x000000010a19c966:   0b 4c 89 ef e8 e1 c8 00 00 41 89 c4 48 8d 05 ff
0x000000010a19c976:   65 98 00 80 38 00 48 8d 05 92 58 9c 00 0f 94 c1
0x000000010a19c986:   80 38 00 0f 94 c0 0f 95 c2 08 c8 08 ca 44 08 e2
0x000000010a19c996:   20 c2 88 93 99 01 00 00 48 89 df 4c 89 fe 4c 89
0x000000010a19c9a6:   f2 e8 34 00 00 00 49 83 7e 08 00 74 0f 48 83 c4
0x000000010a19c9b6:   08 5b 41 5c 41 5d 41 5e 41 5f 5d c3 48 8b 53 28
0x000000010a19c9c6:   48 89 df 4c 89 f1 48 83 c4 08 5b 41 5c 41 5d 41
0x000000010a19c9d6:   5e 41 5f 5d e9 e1 07 00 00 90 55 48 89 e5 41 57
0x000000010a19c9e6:   41 56 41 55 41 54 53 48 81 ec f8 00 00 00 49 89
0x000000010a19c9f6:   d7 48 89 f3 49 89 fe 48 8b 05 74 27 8c 00 48 8b
0x000000010a19ca06:   00 48 89 45 d0 48 8b 46 10 48 2b 46 18 48 83 f8 


Stack slot to memory mapping:
stack at sp + 0 slots: 0x00007ff7b760b010 is pointing into the stack for thread: 0x00007fd2fa142c00
stack at sp + 1 slots: 0x00007fd2fa142c00 is a thread
stack at sp + 2 slots: 0xe1fc336ce1f4d903 is an unknown value
stack at sp + 3 slots: 0x00007ff7b760a468 is pointing into the stack for thread: 0x00007fd2fa142c00
stack at sp + 4 slots: 0x00007ff7b760a410 is pointing into the stack for thread: 0x00007fd2fa142c00
stack at sp + 5 slots: 0x00006000006d1cb0 points into unknown readable memory: 0x6f630023db8a0002 | 02 00 8a db 23 00 63 6f
stack at sp + 6 slots: 0x00007ff7b760a360 is pointing into the stack for thread: 0x00007fd2fa142c00
stack at sp + 7 slots: 0x000000010a5a96c1: _ZN12KlassFactory18create_from_streamEP15ClassFileStreamP6SymbolP15ClassLoaderDataRK13ClassLoadInfoP10JavaThread+0xb1 in /Users/nichapat/Library/Java/JavaVirtualMachines/openjdk-17.0.2/Contents/Home/lib/server/libjvm.dylib at 0x0000000109ec3000


---------------  P R O C E S S  ---------------

Threads class SMR info:
_java_thread_list=0x00006000008bf720, length=15, elements={
0x00007fd2fa00ae00, 0x00007fd2f9812e00, 0x00007fd2f8808200, 0x00007fd2f8821000,
0x00007fd2f8823400, 0x00007fd2fa0c1000, 0x00007fd2f8823a00, 0x00007fd2f8824000,
0x00007fd2f8824600, 0x00007fd2fa818c00, 0x00007fd2fa81b600, 0x00007fd2f982b000,
0x00007fd2f8834200, 0x00007fd2fa812a00, 0x00007fd2fa142c00
}

Java Threads: ( => current thread )
  0x00007fd2fa00ae00 JavaThread "main" [_thread_blocked, id=9731, stack(0x00007000066cd000,0x00007000067cd000)]
  0x00007fd2f9812e00 JavaThread "Reference Handler" daemon [_thread_blocked, id=14851, stack(0x0000700006de2000,0x0000700006ee2000)]
  0x00007fd2f8808200 JavaThread "Finalizer" daemon [_thread_blocked, id=15875, stack(0x0000700006ee5000,0x0000700006fe5000)]
  0x00007fd2f8821000 JavaThread "Signal Dispatcher" daemon [_thread_blocked, id=23043, stack(0x00007000070ee000,0x00007000071ee000)]
  0x00007fd2f8823400 JavaThread "Service Thread" daemon [_thread_blocked, id=23299, stack(0x00007000071f1000,0x00007000072f1000)]
  0x00007fd2fa0c1000 JavaThread "Monitor Deflation Thread" daemon [_thread_blocked, id=41987, stack(0x00007000072f4000,0x00007000073f4000)]
  0x00007fd2f8823a00 JavaThread "C2 CompilerThread0" daemon [_thread_blocked, id=23811, stack(0x00007000073f7000,0x00007000074f7000)]
  0x00007fd2f8824000 JavaThread "C1 CompilerThread0" daemon [_thread_blocked, id=24323, stack(0x00007000074fa000,0x00007000075fa000)]
  0x00007fd2f8824600 JavaThread "Sweeper thread" daemon [_thread_blocked, id=24835, stack(0x00007000075fd000,0x00007000076fd000)]
  0x00007fd2fa818c00 JavaThread "Common-Cleaner" daemon [_thread_blocked, id=41475, stack(0x0000700007700000,0x0000700007800000)]
  0x00007fd2fa81b600 JavaThread "Monitor Ctrl-Break" daemon [_thread_in_native, id=25347, stack(0x0000700007906000,0x0000700007a06000)]
  0x00007fd2f982b000 JavaThread "Notification Thread" daemon [_thread_blocked, id=40707, stack(0x0000700007a09000,0x0000700007b09000)]
  0x00007fd2f8834200 JavaThread "QuantumRenderer-0" daemon [_thread_blocked, id=25859, stack(0x0000700007c0f000,0x0000700007d0f000)]
  0x00007fd2fa812a00 JavaThread "InvokeLaterDispatcher" daemon [_thread_blocked, id=25099, stack(0x0000700007803000,0x0000700007903000)]
=>0x00007fd2fa142c00 JavaThread "Thread-1" [_thread_in_native, id=259, stack(0x00007ff7b6e10000,0x00007ff7b7610000)]

Other Threads:
  0x00007fd2f9005f60 VMThread "VM Thread" [stack: 0x0000700006cdf000,0x0000700006ddf000] [id=14595]
  0x00007fd2f90226e0 WatcherThread [stack: 0x0000700007b0c000,0x0000700007c0c000] [id=40195]
  0x00007fd2f9107de0 GCTaskThread "GC Thread#0" [stack: 0x00007000067d0000,0x00007000068d0000] [id=20227]
  0x00007fd2f9108480 ConcurrentGCThread "G1 Main Marker" [stack: 0x00007000068d3000,0x00007000069d3000] [id=12803]
  0x00007fd2f9108d00 ConcurrentGCThread "G1 Conc#0" [stack: 0x00007000069d6000,0x0000700006ad6000] [id=13059]
  0x00007fd2f8704290 ConcurrentGCThread "G1 Refine#0" [stack: 0x0000700006ad9000,0x0000700006bd9000] [id=13571]
  0x00007fd2f9004b30 ConcurrentGCThread "G1 Service" [stack: 0x0000700006bdc000,0x0000700006cdc000] [id=13827]

Threads with active compile tasks:

VM state: not at safepoint (normal execution)

VM Mutex/Monitor currently owned by a thread: None

Heap address: 0x0000000700000000, size: 4096 MB, Compressed Oops mode: Zero based, Oop shift amount: 3

CDS archive(s) mapped at: [0x0000000800000000-0x0000000800bd4000-0x0000000800bd4000), size 12402688, SharedBaseAddress: 0x0000000800000000, ArchiveRelocationMode: 0.
Compressed class space mapped at: 0x0000000800c00000-0x0000000840c00000, reserved size: 1073741824
Narrow klass base: 0x0000000800000000, Narrow klass shift: 0, Narrow klass range: 0x100000000

GC Precious Log:
 CPUs: 4 total, 4 available
 Memory: 16384M
 Large Page Support: Disabled
 NUMA Support: Disabled
 Compressed Oops: Enabled (Zero based)
 Heap Region Size: 2M
 Heap Min Capacity: 8M
 Heap Initial Capacity: 256M
 Heap Max Capacity: 4G
 Pre-touch: Disabled
 Parallel Workers: 4
 Concurrent Workers: 1
 Concurrent Refinement Workers: 4
 Periodic GC: Disabled

Heap:
 garbage-first heap   total 266240K, used 10196K [0x0000000700000000, 0x0000000800000000)
  region size 2048K, 6 young (12288K), 0 survivors (0K)
 Metaspace       used 3315K, committed 3584K, reserved 1056768K
  class space    used 375K, committed 512K, reserved 1048576K

Heap Regions: E=young(eden), S=young(survivor), O=old, HS=humongous(starts), HC=humongous(continues), CS=collection set, F=free, OA=open archive, CA=closed archive, TAMS=top-at-mark-start (previous, next)
|   0|0x0000000700000000, 0x0000000700000000, 0x0000000700200000|  0%| F|  |TAMS 0x0000000700000000, 0x0000000700000000| Untracked 
|   1|0x0000000700200000, 0x0000000700200000, 0x0000000700400000|  0%| F|  |TAMS 0x0000000700200000, 0x0000000700200000| Untracked 
|   2|0x0000000700400000, 0x0000000700400000, 0x0000000700600000|  0%| F|  |TAMS 0x0000000700400000, 0x0000000700400000| Untracked 
|   3|0x0000000700600000, 0x0000000700600000, 0x0000000700800000|  0%| F|  |TAMS 0x0000000700600000, 0x0000000700600000| Untracked 
|   4|0x0000000700800000, 0x0000000700800000, 0x0000000700a00000|  0%| F|  |TAMS 0x0000000700800000, 0x0000000700800000| Untracked 
|   5|0x0000000700a00000, 0x0000000700a00000, 0x0000000700c00000|  0%| F|  |TAMS 0x0000000700a00000, 0x0000000700a00000| Untracked 
|   6|0x0000000700c00000, 0x0000000700c00000, 0x0000000700e00000|  0%| F|  |TAMS 0x0000000700c00000, 0x0000000700c00000| Untracked 
|   7|0x0000000700e00000, 0x0000000700e00000, 0x0000000701000000|  0%| F|  |TAMS 0x0000000700e00000, 0x0000000700e00000| Untracked 
|   8|0x0000000701000000, 0x0000000701000000, 0x0000000701200000|  0%| F|  |TAMS 0x0000000701000000, 0x0000000701000000| Untracked 
|   9|0x0000000701200000, 0x0000000701200000, 0x0000000701400000|  0%| F|  |TAMS 0x0000000701200000, 0x0000000701200000| Untracked 
|  10|0x0000000701400000, 0x0000000701400000, 0x0000000701600000|  0%| F|  |TAMS 0x0000000701400000, 0x0000000701400000| Untracked 
|  11|0x0000000701600000, 0x0000000701600000, 0x0000000701800000|  0%| F|  |TAMS 0x0000000701600000, 0x0000000701600000| Untracked 
|  12|0x0000000701800000, 0x0000000701800000, 0x0000000701a00000|  0%| F|  |TAMS 0x0000000701800000, 0x0000000701800000| Untracked 
|  13|0x0000000701a00000, 0x0000000701a00000, 0x0000000701c00000|  0%| F|  |TAMS 0x0000000701a00000, 0x0000000701a00000| Untracked 
|  14|0x0000000701c00000, 0x0000000701c00000, 0x0000000701e00000|  0%| F|  |TAMS 0x0000000701c00000, 0x0000000701c00000| Untracked 
|  15|0x0000000701e00000, 0x0000000701e00000, 0x0000000702000000|  0%| F|  |TAMS 0x0000000701e00000, 0x0000000701e00000| Untracked 
|  16|0x0000000702000000, 0x0000000702000000, 0x0000000702200000|  0%| F|  |TAMS 0x0000000702000000, 0x0000000702000000| Untracked 
|  17|0x0000000702200000, 0x0000000702200000, 0x0000000702400000|  0%| F|  |TAMS 0x0000000702200000, 0x0000000702200000| Untracked 
|  18|0x0000000702400000, 0x0000000702400000, 0x0000000702600000|  0%| F|  |TAMS 0x0000000702400000, 0x0000000702400000| Untracked 
|  19|0x0000000702600000, 0x0000000702600000, 0x0000000702800000|  0%| F|  |TAMS 0x0000000702600000, 0x0000000702600000| Untracked 
|  20|0x0000000702800000, 0x0000000702800000, 0x0000000702a00000|  0%| F|  |TAMS 0x0000000702800000, 0x0000000702800000| Untracked 
|  21|0x0000000702a00000, 0x0000000702a00000, 0x0000000702c00000|  0%| F|  |TAMS 0x0000000702a00000, 0x0000000702a00000| Untracked 
|  22|0x0000000702c00000, 0x0000000702c00000, 0x0000000702e00000|  0%| F|  |TAMS 0x0000000702c00000, 0x0000000702c00000| Untracked 
|  23|0x0000000702e00000, 0x0000000702e00000, 0x0000000703000000|  0%| F|  |TAMS 0x0000000702e00000, 0x0000000702e00000| Untracked 
|  24|0x0000000703000000, 0x0000000703000000, 0x0000000703200000|  0%| F|  |TAMS 0x0000000703000000, 0x0000000703000000| Untracked 
|  25|0x0000000703200000, 0x0000000703200000, 0x0000000703400000|  0%| F|  |TAMS 0x0000000703200000, 0x0000000703200000| Untracked 
|  26|0x0000000703400000, 0x0000000703400000, 0x0000000703600000|  0%| F|  |TAMS 0x0000000703400000, 0x0000000703400000| Untracked 
|  27|0x0000000703600000, 0x0000000703600000, 0x0000000703800000|  0%| F|  |TAMS 0x0000000703600000, 0x0000000703600000| Untracked 
|  28|0x0000000703800000, 0x0000000703800000, 0x0000000703a00000|  0%| F|  |TAMS 0x0000000703800000, 0x0000000703800000| Untracked 
|  29|0x0000000703a00000, 0x0000000703a00000, 0x0000000703c00000|  0%| F|  |TAMS 0x0000000703a00000, 0x0000000703a00000| Untracked 
|  30|0x0000000703c00000, 0x0000000703c00000, 0x0000000703e00000|  0%| F|  |TAMS 0x0000000703c00000, 0x0000000703c00000| Untracked 
|  31|0x0000000703e00000, 0x0000000703e00000, 0x0000000704000000|  0%| F|  |TAMS 0x0000000703e00000, 0x0000000703e00000| Untracked 
|  32|0x0000000704000000, 0x0000000704000000, 0x0000000704200000|  0%| F|  |TAMS 0x0000000704000000, 0x0000000704000000| Untracked 
|  33|0x0000000704200000, 0x0000000704200000, 0x0000000704400000|  0%| F|  |TAMS 0x0000000704200000, 0x0000000704200000| Untracked 
|  34|0x0000000704400000, 0x0000000704400000, 0x0000000704600000|  0%| F|  |TAMS 0x0000000704400000, 0x0000000704400000| Untracked 
|  35|0x0000000704600000, 0x0000000704600000, 0x0000000704800000|  0%| F|  |TAMS 0x0000000704600000, 0x0000000704600000| Untracked 
|  36|0x0000000704800000, 0x0000000704800000, 0x0000000704a00000|  0%| F|  |TAMS 0x0000000704800000, 0x0000000704800000| Untracked 
|  37|0x0000000704a00000, 0x0000000704a00000, 0x0000000704c00000|  0%| F|  |TAMS 0x0000000704a00000, 0x0000000704a00000| Untracked 
|  38|0x0000000704c00000, 0x0000000704c00000, 0x0000000704e00000|  0%| F|  |TAMS 0x0000000704c00000, 0x0000000704c00000| Untracked 
|  39|0x0000000704e00000, 0x0000000704e00000, 0x0000000705000000|  0%| F|  |TAMS 0x0000000704e00000, 0x0000000704e00000| Untracked 
|  40|0x0000000705000000, 0x0000000705000000, 0x0000000705200000|  0%| F|  |TAMS 0x0000000705000000, 0x0000000705000000| Untracked 
|  41|0x0000000705200000, 0x0000000705200000, 0x0000000705400000|  0%| F|  |TAMS 0x0000000705200000, 0x0000000705200000| Untracked 
|  42|0x0000000705400000, 0x0000000705400000, 0x0000000705600000|  0%| F|  |TAMS 0x0000000705400000, 0x0000000705400000| Untracked 
|  43|0x0000000705600000, 0x0000000705600000, 0x0000000705800000|  0%| F|  |TAMS 0x0000000705600000, 0x0000000705600000| Untracked 
|  44|0x0000000705800000, 0x0000000705800000, 0x0000000705a00000|  0%| F|  |TAMS 0x0000000705800000, 0x0000000705800000| Untracked 
|  45|0x0000000705a00000, 0x0000000705a00000, 0x0000000705c00000|  0%| F|  |TAMS 0x0000000705a00000, 0x0000000705a00000| Untracked 
|  46|0x0000000705c00000, 0x0000000705c00000, 0x0000000705e00000|  0%| F|  |TAMS 0x0000000705c00000, 0x0000000705c00000| Untracked 
|  47|0x0000000705e00000, 0x0000000705e00000, 0x0000000706000000|  0%| F|  |TAMS 0x0000000705e00000, 0x0000000705e00000| Untracked 
|  48|0x0000000706000000, 0x0000000706000000, 0x0000000706200000|  0%| F|  |TAMS 0x0000000706000000, 0x0000000706000000| Untracked 
|  49|0x0000000706200000, 0x0000000706200000, 0x0000000706400000|  0%| F|  |TAMS 0x0000000706200000, 0x0000000706200000| Untracked 
|  50|0x0000000706400000, 0x0000000706400000, 0x0000000706600000|  0%| F|  |TAMS 0x0000000706400000, 0x0000000706400000| Untracked 
|  51|0x0000000706600000, 0x0000000706600000, 0x0000000706800000|  0%| F|  |TAMS 0x0000000706600000, 0x0000000706600000| Untracked 
|  52|0x0000000706800000, 0x0000000706800000, 0x0000000706a00000|  0%| F|  |TAMS 0x0000000706800000, 0x0000000706800000| Untracked 
|  53|0x0000000706a00000, 0x0000000706a00000, 0x0000000706c00000|  0%| F|  |TAMS 0x0000000706a00000, 0x0000000706a00000| Untracked 
|  54|0x0000000706c00000, 0x0000000706c00000, 0x0000000706e00000|  0%| F|  |TAMS 0x0000000706c00000, 0x0000000706c00000| Untracked 
|  55|0x0000000706e00000, 0x0000000706e00000, 0x0000000707000000|  0%| F|  |TAMS 0x0000000706e00000, 0x0000000706e00000| Untracked 
|  56|0x0000000707000000, 0x0000000707000000, 0x0000000707200000|  0%| F|  |TAMS 0x0000000707000000, 0x0000000707000000| Untracked 
|  57|0x0000000707200000, 0x0000000707200000, 0x0000000707400000|  0%| F|  |TAMS 0x0000000707200000, 0x0000000707200000| Untracked 
|  58|0x0000000707400000, 0x0000000707400000, 0x0000000707600000|  0%| F|  |TAMS 0x0000000707400000, 0x0000000707400000| Untracked 
|  59|0x0000000707600000, 0x0000000707600000, 0x0000000707800000|  0%| F|  |TAMS 0x0000000707600000, 0x0000000707600000| Untracked 
|  60|0x0000000707800000, 0x0000000707800000, 0x0000000707a00000|  0%| F|  |TAMS 0x0000000707800000, 0x0000000707800000| Untracked 
|  61|0x0000000707a00000, 0x0000000707a00000, 0x0000000707c00000|  0%| F|  |TAMS 0x0000000707a00000, 0x0000000707a00000| Untracked 
|  62|0x0000000707c00000, 0x0000000707c00000, 0x0000000707e00000|  0%| F|  |TAMS 0x0000000707c00000, 0x0000000707c00000| Untracked 
|  63|0x0000000707e00000, 0x0000000707e00000, 0x0000000708000000|  0%| F|  |TAMS 0x0000000707e00000, 0x0000000707e00000| Untracked 
|  64|0x0000000708000000, 0x0000000708000000, 0x0000000708200000|  0%| F|  |TAMS 0x0000000708000000, 0x0000000708000000| Untracked 
|  65|0x0000000708200000, 0x0000000708200000, 0x0000000708400000|  0%| F|  |TAMS 0x0000000708200000, 0x0000000708200000| Untracked 
|  66|0x0000000708400000, 0x0000000708400000, 0x0000000708600000|  0%| F|  |TAMS 0x0000000708400000, 0x0000000708400000| Untracked 
|  67|0x0000000708600000, 0x0000000708600000, 0x0000000708800000|  0%| F|  |TAMS 0x0000000708600000, 0x0000000708600000| Untracked 
|  68|0x0000000708800000, 0x0000000708800000, 0x0000000708a00000|  0%| F|  |TAMS 0x0000000708800000, 0x0000000708800000| Untracked 
|  69|0x0000000708a00000, 0x0000000708a00000, 0x0000000708c00000|  0%| F|  |TAMS 0x0000000708a00000, 0x0000000708a00000| Untracked 
|  70|0x0000000708c00000, 0x0000000708c00000, 0x0000000708e00000|  0%| F|  |TAMS 0x0000000708c00000, 0x0000000708c00000| Untracked 
|  71|0x0000000708e00000, 0x0000000708e00000, 0x0000000709000000|  0%| F|  |TAMS 0x0000000708e00000, 0x0000000708e00000| Untracked 
|  72|0x0000000709000000, 0x0000000709000000, 0x0000000709200000|  0%| F|  |TAMS 0x0000000709000000, 0x0000000709000000| Untracked 
|  73|0x0000000709200000, 0x0000000709200000, 0x0000000709400000|  0%| F|  |TAMS 0x0000000709200000, 0x0000000709200000| Untracked 
|  74|0x0000000709400000, 0x0000000709400000, 0x0000000709600000|  0%| F|  |TAMS 0x0000000709400000, 0x0000000709400000| Untracked 
|  75|0x0000000709600000, 0x0000000709600000, 0x0000000709800000|  0%| F|  |TAMS 0x0000000709600000, 0x0000000709600000| Untracked 
|  76|0x0000000709800000, 0x0000000709800000, 0x0000000709a00000|  0%| F|  |TAMS 0x0000000709800000, 0x0000000709800000| Untracked 
|  77|0x0000000709a00000, 0x0000000709a00000, 0x0000000709c00000|  0%| F|  |TAMS 0x0000000709a00000, 0x0000000709a00000| Untracked 
|  78|0x0000000709c00000, 0x0000000709c00000, 0x0000000709e00000|  0%| F|  |TAMS 0x0000000709c00000, 0x0000000709c00000| Untracked 
|  79|0x0000000709e00000, 0x0000000709e00000, 0x000000070a000000|  0%| F|  |TAMS 0x0000000709e00000, 0x0000000709e00000| Untracked 
|  80|0x000000070a000000, 0x000000070a000000, 0x000000070a200000|  0%| F|  |TAMS 0x000000070a000000, 0x000000070a000000| Untracked 
|  81|0x000000070a200000, 0x000000070a200000, 0x000000070a400000|  0%| F|  |TAMS 0x000000070a200000, 0x000000070a200000| Untracked 
|  82|0x000000070a400000, 0x000000070a400000, 0x000000070a600000|  0%| F|  |TAMS 0x000000070a400000, 0x000000070a400000| Untracked 
|  83|0x000000070a600000, 0x000000070a600000, 0x000000070a800000|  0%| F|  |TAMS 0x000000070a600000, 0x000000070a600000| Untracked 
|  84|0x000000070a800000, 0x000000070a800000, 0x000000070aa00000|  0%| F|  |TAMS 0x000000070a800000, 0x000000070a800000| Untracked 
|  85|0x000000070aa00000, 0x000000070aa00000, 0x000000070ac00000|  0%| F|  |TAMS 0x000000070aa00000, 0x000000070aa00000| Untracked 
|  86|0x000000070ac00000, 0x000000070ac00000, 0x000000070ae00000|  0%| F|  |TAMS 0x000000070ac00000, 0x000000070ac00000| Untracked 
|  87|0x000000070ae00000, 0x000000070ae00000, 0x000000070b000000|  0%| F|  |TAMS 0x000000070ae00000, 0x000000070ae00000| Untracked 
|  88|0x000000070b000000, 0x000000070b000000, 0x000000070b200000|  0%| F|  |TAMS 0x000000070b000000, 0x000000070b000000| Untracked 
|  89|0x000000070b200000, 0x000000070b200000, 0x000000070b400000|  0%| F|  |TAMS 0x000000070b200000, 0x000000070b200000| Untracked 
|  90|0x000000070b400000, 0x000000070b400000, 0x000000070b600000|  0%| F|  |TAMS 0x000000070b400000, 0x000000070b400000| Untracked 
|  91|0x000000070b600000, 0x000000070b600000, 0x000000070b800000|  0%| F|  |TAMS 0x000000070b600000, 0x000000070b600000| Untracked 
|  92|0x000000070b800000, 0x000000070b800000, 0x000000070ba00000|  0%| F|  |TAMS 0x000000070b800000, 0x000000070b800000| Untracked 
|  93|0x000000070ba00000, 0x000000070ba00000, 0x000000070bc00000|  0%| F|  |TAMS 0x000000070ba00000, 0x000000070ba00000| Untracked 
|  94|0x000000070bc00000, 0x000000070bc00000, 0x000000070be00000|  0%| F|  |TAMS 0x000000070bc00000, 0x000000070bc00000| Untracked 
|  95|0x000000070be00000, 0x000000070be00000, 0x000000070c000000|  0%| F|  |TAMS 0x000000070be00000, 0x000000070be00000| Untracked 
|  96|0x000000070c000000, 0x000000070c000000, 0x000000070c200000|  0%| F|  |TAMS 0x000000070c000000, 0x000000070c000000| Untracked 
|  97|0x000000070c200000, 0x000000070c200000, 0x000000070c400000|  0%| F|  |TAMS 0x000000070c200000, 0x000000070c200000| Untracked 
|  98|0x000000070c400000, 0x000000070c400000, 0x000000070c600000|  0%| F|  |TAMS 0x000000070c400000, 0x000000070c400000| Untracked 
|  99|0x000000070c600000, 0x000000070c600000, 0x000000070c800000|  0%| F|  |TAMS 0x000000070c600000, 0x000000070c600000| Untracked 
| 100|0x000000070c800000, 0x000000070c800000, 0x000000070ca00000|  0%| F|  |TAMS 0x000000070c800000, 0x000000070c800000| Untracked 
| 101|0x000000070ca00000, 0x000000070ca00000, 0x000000070cc00000|  0%| F|  |TAMS 0x000000070ca00000, 0x000000070ca00000| Untracked 
| 102|0x000000070cc00000, 0x000000070cc00000, 0x000000070ce00000|  0%| F|  |TAMS 0x000000070cc00000, 0x000000070cc00000| Untracked 
| 103|0x000000070ce00000, 0x000000070ce00000, 0x000000070d000000|  0%| F|  |TAMS 0x000000070ce00000, 0x000000070ce00000| Untracked 
| 104|0x000000070d000000, 0x000000070d000000, 0x000000070d200000|  0%| F|  |TAMS 0x000000070d000000, 0x000000070d000000| Untracked 
| 105|0x000000070d200000, 0x000000070d200000, 0x000000070d400000|  0%| F|  |TAMS 0x000000070d200000, 0x000000070d200000| Untracked 
| 106|0x000000070d400000, 0x000000070d400000, 0x000000070d600000|  0%| F|  |TAMS 0x000000070d400000, 0x000000070d400000| Untracked 
| 107|0x000000070d600000, 0x000000070d600000, 0x000000070d800000|  0%| F|  |TAMS 0x000000070d600000, 0x000000070d600000| Untracked 
| 108|0x000000070d800000, 0x000000070d800000, 0x000000070da00000|  0%| F|  |TAMS 0x000000070d800000, 0x000000070d800000| Untracked 
| 109|0x000000070da00000, 0x000000070da00000, 0x000000070dc00000|  0%| F|  |TAMS 0x000000070da00000, 0x000000070da00000| Untracked 
| 110|0x000000070dc00000, 0x000000070dc00000, 0x000000070de00000|  0%| F|  |TAMS 0x000000070dc00000, 0x000000070dc00000| Untracked 
| 111|0x000000070de00000, 0x000000070de00000, 0x000000070e000000|  0%| F|  |TAMS 0x000000070de00000, 0x000000070de00000| Untracked 
| 112|0x000000070e000000, 0x000000070e000000, 0x000000070e200000|  0%| F|  |TAMS 0x000000070e000000, 0x000000070e000000| Untracked 
| 113|0x000000070e200000, 0x000000070e200000, 0x000000070e400000|  0%| F|  |TAMS 0x000000070e200000, 0x000000070e200000| Untracked 
| 114|0x000000070e400000, 0x000000070e400000, 0x000000070e600000|  0%| F|  |TAMS 0x000000070e400000, 0x000000070e400000| Untracked 
| 115|0x000000070e600000, 0x000000070e600000, 0x000000070e800000|  0%| F|  |TAMS 0x000000070e600000, 0x000000070e600000| Untracked 
| 116|0x000000070e800000, 0x000000070e800000, 0x000000070ea00000|  0%| F|  |TAMS 0x000000070e800000, 0x000000070e800000| Untracked 
| 117|0x000000070ea00000, 0x000000070ea00000, 0x000000070ec00000|  0%| F|  |TAMS 0x000000070ea00000, 0x000000070ea00000| Untracked 
| 118|0x000000070ec00000, 0x000000070ec00000, 0x000000070ee00000|  0%| F|  |TAMS 0x000000070ec00000, 0x000000070ec00000| Untracked 
| 119|0x000000070ee00000, 0x000000070ee00000, 0x000000070f000000|  0%| F|  |TAMS 0x000000070ee00000, 0x000000070ee00000| Untracked 
| 120|0x000000070f000000, 0x000000070f000000, 0x000000070f200000|  0%| F|  |TAMS 0x000000070f000000, 0x000000070f000000| Untracked 
| 121|0x000000070f200000, 0x000000070f200000, 0x000000070f400000|  0%| F|  |TAMS 0x000000070f200000, 0x000000070f200000| Untracked 
| 122|0x000000070f400000, 0x000000070f4fcc40, 0x000000070f600000| 49%| E|  |TAMS 0x000000070f400000, 0x000000070f400000| Complete 
| 123|0x000000070f600000, 0x000000070f800000, 0x000000070f800000|100%| E|  |TAMS 0x000000070f600000, 0x000000070f600000| Complete 
| 124|0x000000070f800000, 0x000000070fa00000, 0x000000070fa00000|100%| E|CS|TAMS 0x000000070f800000, 0x000000070f800000| Complete 
| 125|0x000000070fa00000, 0x000000070fc00000, 0x000000070fc00000|100%| E|CS|TAMS 0x000000070fa00000, 0x000000070fa00000| Complete 
| 126|0x000000070fc00000, 0x000000070fe00000, 0x000000070fe00000|100%| E|CS|TAMS 0x000000070fc00000, 0x000000070fc00000| Complete 
| 127|0x000000070fe00000, 0x0000000710000000, 0x0000000710000000|100%| E|CS|TAMS 0x000000070fe00000, 0x000000070fe00000| Complete 
|2046|0x00000007ffc00000, 0x00000007ffd76000, 0x00000007ffe00000| 73%|OA|  |TAMS 0x00000007ffc00000, 0x00000007ffc00000| Untracked 
|2047|0x00000007ffe00000, 0x00000007ffe7f000, 0x0000000800000000| 24%|CA|  |TAMS 0x00000007ffe00000, 0x00000007ffe00000| Untracked 

Card table byte_map: [0x00000001094f3000,0x0000000109cf3000] _byte_map_base: 0x0000000105cf3000

Marking Bits (Prev, Next): (CMBitMap*) 0x00007fd2fa02ec10, (CMBitMap*) 0x00007fd2fa02ec50
 Prev Bits: [0x0000000121ea6000, 0x0000000125ea6000)
 Next Bits: [0x0000000125ea6000, 0x0000000129ea6000)

Polling page: 0x0000000108a17000

Metaspace:

Usage:
  Non-class:      2.87 MB used.
      Class:    375.88 KB used.
       Both:      3.24 MB used.

Virtual space:
  Non-class space:        8.00 MB reserved,       3.00 MB ( 38%) committed,  1 nodes.
      Class space:        1.00 GB reserved,     512.00 KB ( <1%) committed,  1 nodes.
             Both:        1.01 GB reserved,       3.50 MB ( <1%) committed. 

Chunk freelists:
   Non-Class:  2.86 MB
       Class:  3.55 MB
        Both:  6.41 MB

MaxMetaspaceSize: unlimited
CompressedClassSpaceSize: 1.00 GB
Initial GC threshold: 21.00 MB
Current GC threshold: 21.00 MB
CDS: on
MetaspaceReclaimPolicy: balanced
 - commit_granule_bytes: 65536.
 - commit_granule_words: 8192.
 - virtual_space_node_default_size: 1048576.
 - enlarge_chunks_in_place: 1.
 - new_chunks_are_fully_committed: 0.
 - uncommit_free_chunks: 1.
 - use_allocation_guard: 0.
 - handle_deallocations: 1.


Internal statistics:

num_allocs_failed_limit: 0.
num_arena_births: 80.
num_arena_deaths: 0.
num_vsnodes_births: 2.
num_vsnodes_deaths: 0.
num_space_committed: 56.
num_space_uncommitted: 0.
num_chunks_returned_to_freelist: 0.
num_chunks_taken_from_freelist: 155.
num_chunk_merges: 0.
num_chunk_splits: 98.
num_chunks_enlarged: 62.
num_purges: 0.
num_inconsistent_stats: 0.

CodeHeap 'non-profiled nmethods': size=120032Kb used=230Kb max_used=230Kb free=119801Kb
 bounds [0x000000011a16e000, 0x000000011a3de000, 0x00000001216a6000]
CodeHeap 'profiled nmethods': size=120028Kb used=950Kb max_used=950Kb free=119078Kb
 bounds [0x0000000112c37000, 0x0000000112ea7000, 0x000000011a16e000]
CodeHeap 'non-nmethods': size=5700Kb used=1176Kb max_used=1193Kb free=4523Kb
 bounds [0x00000001126a6000, 0x0000000112916000, 0x0000000112c37000]
 total_blobs=1151 nmethods=672 adapters=393
 compilation: enabled
              stopped_count=0, restarted_count=0
 full_count=0

Compilation events (20 events):
Event: 0.645 Thread 0x00007fd2f8823a00  662       4       sun.security.provider.MD5::implCompress (13 bytes)
Event: 0.646 Thread 0x00007fd2f8823a00 nmethod 662 0x000000011a1a6190 code [0x000000011a1a6320, 0x000000011a1a6418]
Event: 0.646 Thread 0x00007fd2f8823a00  664       4       sun.security.provider.MD5::implCompress0 (1407 bytes)
Event: 0.646 Thread 0x00007fd2f8824000  663       3       sun.security.provider.DigestBase::implCompressMultiBlock0 (23 bytes)
Event: 0.646 Thread 0x00007fd2f8824000 nmethod 663 0x0000000112d21290 code [0x0000000112d21440, 0x0000000112d216e0]
Event: 0.651 Thread 0x00007fd2f8824000  665       3       java.io.FilterInputStream::read (9 bytes)
Event: 0.651 Thread 0x00007fd2f8824000 nmethod 665 0x0000000112d21810 code [0x0000000112d219c0, 0x0000000112d21ba0]
Event: 0.654 Thread 0x00007fd2f8824000  666       3       java.lang.invoke.MethodHandleNatives::refKindIsMethod (19 bytes)
Event: 0.655 Thread 0x00007fd2f8824000 nmethod 666 0x0000000112d21c90 code [0x0000000112d21e40, 0x0000000112d22090]
Event: 0.655 Thread 0x00007fd2f8824000  668       3       java.lang.invoke.TypeConvertingMethodAdapter::descriptorToName (36 bytes)
Event: 0.655 Thread 0x00007fd2f8824000 nmethod 668 0x0000000112d22110 code [0x0000000112d223a0, 0x0000000112d22f40]
Event: 0.656 Thread 0x00007fd2f8824000  669       3       java.lang.invoke.MemberName::getModifiers (8 bytes)
Event: 0.656 Thread 0x00007fd2f8824000 nmethod 669 0x0000000112d23410 code [0x0000000112d235a0, 0x0000000112d236b0]
Event: 0.657 Thread 0x00007fd2f8824000  671       3       java.lang.invoke.MethodType::toMethodDescriptorString (28 bytes)
Event: 0.657 Thread 0x00007fd2f8824000 nmethod 671 0x0000000112d23710 code [0x0000000112d238c0, 0x0000000112d23aa0]
Event: 0.657 Thread 0x00007fd2f8824000  670       3       java.lang.invoke.MethodHandleNatives::refKindHasReceiver (33 bytes)
Event: 0.657 Thread 0x00007fd2f8824000 nmethod 670 0x0000000112d23b90 code [0x0000000112d23d20, 0x0000000112d23e70]
Event: 0.666 Thread 0x00007fd2f8823a00 nmethod 664 0x000000011a1a6990 code [0x000000011a1a6b20, 0x000000011a1a7818]
Event: 0.717 Thread 0x00007fd2f8824000  672       3       jdk.internal.org.objectweb.asm.AnnotationWriter::putAnnotations (67 bytes)
Event: 0.717 Thread 0x00007fd2f8824000 nmethod 672 0x0000000112d23f10 code [0x0000000112d24140, 0x0000000112d24570]

GC Heap History (0 events):
No events

Deoptimization events (20 events):
Event: 0.247 Thread 0x00007fd2fa00ae00 DEOPT PACKING pc=0x000000011a183ea8 sp=0x00007000067cc310
Event: 0.247 Thread 0x00007fd2fa00ae00 DEOPT UNPACKING pc=0x00000001126f8099 sp=0x00007000067cc270 mode 2
Event: 0.247 Thread 0x00007fd2fa00ae00 Uncommon trap: trap_request=0xffffffe5 fr.pc=0x000000011a184780 relative=0x0000000000000160
Event: 0.247 Thread 0x00007fd2fa00ae00 Uncommon trap: reason=range_check action=reinterpret pc=0x000000011a184780 method=java.lang.StringLatin1.indexOf([BII)I @ 13 c2
Event: 0.247 Thread 0x00007fd2fa00ae00 DEOPT PACKING pc=0x000000011a184780 sp=0x00007000067cc2c0
Event: 0.247 Thread 0x00007fd2fa00ae00 DEOPT UNPACKING pc=0x00000001126f8099 sp=0x00007000067cc270 mode 2
Event: 0.247 Thread 0x00007fd2fa00ae00 Uncommon trap: trap_request=0xffffff45 fr.pc=0x000000011a1825a8 relative=0x0000000000000408
Event: 0.247 Thread 0x00007fd2fa00ae00 Uncommon trap: reason=unstable_if action=reinterpret pc=0x000000011a1825a8 method=java.lang.StringLatin1.newString([BII)Ljava/lang/String; @ 1 c2
Event: 0.247 Thread 0x00007fd2fa00ae00 DEOPT PACKING pc=0x000000011a1825a8 sp=0x00007000067cc290
Event: 0.247 Thread 0x00007fd2fa00ae00 DEOPT UNPACKING pc=0x00000001126f8099 sp=0x00007000067cc270 mode 2
Event: 0.256 Thread 0x00007fd2fa00ae00 Uncommon trap: trap_request=0xfffffff4 fr.pc=0x000000011a180250 relative=0x00000000000001b0
Event: 0.256 Thread 0x00007fd2fa00ae00 Uncommon trap: reason=null_check action=make_not_entrant pc=0x000000011a180250 method=java.lang.String.equals(Ljava/lang/Object;)Z @ 8 c2
Event: 0.256 Thread 0x00007fd2fa00ae00 DEOPT PACKING pc=0x000000011a180250 sp=0x00007000067cb670
Event: 0.256 Thread 0x00007fd2fa00ae00 DEOPT UNPACKING pc=0x00000001126f8099 sp=0x00007000067cb638 mode 2
Event: 0.383 Thread 0x00007fd2fa00ae00 DEOPT PACKING pc=0x0000000112cbc55a sp=0x00007000067c7e10
Event: 0.383 Thread 0x00007fd2fa00ae00 DEOPT UNPACKING pc=0x00000001126f882f sp=0x00007000067c7250 mode 0
Event: 0.456 Thread 0x00007fd2f8834200 Uncommon trap: trap_request=0xffffff45 fr.pc=0x000000011a181988 relative=0x00000000000006c8
Event: 0.456 Thread 0x00007fd2f8834200 Uncommon trap: reason=unstable_if action=reinterpret pc=0x000000011a181988 method=jdk.internal.module.Checks.isJavaIdentifier(Ljava/lang/String;)Z @ 4 c2
Event: 0.456 Thread 0x00007fd2f8834200 DEOPT PACKING pc=0x000000011a181988 sp=0x0000700007d0dd90
Event: 0.456 Thread 0x00007fd2f8834200 DEOPT UNPACKING pc=0x00000001126f8099 sp=0x0000700007d0dd50 mode 2

Classes unloaded (0 events):
No events

Classes redefined (0 events):
No events

Internal exceptions (12 events):
Event: 0.087 Thread 0x00007fd2fa00ae00 Exception <a 'java/lang/NoSuchMethodError'{0x000000070fe9fb90}: 'void java.lang.invoke.DirectMethodHandle$Holder.invokeVirtual(java.lang.Object, java.lang.Object)'> (0x000000070fe9fb90) 
thrown [open/src/hotspot/share/interpreter/linkResolver.cpp, line 766]
Event: 0.220 Thread 0x00007fd2fa00ae00 Exception <a 'java/lang/NoSuchMethodError'{0x000000070fd6a3c0}: 'void java.lang.invoke.DirectMethodHandle$Holder.invokeSpecial(java.lang.Object, java.lang.Object, java.lang.Object, java.lang.Object, java.lang.Object)'> (0x000000070fd6a3c0) 
thrown [open/src/hotspot/share/interpreter/linkResolver.cpp, line 766]
Event: 0.230 Thread 0x00007fd2fa00ae00 Exception <a 'java/lang/NoSuchMethodError'{0x000000070fd7e0e8}: 'java.lang.Object java.lang.invoke.DirectMethodHandle$Holder.invokeInterface(java.lang.Object, java.lang.Object)'> (0x000000070fd7e0e8) 
thrown [open/src/hotspot/share/interpreter/linkResolver.cpp, line 766]
Event: 0.230 Thread 0x00007fd2fa00ae00 Exception <a 'java/lang/IncompatibleClassChangeError'{0x000000070fd81760}: Found class java.lang.Object, but interface was expected> (0x000000070fd81760) 
thrown [open/src/hotspot/share/interpreter/linkResolver.cpp, line 833]
Event: 0.231 Thread 0x00007fd2fa00ae00 Exception <a 'java/lang/NoSuchMethodError'{0x000000070fd84528}: 'void java.lang.invoke.DirectMethodHandle$Holder.invokeStatic(java.lang.Object, java.lang.Object, java.lang.Object, java.lang.Object)'> (0x000000070fd84528) 
thrown [open/src/hotspot/share/interpreter/linkResolver.cpp, line 766]
Event: 0.256 Thread 0x00007fd2fa00ae00 Implicit null exception at 0x000000011a1800d5 to 0x000000011a180240
Event: 0.284 Thread 0x00007fd2fa81b600 Exception <a 'java/lang/NoSuchMethodError'{0x000000070fa99508}: 'java.lang.Object java.lang.invoke.DirectMethodHandle$Holder.invokeStaticInit(java.lang.Object)'> (0x000000070fa99508) 
thrown [open/src/hotspot/share/interpreter/linkResolver.cpp, line 766]
Event: 0.287 Thread 0x00007fd2fa81b600 Exception <a 'java/lang/ClassNotFoundException'{0x000000070faa44b8}: jdk/net/ExtendedSocketOptions> (0x000000070faa44b8) 
thrown [open/src/hotspot/share/classfile/systemDictionary.cpp, line 256]
Event: 0.291 Thread 0x00007fd2fa81b600 Exception <a 'java/lang/NoSuchMethodError'{0x000000070faa5d10}: 'void java.lang.invoke.DirectMethodHandle$Holder.invokeStatic(java.lang.Object, java.lang.Object)'> (0x000000070faa5d10) 
thrown [open/src/hotspot/share/interpreter/linkResolver.cpp, line 766]
Event: 0.413 Thread 0x00007fd2fa00ae00 Exception <a 'java/lang/NoSuchMethodError'{0x000000070f9b0310}: 'void java.lang.invoke.DirectMethodHandle$Holder.invokeSpecial(java.lang.Object, java.lang.Object, java.lang.Object)'> (0x000000070f9b0310) 
thrown [open/src/hotspot/share/interpreter/linkResolver.cpp, line 766]
Event: 0.425 Thread 0x00007fd2fa00ae00 Exception <a 'java/lang/NoSuchMethodError'{0x000000070f9ed060}: 'void java.lang.invoke.DirectMethodHandle$Holder.invokeStatic(java.lang.Object, java.lang.Object, java.lang.Object)'> (0x000000070f9ed060) 
thrown [open/src/hotspot/share/interpreter/linkResolver.cpp, line 766]
Event: 0.617 Thread 0x00007fd2fa00ae00 Exception <a 'java/lang/NoSuchMethodError'{0x000000070f78c5d0}: 'int java.lang.invoke.DirectMethodHandle$Holder.invokeStaticInit(java.lang.Object, java.lang.Object, java.lang.Object)'> (0x000000070f78c5d0) 
thrown [open/src/hotspot/share/interpreter/linkResolver.cpp, line 766]

VM Operations (6 events):
Event: 0.176 Executing VM operation: HandshakeAllThreads
Event: 0.176 Executing VM operation: HandshakeAllThreads done
Event: 0.223 Executing VM operation: HandshakeAllThreads
Event: 0.223 Executing VM operation: HandshakeAllThreads done
Event: 0.282 Executing VM operation: HandshakeAllThreads
Event: 0.282 Executing VM operation: HandshakeAllThreads done

Events (20 events):
Event: 0.615 loading class java/util/concurrent/ForkJoinPool$ManagedBlocker done
Event: 0.615 loading class java/util/concurrent/locks/AbstractQueuedSynchronizer$ConditionNode done
Event: 0.616 Protecting memory [0x0000700007803000,0x0000700007807000] with protection modes 3
Event: 0.616 Thread 0x00007fd2fa812a00 Thread exited: 0x00007fd2fa812a00
Event: 0.639 Loading shared library /Users/nichapat/.m2/repository/org/openjfx/javafx-graphics/17.0.1/libglass.dylib failed, dlopen(/Users/nichapat/.m2/repository/org/openjfx/javafx-graphics/17.0.1/libglass.dylib, 0x0001): tried: '/Users/nichapat/.m2/repository/org/op
Event: 0.653 Loaded shared library /Users/nichapat/.openjfx/cache/17.0.1/libglass.dylib
Event: 0.655 loading class java/util/concurrent/BlockingDeque
Event: 0.655 loading class java/util/concurrent/BlockingDeque done
Event: 0.655 loading class java/util/concurrent/LinkedBlockingDeque
Event: 0.656 loading class java/util/concurrent/LinkedBlockingDeque done
Event: 0.656 Thread 0x00007fd2fa812a00 Thread added: 0x00007fd2fa812a00
Event: 0.656 Protecting memory [0x0000700007803000,0x0000700007807000] with protection modes 0
Event: 0.657 Protecting memory [0x00007ff7b6e10000,0x00007ff7b6e14000] with protection modes 0
Event: 0.657 Thread 0x00007fd2fa142c00 Thread added: 0x00007fd2fa142c00
Event: 0.716 Thread 0x00007fd2f891e000 Thread added: 0x00007fd2f891e000
Event: 0.716 Protecting memory [0x0000700007d12000,0x0000700007d16000] with protection modes 0
Event: 0.788 loading class java/util/concurrent/LinkedBlockingDeque$Node
Event: 0.788 loading class java/util/concurrent/LinkedBlockingDeque$Node done
Event: 0.788 Protecting memory [0x0000700007d12000,0x0000700007d16000] with protection modes 3
Event: 0.788 Thread 0x00007fd2f891e000 Thread exited: 0x00007fd2f891e000


Dynamic libraries:
0x0000000108a19000 	/Users/nichapat/Library/Java/JavaVirtualMachines/openjdk-17.0.2/Contents/Home/lib/libjli.dylib
0x00007ff80ffe0000 	/usr/lib/libz.1.dylib
0x00007ff8100c0000 	/usr/lib/libSystem.B.dylib
0x00007ff8100bb000 	/usr/lib/system/libcache.dylib
0x00007ff810077000 	/usr/lib/system/libcommonCrypto.dylib
0x00007ff8100a0000 	/usr/lib/system/libcompiler_rt.dylib
0x00007ff810096000 	/usr/lib/system/libcopyfile.dylib
0x00007ff80506b000 	/usr/lib/system/libcorecrypto.dylib
0x00007ff805129000 	/usr/lib/system/libdispatch.dylib
0x00007ff8052ed000 	/usr/lib/system/libdyld.dylib
0x00007ff8100b2000 	/usr/lib/system/libkeymgr.dylib
0x00007ff810055000 	/usr/lib/system/libmacho.dylib
0x00007ff80f6d4000 	/usr/lib/system/libquarantine.dylib
0x00007ff8100b0000 	/usr/lib/system/libremovefile.dylib
0x00007ff80a267000 	/usr/lib/system/libsystem_asl.dylib
0x00007ff805014000 	/usr/lib/system/libsystem_blocks.dylib
0x00007ff8051b1000 	/usr/lib/system/libsystem_c.dylib
0x00007ff8100a8000 	/usr/lib/system/libsystem_collections.dylib
0x00007ff80e981000 	/usr/lib/system/libsystem_configuration.dylib
0x00007ff80dc2d000 	/usr/lib/system/libsystem_containermanager.dylib
0x00007ff80fd8e000 	/usr/lib/system/libsystem_coreservices.dylib
0x00007ff807910000 	/usr/lib/system/libsystem_darwin.dylib
0x00007ff8100b3000 	/usr/lib/system/libsystem_dnssd.dylib
0x00007ff8051ae000 	/usr/lib/system/libsystem_featureflags.dylib
0x00007ff805303000 	/usr/lib/system/libsystem_info.dylib
0x00007ff80fff3000 	/usr/lib/system/libsystem_m.dylib
0x00007ff8050fd000 	/usr/lib/system/libsystem_malloc.dylib
0x00007ff80a202000 	/usr/lib/system/libsystem_networkextension.dylib
0x00007ff807d36000 	/usr/lib/system/libsystem_notify.dylib
0x00007ff81631e000 	/usr/lib/system/libsystem_product_info_filter.dylib
0x00007ff80e985000 	/usr/lib/system/libsystem_sandbox.dylib
0x00007ff8100ad000 	/usr/lib/system/libsystem_secinit.dylib
0x00007ff8052a9000 	/usr/lib/system/libsystem_kernel.dylib
0x00007ff8052f9000 	/usr/lib/system/libsystem_platform.dylib
0x00007ff8052e1000 	/usr/lib/system/libsystem_pthread.dylib
0x00007ff80baaf000 	/usr/lib/system/libsystem_symptoms.dylib
0x00007ff805052000 	/usr/lib/system/libsystem_trace.dylib
0x00007ff810083000 	/usr/lib/system/libunwind.dylib
0x00007ff805016000 	/usr/lib/system/libxpc.dylib
0x00007ff805293000 	/usr/lib/libc++abi.dylib
0x00007ff805170000 	/usr/lib/libobjc.A.dylib
0x00007ff81008e000 	/usr/lib/liboah.dylib
0x00007ff80523a000 	/usr/lib/libc++.1.dylib
0x00007ff81c117000 	/System/Library/Frameworks/Cocoa.framework/Versions/A/Cocoa
0x00007ff807d94000 	/System/Library/Frameworks/AppKit.framework/Versions/C/AppKit
0x00007ff80b29f000 	/System/Library/Frameworks/CoreData.framework/Versions/A/CoreData
0x00007ff8061a0000 	/System/Library/Frameworks/Foundation.framework/Versions/C/Foundation
0x00007ff808c22000 	/System/Library/PrivateFrameworks/UIFoundation.framework/Versions/A/UIFoundation
0x00007ff816021000 	/System/Library/PrivateFrameworks/RemoteViewServices.framework/Versions/A/RemoteViewServices
0x00007ff80e30b000 	/System/Library/PrivateFrameworks/XCTTargetBootstrap.framework/Versions/A/XCTTargetBootstrap
0x00007ff811ec7000 	/System/Library/PrivateFrameworks/InternationalSupport.framework/Versions/A/InternationalSupport
0x00007ff811f51000 	/System/Library/PrivateFrameworks/UserActivity.framework/Versions/A/UserActivity
0x00007ff8112a7000 	/usr/lib/libspindump.dylib
0x00007ff808eb0000 	/System/Library/Frameworks/UniformTypeIdentifiers.framework/Versions/A/UniformTypeIdentifiers
0x00007ff80ca34000 	/usr/lib/libapp_launch_measurement.dylib
0x00007ff80bc6f000 	/System/Library/PrivateFrameworks/CoreAnalytics.framework/Versions/A/CoreAnalytics
0x00007ff80ca37000 	/System/Library/PrivateFrameworks/CoreAutoLayout.framework/Versions/A/CoreAutoLayout
0x00007ff80dc65000 	/System/Library/Frameworks/Metal.framework/Versions/A/Metal
0x00007ff80e991000 	/usr/lib/liblangid.dylib
0x00007ff80e310000 	/System/Library/PrivateFrameworks/CoreSVG.framework/Versions/A/CoreSVG
0x00007ff80a297000 	/System/Library/PrivateFrameworks/SkyLight.framework/Versions/A/SkyLight
0x00007ff80a635000 	/System/Library/Frameworks/CoreGraphics.framework/Versions/A/CoreGraphics
0x00007ff8166e1000 	/System/Library/Frameworks/Accelerate.framework/Versions/A/Accelerate
0x00007ff810d26000 	/System/Library/PrivateFrameworks/IconServices.framework/Versions/A/IconServices
0x00007ff80dc4a000 	/System/Library/Frameworks/IOSurface.framework/Versions/A/IOSurface
0x00007ff80bc9d000 	/usr/lib/libDiagnosticMessagesClient.dylib
0x00007ff819dc4000 	/System/Library/Frameworks/ApplicationServices.framework/Versions/A/ApplicationServices
0x00007ff80e2f7000 	/System/Library/PrivateFrameworks/DFRFoundation.framework/Versions/A/DFRFoundation
0x00007ff80767c000 	/usr/lib/libicucore.A.dylib
0x00007ff812cbc000 	/System/Library/Frameworks/AudioToolbox.framework/Versions/A/AudioToolbox
0x00007ff811ed3000 	/System/Library/PrivateFrameworks/DataDetectorsCore.framework/Versions/A/DataDetectorsCore
0x00007ff90de60000 	/System/Library/PrivateFrameworks/TextInput.framework/Versions/A/TextInput
0x00007ff80a21a000 	/usr/lib/libMobileGestalt.dylib
0x00007ff80e003000 	/System/Library/Frameworks/Carbon.framework/Versions/A/Frameworks/HIToolbox.framework/Versions/A/HIToolbox
0x00007ff80c43a000 	/System/Library/Frameworks/QuartzCore.framework/Versions/A/QuartzCore
0x00007ff807323000 	/System/Library/Frameworks/Security.framework/Versions/A/Security
0x00007ff816059000 	/System/Library/Frameworks/Carbon.framework/Versions/A/Frameworks/SpeechRecognition.framework/Versions/A/SpeechRecognition
0x00007ff80c794000 	/System/Library/PrivateFrameworks/CoreUI.framework/Versions/A/CoreUI
0x00007ff806bef000 	/System/Library/Frameworks/CoreAudio.framework/Versions/A/CoreAudio
0x00007ff80bd8c000 	/System/Library/Frameworks/DiskArbitration.framework/Versions/A/DiskArbitration
0x00007ff811695000 	/System/Library/PrivateFrameworks/MultitouchSupport.framework/Versions/A/MultitouchSupport
0x00007ff80a219000 	/usr/lib/libenergytrace.dylib
0x00007ff807c80000 	/System/Library/Frameworks/IOKit.framework/Versions/A/IOKit
0x00007ff816449000 	/System/Library/Frameworks/CoreServices.framework/Versions/A/CoreServices
0x00007ff80c9ce000 	/System/Library/PrivateFrameworks/PerformanceAnalysis.framework/Versions/A/PerformanceAnalysis
0x00007ffa1d384000 	/System/Library/Frameworks/OpenGL.framework/Versions/A/OpenGL
0x00007ff80f5fa000 	/System/Library/PrivateFrameworks/MobileKeyBag.framework/Versions/A/MobileKeyBag
0x00007ff80ad00000 	/System/Library/Frameworks/ColorSync.framework/Versions/A/ColorSync
0x00007ff80532e000 	/System/Library/Frameworks/CoreFoundation.framework/Versions/A/CoreFoundation
0x00007ff80e587000 	/System/Library/Frameworks/CoreImage.framework/Versions/A/CoreImage
0x00007ff806a07000 	/System/Library/Frameworks/CoreText.framework/Versions/A/CoreText
0x00007ff80e340000 	/System/Library/Frameworks/ImageIO.framework/Versions/A/ImageIO
0x00007ff8100c6000 	/System/Library/PrivateFrameworks/SoftLinking.framework/Versions/A/SoftLinking
0x00007ff80ca7f000 	/usr/lib/libxml2.2.dylib
0x00007ff81034a000 	/usr/lib/libcompression.dylib
0x00007ff811dfa000 	/System/Library/PrivateFrameworks/TextureIO.framework/Versions/A/TextureIO
0x00007ff810a38000 	/usr/lib/libate.dylib
0x00007ff810814000 	/usr/lib/liblzma.5.dylib
0x00007ff805eb3000 	/System/Library/Frameworks/SystemConfiguration.framework/Versions/A/SystemConfiguration
0x00007ff8100c2000 	/usr/lib/libfakelink.dylib
0x00007ff809d73000 	/System/Library/Frameworks/CFNetwork.framework/Versions/A/CFNetwork
0x00007ff810203000 	/usr/lib/libarchive.2.dylib
0x00007ff80e98d000 	/System/Library/PrivateFrameworks/AppleSystemInfo.framework/Versions/A/AppleSystemInfo
0x00007ff80f6fb000 	/usr/lib/libbsm.0.dylib
0x00007ff809386000 	/usr/lib/libnetwork.dylib
0x00007ff81005b000 	/usr/lib/system/libkxld.dylib
0x00007ff80f327000 	/System/Library/PrivateFrameworks/IOMobileFramebuffer.framework/Versions/A/IOMobileFramebuffer
0x00007ffb1c88b000 	/usr/lib/libCoreEntitlements.dylib
0x00007ff80fd70000 	/System/Library/PrivateFrameworks/AppleFSCompression.framework/Versions/A/AppleFSCompression
0x00007ff80f6e3000 	/usr/lib/libcoretls.dylib
0x00007ff81082e000 	/usr/lib/libcoretls_cfhelpers.dylib
0x00007ff810345000 	/usr/lib/libpam.2.dylib
0x00007ff80b6cf000 	/usr/lib/libsqlite3.dylib
0x00007ff81089d000 	/usr/lib/libxar.1.dylib
0x00007ff80fd80000 	/usr/lib/libbz2.1.0.dylib
0x00007ff8100c7000 	/usr/lib/libpcap.A.dylib
0x00007ff80baa7000 	/usr/lib/libdns_services.dylib
0x00007ff810315000 	/usr/lib/libapple_nghttp2.dylib
0x00007ff810101000 	/usr/lib/libiconv.2.dylib
0x00007ff810054000 	/usr/lib/libcharset.1.dylib
0x00007ff80ca02000 	/System/Library/Frameworks/CoreServices.framework/Versions/A/Frameworks/FSEvents.framework/Versions/A/FSEvents
0x00007ff80791a000 	/System/Library/Frameworks/CoreServices.framework/Versions/A/Frameworks/CarbonCore.framework/Versions/A/CarbonCore
0x00007ff80bcf0000 	/System/Library/Frameworks/CoreServices.framework/Versions/A/Frameworks/Metadata.framework/Versions/A/Metadata
0x00007ff80fd93000 	/System/Library/Frameworks/CoreServices.framework/Versions/A/Frameworks/OSServices.framework/Versions/A/OSServices
0x00007ff81028a000 	/System/Library/Frameworks/CoreServices.framework/Versions/A/Frameworks/SearchKit.framework/Versions/A/SearchKit
0x00007ff80ba3a000 	/System/Library/Frameworks/CoreServices.framework/Versions/A/Frameworks/AE.framework/Versions/A/AE
0x00007ff805830000 	/System/Library/Frameworks/CoreServices.framework/Versions/A/Frameworks/LaunchServices.framework/Versions/A/LaunchServices
0x00007ff8107c5000 	/System/Library/Frameworks/CoreServices.framework/Versions/A/Frameworks/DictionaryServices.framework/Versions/A/DictionaryServices
0x00007ff80ca0f000 	/System/Library/Frameworks/CoreServices.framework/Versions/A/Frameworks/SharedFileList.framework/Versions/A/SharedFileList
0x00007ff80f6d7000 	/usr/lib/libCheckFix.dylib
0x00007ff80a27e000 	/System/Library/PrivateFrameworks/TCC.framework/Versions/A/TCC
0x00007ff80e993000 	/System/Library/PrivateFrameworks/CoreNLP.framework/Versions/A/CoreNLP
0x00007ff80bca0000 	/System/Library/PrivateFrameworks/MetadataUtilities.framework/Versions/A/MetadataUtilities
0x00007ff805f63000 	/usr/lib/libmecabra.dylib
0x00007ff80f70b000 	/usr/lib/libmecab.dylib
0x00007ff805f2e000 	/usr/lib/libCRFSuite.dylib
0x00007ff80f765000 	/usr/lib/libgermantok.dylib
0x00007ff8102f0000 	/usr/lib/libThaiTokenizer.dylib
0x00007ff80bd93000 	/System/Library/Frameworks/Accelerate.framework/Versions/A/Frameworks/vImage.framework/Versions/A/vImage
0x00007ff816420000 	/System/Library/Frameworks/Accelerate.framework/Versions/A/Frameworks/vecLib.framework/Versions/A/vecLib
0x00007ff8108de000 	/System/Library/Frameworks/Accelerate.framework/Versions/A/Frameworks/vecLib.framework/Versions/A/libvMisc.dylib
0x00007ff80f152000 	/System/Library/Frameworks/Accelerate.framework/Versions/A/Frameworks/vecLib.framework/Versions/A/libvDSP.dylib
0x00007ff805baa000 	/System/Library/Frameworks/Accelerate.framework/Versions/A/Frameworks/vecLib.framework/Versions/A/libBLAS.dylib
0x00007ff810427000 	/System/Library/Frameworks/Accelerate.framework/Versions/A/Frameworks/vecLib.framework/Versions/A/libLAPACK.dylib
0x00007ff80f768000 	/System/Library/Frameworks/Accelerate.framework/Versions/A/Frameworks/vecLib.framework/Versions/A/libLinearAlgebra.dylib
0x00007ff81032d000 	/System/Library/Frameworks/Accelerate.framework/Versions/A/Frameworks/vecLib.framework/Versions/A/libSparseBLAS.dylib
0x00007ff810421000 	/System/Library/Frameworks/Accelerate.framework/Versions/A/Frameworks/vecLib.framework/Versions/A/libQuadrature.dylib
0x00007ff80ea7e000 	/System/Library/Frameworks/Accelerate.framework/Versions/A/Frameworks/vecLib.framework/Versions/A/libBNNS.dylib
0x00007ff805e44000 	/System/Library/Frameworks/Accelerate.framework/Versions/A/Frameworks/vecLib.framework/Versions/A/libSparse.dylib
0x00007ff80ea77000 	/System/Library/PrivateFrameworks/LinguisticData.framework/Versions/A/LinguisticData
0x00007ff805dfa000 	/System/Library/PrivateFrameworks/Lexicon.framework/Versions/A/Lexicon
0x00007ff8108d7000 	/usr/lib/libChineseTokenizer.dylib
0x00007ff80655c000 	/System/Library/PrivateFrameworks/LanguageModeling.framework/Versions/A/LanguageModeling
0x00007ff8102f2000 	/System/Library/PrivateFrameworks/AppleSauce.framework/Versions/A/AppleSauce
0x00007ff80f315000 	/System/Library/PrivateFrameworks/CoreEmoji.framework/Versions/A/CoreEmoji
0x00007ff8101f2000 	/usr/lib/libcmph.dylib
0x00007ff80c9e6000 	/System/Library/Frameworks/OpenDirectory.framework/Versions/A/Frameworks/CFOpenDirectory.framework/Versions/A/CFOpenDirectory
0x00007ff80c9da000 	/System/Library/Frameworks/OpenDirectory.framework/Versions/A/OpenDirectory
0x00007ff810830000 	/System/Library/PrivateFrameworks/APFS.framework/Versions/A/APFS
0x00007ff80f632000 	/System/Library/Frameworks/SecurityFoundation.framework/Versions/A/SecurityFoundation
0x00007ff8108ab000 	/usr/lib/libutil.dylib
0x00007ff807c44000 	/System/Library/PrivateFrameworks/CoreServicesStore.framework/Versions/A/CoreServicesStore
0x00007ff8108af000 	/usr/lib/libxslt.1.dylib
0x00007ff80f6bf000 	/System/Library/PrivateFrameworks/BackgroundTaskManagement.framework/Versions/A/BackgroundTaskManagement
0x00007ff811d1a000 	/System/Library/Frameworks/ImageIO.framework/Versions/A/Resources/libRadiance.dylib
0x00007ff811d23000 	/System/Library/Frameworks/ImageIO.framework/Versions/A/Resources/libJPEG.dylib
0x00007ff811c74000 	/System/Library/Frameworks/ImageIO.framework/Versions/A/Resources/libPng.dylib
0x00007ff811c95000 	/System/Library/Frameworks/ImageIO.framework/Versions/A/Resources/libTIFF.dylib
0x00007ff811d83000 	/System/Library/Frameworks/ImageIO.framework/Versions/A/Resources/libGIF.dylib
0x00007ff8115af000 	/System/Library/Frameworks/ImageIO.framework/Versions/A/Resources/libJP2.dylib
0x00007ff810ced000 	/usr/lib/libexpat.1.dylib
0x00007ff811564000 	/System/Library/PrivateFrameworks/AppleJPEG.framework/Versions/A/AppleJPEG
0x00007ff80dec7000 	/System/Library/PrivateFrameworks/FontServices.framework/libFontParser.dylib
0x00007ff80b9e4000 	/System/Library/PrivateFrameworks/RunningBoardServices.framework/Versions/A/RunningBoardServices
0x00007ff81c6cf000 	/System/Library/PrivateFrameworks/IOSurfaceAccelerator.framework/Versions/A/IOSurfaceAccelerator
0x00007ff811691000 	/System/Library/PrivateFrameworks/WatchdogClient.framework/Versions/A/WatchdogClient
0x00007ff80664a000 	/System/Library/Frameworks/CoreDisplay.framework/Versions/A/CoreDisplay
0x00007ff80ddc5000 	/System/Library/Frameworks/CoreMedia.framework/Versions/A/CoreMedia
0x00007ff80dc5c000 	/System/Library/PrivateFrameworks/IOAccelerator.framework/Versions/A/IOAccelerator
0x00007ff80cb63000 	/System/Library/Frameworks/CoreVideo.framework/Versions/A/CoreVideo
0x00007ff810343000 	/System/Library/Frameworks/MetalPerformanceShaders.framework/Versions/A/MetalPerformanceShaders
0x00007ff8116ce000 	/System/Library/Frameworks/VideoToolbox.framework/Versions/A/VideoToolbox
0x00007ff80b92e000 	/System/Library/PrivateFrameworks/BaseBoard.framework/Versions/A/BaseBoard
0x00007ff80b6b5000 	/System/Library/PrivateFrameworks/ProtocolBuffer.framework/Versions/A/ProtocolBuffer
0x00007ff811d13000 	/System/Library/PrivateFrameworks/GPUWrangler.framework/Versions/A/GPUWrangler
0x00007ff811cf7000 	/System/Library/PrivateFrameworks/IOPresentment.framework/Versions/A/IOPresentment
0x00007ff811d1d000 	/System/Library/PrivateFrameworks/DSExternalDisplay.framework/Versions/A/DSExternalDisplay
0x00007ffa1d378000 	/System/Library/Frameworks/OpenGL.framework/Versions/A/Libraries/libCoreFSCache.dylib
0x00007ffb0a034000 	/System/Library/PrivateFrameworks/GPUCompiler.framework/Versions/31001/Libraries/libGPUCompilerUtils.dylib
0x00007ff811d88000 	/System/Library/PrivateFrameworks/CMCaptureCore.framework/Versions/A/CMCaptureCore
0x00007ff811295000 	/System/Library/PrivateFrameworks/AppServerSupport.framework/Versions/A/AppServerSupport
0x00007ff813554000 	/System/Library/PrivateFrameworks/perfdata.framework/Versions/A/perfdata
0x00007ff806776000 	/System/Library/PrivateFrameworks/AudioToolboxCore.framework/Versions/A/AudioToolboxCore
0x00007ff80dda3000 	/System/Library/PrivateFrameworks/caulk.framework/Versions/A/caulk
0x00007ff812e66000 	/usr/lib/libAudioStatistics.dylib
0x00007ff90a60e000 	/System/Library/PrivateFrameworks/SystemPolicy.framework/Versions/A/SystemPolicy
0x00007ff8130c1000 	/usr/lib/libSMC.dylib
0x00007ff81bfca000 	/System/Library/Frameworks/CoreMIDI.framework/Versions/A/CoreMIDI
0x00007ff811c43000 	/usr/lib/libAudioToolboxUtility.dylib
0x00007ff9068b1000 	/System/Library/PrivateFrameworks/OSAServicesClient.framework/Versions/A/OSAServicesClient
0x00007ff813561000 	/usr/lib/libperfcheck.dylib
0x00007ff90b0b8000 	/usr/lib/libmis.dylib
0x00007ffa1d3d3000 	/System/Library/Frameworks/OpenGL.framework/Versions/A/Libraries/libGLU.dylib
0x00007ffa1d397000 	/System/Library/Frameworks/OpenGL.framework/Versions/A/Libraries/libGFXShared.dylib
0x00007ffa1d5a0000 	/System/Library/Frameworks/OpenGL.framework/Versions/A/Libraries/libGL.dylib
0x00007ffa1d3a0000 	/System/Library/Frameworks/OpenGL.framework/Versions/A/Libraries/libGLImage.dylib
0x00007ffa1d394000 	/System/Library/Frameworks/OpenGL.framework/Versions/A/Libraries/libCVMSPluginSupport.dylib
0x00007ffa1d37f000 	/System/Library/Frameworks/OpenGL.framework/Versions/A/Libraries/libCoreVMClient.dylib
0x00007ff80e90f000 	/System/Library/Frameworks/MetalPerformanceShaders.framework/Versions/A/Frameworks/MPSCore.framework/Versions/A/MPSCore
0x00007ff80fcdb000 	/System/Library/Frameworks/MetalPerformanceShaders.framework/Versions/A/Frameworks/MPSImage.framework/Versions/A/MPSImage
0x00007ff80f77e000 	/System/Library/Frameworks/MetalPerformanceShaders.framework/Versions/A/Frameworks/MPSNeuralNetwork.framework/Versions/A/MPSNeuralNetwork
0x00007ff80fbf2000 	/System/Library/Frameworks/MetalPerformanceShaders.framework/Versions/A/Frameworks/MPSMatrix.framework/Versions/A/MPSMatrix
0x00007ff80f9ad000 	/System/Library/Frameworks/MetalPerformanceShaders.framework/Versions/A/Frameworks/MPSRayIntersector.framework/Versions/A/MPSRayIntersector
0x00007ff80fc2a000 	/System/Library/Frameworks/MetalPerformanceShaders.framework/Versions/A/Frameworks/MPSNDArray.framework/Versions/A/MPSNDArray
0x00007ffa22300000 	/System/Library/Frameworks/MetalPerformanceShaders.framework/Versions/A/Frameworks/MPSFunctions.framework/Versions/A/MPSFunctions
0x00007ff805a87000 	/System/Library/PrivateFrameworks/MetalTools.framework/Versions/A/MetalTools
0x00007ff80e98b000 	/System/Library/PrivateFrameworks/AggregateDictionary.framework/Versions/A/AggregateDictionary
0x00007ff810acf000 	/usr/lib/libIOReport.dylib
0x00007ffa1e9af000 	/System/Library/Frameworks/OpenCL.framework/Versions/A/OpenCL
0x00007ff810e33000 	/System/Library/PrivateFrameworks/FaceCore.framework/Versions/A/FaceCore
0x00007ff810e24000 	/System/Library/PrivateFrameworks/GraphVisualizer.framework/Versions/A/GraphVisualizer
0x00007ffb09f3f000 	/System/Library/PrivateFrameworks/FontServices.framework/Versions/A/FontServices
0x00007ff81124d000 	/System/Library/PrivateFrameworks/OTSVG.framework/Versions/A/OTSVG
0x00007ff80c74a000 	/System/Library/Frameworks/ApplicationServices.framework/Versions/A/Frameworks/ATS.framework/Versions/A/Resources/libFontRegistry.dylib
0x00007ff81129d000 	/System/Library/PrivateFrameworks/FontServices.framework/libhvf.dylib
0x00007ffb09f40000 	/System/Library/PrivateFrameworks/FontServices.framework/libXTFontStaticRegistryData.dylib
0x00007ff810c9d000 	/System/Library/PrivateFrameworks/AppleVA.framework/Versions/A/AppleVA
0x00007ff812e86000 	/System/Library/Frameworks/ApplicationServices.framework/Versions/A/Frameworks/ATS.framework/Versions/A/ATS
0x00007ff80adfc000 	/System/Library/Frameworks/ApplicationServices.framework/Versions/A/Frameworks/HIServices.framework/Versions/A/HIServices
0x00007ff811d92000 	/System/Library/Frameworks/ApplicationServices.framework/Versions/A/Frameworks/PrintCore.framework/Versions/A/PrintCore
0x00007ff813214000 	/System/Library/Frameworks/ApplicationServices.framework/Versions/A/Frameworks/QD.framework/Versions/A/QD
0x00007ff81320c000 	/System/Library/Frameworks/ApplicationServices.framework/Versions/A/Frameworks/ColorSyncLegacy.framework/Versions/A/ColorSyncLegacy
0x00007ff812e76000 	/System/Library/Frameworks/ApplicationServices.framework/Versions/A/Frameworks/SpeechSynthesis.framework/Versions/A/SpeechSynthesis
0x00007ff811d53000 	/System/Library/Frameworks/ApplicationServices.framework/Versions/A/Frameworks/ATSUI.framework/Versions/A/ATSUI
0x00007ff8131a1000 	/usr/lib/libcups.2.dylib
0x00007ff813570000 	/System/Library/Frameworks/Kerberos.framework/Versions/A/Kerberos
0x00007ff81357f000 	/System/Library/Frameworks/GSS.framework/Versions/A/GSS
0x00007ff812ef2000 	/usr/lib/libresolv.9.dylib
0x00007ff8112ac000 	/System/Library/PrivateFrameworks/Heimdal.framework/Versions/A/Heimdal
0x00007ff81a14c000 	/System/Library/Frameworks/Kerberos.framework/Versions/A/Libraries/libHeimdalProxy.dylib
0x00007ff80bab7000 	/System/Library/Frameworks/Network.framework/Versions/A/Network
0x00007ff810d07000 	/usr/lib/libheimdal-asn1.dylib
0x00007ff8135ca000 	/System/Library/PrivateFrameworks/CommonAuth.framework/Versions/A/CommonAuth
0x00007ff812df8000 	/System/Library/PrivateFrameworks/AudioSession.framework/Versions/A/AudioSession
0x00007ff810d97000 	/System/Library/PrivateFrameworks/MediaExperience.framework/Versions/A/MediaExperience
0x00007ff812c8b000 	/System/Library/PrivateFrameworks/AudioSession.framework/libSessionUtility.dylib
0x00007ff813220000 	/System/Library/PrivateFrameworks/AudioResourceArbitration.framework/Versions/A/AudioResourceArbitration
0x00007ff817293000 	/System/Library/PrivateFrameworks/PowerLog.framework/Versions/A/PowerLog
0x00007ff810d10000 	/System/Library/PrivateFrameworks/IconFoundation.framework/Versions/A/IconFoundation
0x00007ff816049000 	/System/Library/PrivateFrameworks/SpeechRecognitionCore.framework/Versions/A/SpeechRecognitionCore
0x0000000109ec3000 	/Users/nichapat/Library/Java/JavaVirtualMachines/openjdk-17.0.2/Contents/Home/lib/server/libjvm.dylib
0x0000000108a48000 	/Users/nichapat/Library/Java/JavaVirtualMachines/openjdk-17.0.2/Contents/Home/lib/libjimage.dylib
0x0000000108a6b000 	/Users/nichapat/Library/Java/JavaVirtualMachines/openjdk-17.0.2/Contents/Home/lib/libinstrument.dylib
0x0000000108aad000 	/Users/nichapat/Library/Java/JavaVirtualMachines/openjdk-17.0.2/Contents/Home/lib/libjava.dylib
0x0000000109d38000 	/Users/nichapat/Library/Java/JavaVirtualMachines/openjdk-17.0.2/Contents/Home/lib/libnio.dylib
0x0000000109d54000 	/Users/nichapat/Library/Java/JavaVirtualMachines/openjdk-17.0.2/Contents/Home/lib/libnet.dylib
0x0000000109d74000 	/Users/nichapat/Library/Java/JavaVirtualMachines/openjdk-17.0.2/Contents/Home/lib/libzip.dylib
0x0000000109d88000 	/Users/nichapat/.openjfx/cache/17.0.1/libprism_es2.dylib
0x00007ff807c06000 	/System/Library/PrivateFrameworks/CoreServicesInternal.framework/Versions/A/CoreServicesInternal
0x00007ffa1d5ab000 	/System/Library/Frameworks/OpenGL.framework/Versions/A/Resources/GLEngine.bundle/GLEngine
0x00007ffa1d411000 	/System/Library/Frameworks/OpenGL.framework/Versions/A/Libraries/libGLProgrammability.dylib
0x00007ffa1242c000 	/System/Library/Extensions/AppleIntelKBLGraphicsGLDriver.bundle/Contents/MacOS/AppleIntelKBLGraphicsGLDriver
0x00007ff9151f2000 	/System/Library/PrivateFrameworks/GPUSupport.framework/Versions/A/Libraries/libGPUSupportMercury.dylib
0x00007ffa1d735000 	/System/Library/Frameworks/OpenGL.framework/Versions/A/Resources/GLRendererFloat.bundle/GLRendererFloat
0x000000012eeca000 	/Users/nichapat/.openjfx/cache/17.0.1/libglass.dylib
0x00007ff817884000 	/System/Library/Frameworks/FileProvider.framework/Versions/A/FileProvider
0x00007ff80b89b000 	/System/Library/Frameworks/Accounts.framework/Versions/A/Accounts
0x00007ff8179fd000 	/System/Library/PrivateFrameworks/GenerationalStorage.framework/Versions/A/GenerationalStorage
0x00007ff818510000 	/System/Library/PrivateFrameworks/CoreSymbolication.framework/Versions/A/CoreSymbolication
0x00007ff817288000 	/System/Library/PrivateFrameworks/SymptomDiagnosticReporter.framework/Versions/A/SymptomDiagnosticReporter
0x00007ff808ec4000 	/System/Library/PrivateFrameworks/DesktopServicesPriv.framework/Versions/A/DesktopServicesPriv
0x00007ff807d45000 	/usr/lib/libsandbox.1.dylib
0x00007ff80cbe2000 	/System/Library/PrivateFrameworks/UserManagement.framework/Versions/A/UserManagement
0x00007ff8184d5000 	/System/Library/PrivateFrameworks/DebugSymbols.framework/Versions/A/DebugSymbols
0x00007ff813201000 	/System/Library/PrivateFrameworks/NetAuth.framework/Versions/A/NetAuth
0x00007ff81410e000 	/System/Library/PrivateFrameworks/Sharing.framework/Versions/A/Sharing
0x00007ff80cbb5000 	/System/Library/PrivateFrameworks/login.framework/Versions/A/Frameworks/loginsupport.framework/Versions/A/loginsupport
0x00007ff819673000 	/System/Library/PrivateFrameworks/Apple80211.framework/Versions/A/Apple80211
0x00007ff80fdc0000 	/System/Library/PrivateFrameworks/AuthKit.framework/Versions/A/AuthKit
0x00007ff80f40b000 	/System/Library/PrivateFrameworks/CoreUtils.framework/Versions/A/CoreUtils
0x00007ff80f332000 	/System/Library/Frameworks/CoreWLAN.framework/Versions/A/CoreWLAN
0x00007ff81426d000 	/System/Library/Frameworks/IOBluetooth.framework/Versions/A/IOBluetooth
0x00007ff8196db000 	/System/Library/PrivateFrameworks/CoreWiFi.framework/Versions/A/CoreWiFi
0x00007ff8180a7000 	/System/Library/PrivateFrameworks/FrontBoardServices.framework/Versions/A/FrontBoardServices
0x00007ff818138000 	/System/Library/PrivateFrameworks/BoardServices.framework/Versions/A/BoardServices
0x00007ff80f621000 	/System/Library/PrivateFrameworks/AssertionServices.framework/Versions/A/AssertionServices
0x00007ff81985e000 	/System/Library/PrivateFrameworks/BackBoardServices.framework/Versions/A/BackBoardServices
0x00007ff81365b000 	/System/Library/PrivateFrameworks/CorePhoneNumbers.framework/Versions/A/CorePhoneNumbers
0x00007ff8173a5000 	/System/Library/PrivateFrameworks/DiskManagement.framework/Versions/A/DiskManagement
0x00007ff8172b9000 	/System/Library/PrivateFrameworks/AppleIDAuthSupport.framework/Versions/A/AppleIDAuthSupport
0x00007ffa248c1000 	/System/Library/PrivateFrameworks/AAAFoundation.framework/Versions/A/AAAFoundation
0x00007ff81363c000 	/System/Library/PrivateFrameworks/KeychainCircle.framework/Versions/A/KeychainCircle
0x00007ff817371000 	/System/Library/PrivateFrameworks/MediaKit.framework/Versions/A/MediaKit
0x00007ff8172c5000 	/System/Library/Frameworks/DiscRecording.framework/Versions/A/DiscRecording
0x00007ff810c15000 	/usr/lib/libCoreStorage.dylib
0x00007ff819b4c000 	/usr/lib/libcsfde.dylib
0x00007ff81433a000 	/System/Library/PrivateFrameworks/ProtectedCloudStorage.framework/Versions/A/ProtectedCloudStorage
0x00007ff819b48000 	/System/Library/PrivateFrameworks/EFILogin.framework/Versions/A/EFILogin
0x00007ff817a23000 	/System/Library/PrivateFrameworks/OctagonTrust.framework/Versions/A/OctagonTrust
0x00007ffb091ae000 	/System/Library/PrivateFrameworks/CoreUtilsExtras.framework/Versions/A/CoreUtilsExtras
0x00007ff8171ec000 	/System/Library/Frameworks/CoreBluetooth.framework/Versions/A/CoreBluetooth
0x00007ff81a1d1000 	/System/Library/Frameworks/AudioUnit.framework/Versions/A/AudioUnit
0x00007ff810c0d000 	/usr/lib/libMatch.1.dylib
0x00007ff90f691000 	/System/Library/Frameworks/Accelerate.framework/Versions/A/Frameworks/vImage.framework/Versions/A/Libraries/libCGInterfaces.dylib
0x000000013033f000 	/usr/lib/libobjc-trampolines.dylib
0x00007ff80c8da000 	/System/Library/PrivateFrameworks/ViewBridge.framework/Versions/A/ViewBridge
0x00007ffa24f82000 	/System/Library/PrivateFrameworks/AccessibilityBundles.framework/Versions/A/AccessibilityBundles


VM Arguments:
jvm_args: -javaagent:/Users/nichapat/Library/Application Support/JetBrains/Toolbox/apps/IDEA-U/ch-0/213.5744.223/IntelliJ IDEA.app/Contents/lib/idea_rt.jar=51997:/Users/nichapat/Library/Application Support/JetBrains/Toolbox/apps/IDEA-U/ch-0/213.5744.223/IntelliJ IDEA.app/Contents/bin -Dfile.encoding=UTF-8 --module-path=/Users/nichapat/tests/demo-covid-19/target/classes:/Users/nichapat/.m2/repository/org/openjfx/javafx-base/17.0.1/javafx-base-17.0.1-mac.jar:/Users/nichapat/.m2/repository/org/mindrot/jbcrypt/0.4/jbcrypt-0.4.jar:/Users/nichapat/.m2/repository/org/openjfx/javafx-fxml/17.0.1/javafx-fxml-17.0.1-mac.jar:/Users/nichapat/.m2/repository/org/openjfx/javafx-controls/17.0.1/javafx-controls-17.0.1-mac.jar:/Users/nichapat/.m2/repository/org/openjfx/javafx-graphics/17.0.1/javafx-graphics-17.0.1-mac.jar -Djdk.module.main=com.demo.covid 
java_command: com.demo.covid/com.demo.covid19.Main
java_class_path (initial): /Users/nichapat/tests/demo-covid-19/lib/jfoenix-9.0.10.jar:/Users/nichapat/.m2/repository/org/openjfx/javafx-controls/17.0.1/javafx-controls-17.0.1.jar:/Users/nichapat/.m2/repository/org/openjfx/javafx-graphics/17.0.1/javafx-graphics-17.0.1.jar:/Users/nichapat/.m2/repository/org/openjfx/javafx-base/17.0.1/javafx-base-17.0.1.jar:/Users/nichapat/.m2/repository/org/openjfx/javafx-fxml/17.0.1/javafx-fxml-17.0.1.jar:/Users/nichapat/.m2/repository/mysql/mysql-connector-java/8.0.28/mysql-connector-java-8.0.28.jar:/Users/nichapat/.m2/repository/com/google/protobuf/protobuf-java/3.11.4/protobuf-java-3.11.4.jar
Launcher Type: SUN_STANDARD

[Global flags]
     intx CICompilerCount                          = 3                                         {product} {ergonomic}
     uint ConcGCThreads                            = 1                                         {product} {ergonomic}
     uint G1ConcRefinementThreads                  = 4                                         {product} {ergonomic}
   size_t G1HeapRegionSize                         = 2097152                                   {product} {ergonomic}
    uintx GCDrainStackTargetSize                   = 64                                        {product} {ergonomic}
   size_t InitialHeapSize                          = 268435456                                 {product} {ergonomic}
   size_t MarkStackSize                            = 4194304                                   {product} {ergonomic}
   size_t MaxHeapSize                              = 4294967296                                {product} {ergonomic}
   size_t MaxNewSize                               = 2575302656                                {product} {ergonomic}
   size_t MinHeapDeltaBytes                        = 2097152                                   {product} {ergonomic}
   size_t MinHeapSize                              = 8388608                                   {product} {ergonomic}
    uintx NonNMethodCodeHeapSize                   = 5832780                                {pd product} {ergonomic}
    uintx NonProfiledCodeHeapSize                  = 122912730                              {pd product} {ergonomic}
    uintx ProfiledCodeHeapSize                     = 122912730                              {pd product} {ergonomic}
    uintx ReservedCodeCacheSize                    = 251658240                              {pd product} {ergonomic}
     bool SegmentedCodeCache                       = true                                      {product} {ergonomic}
   size_t SoftMaxHeapSize                          = 4294967296                             {manageable} {ergonomic}
     bool UseCompressedClassPointers               = true                           {product lp64_product} {ergonomic}
     bool UseCompressedOops                        = true                           {product lp64_product} {ergonomic}
     bool UseG1GC                                  = true                                      {product} {ergonomic}
     bool UseNUMA                                  = false                                     {product} {ergonomic}
     bool UseNUMAInterleaving                      = false                                     {product} {ergonomic}

Logging:
Log output configuration:
 #0: stdout all=warning uptime,level,tags
 #1: stderr all=off uptime,level,tags

Environment Variables:
PATH=/usr/local/bin:/usr/bin:/bin:/usr/sbin:/sbin:/usr/local/go/bin:/usr/local/share/dotnet:/Library/Apple/usr/bin:/Library/Frameworks/Mono.framework/Versions/Current/Commands
SHELL=/bin/zsh
LC_CTYPE=en_US.UTF-8

Signal Handlers:
   SIGSEGV: _ZL13crash_handleriP9__siginfoPv in libjvm.dylib, mask=11100110000111110111111111111111, flags=SA_RESTART|SA_SIGINFO
    SIGBUS: _ZL13crash_handleriP9__siginfoPv in libjvm.dylib, mask=11100110000111110111111111111111, flags=SA_RESTART|SA_SIGINFO
    SIGFPE: _ZL13crash_handleriP9__siginfoPv in libjvm.dylib, mask=11100110000111110111111111111111, flags=SA_RESTART|SA_SIGINFO
   SIGPIPE: _ZL17javaSignalHandleriP9__siginfoPv in libjvm.dylib, mask=11100110000111110111111111111111, flags=SA_RESTART|SA_SIGINFO
   SIGXFSZ: _ZL17javaSignalHandleriP9__siginfoPv in libjvm.dylib, mask=11100110000111110111111111111111, flags=SA_RESTART|SA_SIGINFO
    SIGILL: _ZL13crash_handleriP9__siginfoPv in libjvm.dylib, mask=11100110000111110111111111111111, flags=SA_RESTART|SA_SIGINFO
   SIGUSR2: _ZL10SR_handleriP9__siginfoP17__darwin_ucontext in libjvm.dylib, mask=00100000000000000000000000000000, flags=SA_RESTART|SA_SIGINFO
    SIGHUP: _ZL11UserHandleriPvS_ in libjvm.dylib, mask=11100110000111110111111111111111, flags=SA_RESTART|SA_SIGINFO
    SIGINT: _ZL11UserHandleriPvS_ in libjvm.dylib, mask=11100110000111110111111111111111, flags=SA_RESTART|SA_SIGINFO
   SIGTERM: _ZL11UserHandleriPvS_ in libjvm.dylib, mask=11100110000111110111111111111111, flags=SA_RESTART|SA_SIGINFO
   SIGQUIT: _ZL11UserHandleriPvS_ in libjvm.dylib, mask=11100110000111110111111111111111, flags=SA_RESTART|SA_SIGINFO
   SIGTRAP: _ZL13crash_handleriP9__siginfoPv in libjvm.dylib, mask=11100110000111110111111111111111, flags=SA_RESTART|SA_SIGINFO


---------------  S Y S T E M  ---------------

OS:
uname: Darwin 21.4.0 Darwin Kernel Version 21.4.0: Fri Mar 18 00:45:05 PDT 2022; root:xnu-8020.101.4~15/RELEASE_X86_64 x86_64
OS uptime: 0 days 18:43 hours
rlimit (soft/hard): STACK 8192k/65532k , CORE 0k/infinity , NPROC 2784/4176 , NOFILE 10240/infinity , AS infinity/infinity , CPU infinity/infinity , DATA infinity/infinity , FSIZE infinity/infinity , MEMLOCK infinity/infinity , RSS infinity/infinity
load average: 2.34 2.62 2.55

CPU: total 4 (initial active 4) (2 cores per cpu, 2 threads per core) family 6 model 142 stepping 9 microcode 0xec, cx8, cmov, fxsr, ht, mmx, 3dnowpref, sse, sse2, sse3, ssse3, sse4.1, sse4.2, popcnt, lzcnt, tsc, tscinvbit, avx, avx2, aes, erms, clmul, bmi1, bmi2, adx, fma, vzeroupper, clflush, clflushopt

Memory: 4k page, physical 16777216k(1655568k free), swap 2097152k(1677568k free)

vm_info: OpenJDK 64-Bit Server VM (17.0.2+8-86) for bsd-amd64 JRE (17.0.2+8-86), built on Dec  7 2021 21:47:33 by "mach5one" with clang Apple LLVM 12.0.0 (clang-1200.0.32.29)

END.
